The target system is: Android - 1 - mips64
The host system is: Darwin - 17.2.0 - x86_64
Compiling the CXX compiler identification source file "CMakeCXXCompilerId.cpp" succeeded.
Compiler: /Users/Chao/android-ndk-r10e/toolchains/mips64el-linux-android-4.9/prebuilt/darwin-x86_64/bin/mips64el-linux-android-g++ 
Build flags: -fexceptions;-frtti;-Wno-psabi;--sysroot=/Users/Chao/android-ndk-r10e/platforms/android-21/arch-mips64;-fno-strict-aliasing;-finline-functions;-funwind-tables;-fmessage-length=0;-fno-inline-functions-called-once;-fgcse-after-reload;-frerun-cse-after-loop;-frename-registers;-fsigned-char;-no-canonical-prefixes;-fdata-sections;-ffunction-sections;-Wa,--noexecstack;
Id flags:  

The output was:
0


Compilation of the CXX compiler identification source "CMakeCXXCompilerId.cpp" produced "a.out"

The CXX compiler identification is GNU, found in "/Users/Chao/opencv/build/build_service_mips64/CMakeFiles/3.9.4/CompilerIdCXX/a.out"

Compiling the C compiler identification source file "CMakeCCompilerId.c" succeeded.
Compiler: /Users/Chao/android-ndk-r10e/toolchains/mips64el-linux-android-4.9/prebuilt/darwin-x86_64/bin/mips64el-linux-android-gcc 
Build flags: -fexceptions;-Wno-psabi;--sysroot=/Users/Chao/android-ndk-r10e/platforms/android-21/arch-mips64;-fno-strict-aliasing;-finline-functions;-funwind-tables;-fmessage-length=0;-fno-inline-functions-called-once;-fgcse-after-reload;-frerun-cse-after-loop;-frename-registers;-fsigned-char;-no-canonical-prefixes;-fdata-sections;-ffunction-sections;-Wa,--noexecstack;
Id flags:  

The output was:
0


Compilation of the C compiler identification source "CMakeCCompilerId.c" produced "a.out"

The C compiler identification is GNU, found in "/Users/Chao/opencv/build/build_service_mips64/CMakeFiles/3.9.4/CompilerIdC/a.out"

Determining if the CXX compiler works passed with the following output:
Change Dir: /Users/Chao/opencv/build/build_service_mips64/CMakeFiles/CMakeTmp

Run Build Command:"/usr/local/bin/ninja" "cmTC_78827"
[1/2] Building CXX object CMakeFiles/cmTC_78827.dir/testCXXCompiler.cxx.o
[2/2] Linking CXX executable cmTC_78827


Detecting CXX compiler ABI info compiled with the following output:
Change Dir: /Users/Chao/opencv/build/build_service_mips64/CMakeFiles/CMakeTmp

Run Build Command:"/usr/local/bin/ninja" "cmTC_60227"
[1/2] Building CXX object CMakeFiles/cmTC_60227.dir/CMakeCXXCompilerABI.cpp.o
[2/2] Linking CXX executable cmTC_60227
Using built-in specs.
COLLECT_GCC=/Users/Chao/android-ndk-r10e/toolchains/mips64el-linux-android-4.9/prebuilt/darwin-x86_64/bin/mips64el-linux-android-gcc
COLLECT_LTO_WRAPPER=/Users/Chao/android-ndk-r10e/toolchains/mips64el-linux-android-4.9/prebuilt/darwin-x86_64/bin/../libexec/gcc/mips64el-linux-android/4.9/lto-wrapper
Target: mips64el-linux-android
Configured with: /s/ndk-toolchain/src/build/../gcc/gcc-4.9/configure --prefix=/tmp/ndk-User/build/toolchain/prefix --target=mips64el-linux-android --host=x86_64-apple-darwin --build=x86_64-apple-darwin --with-gnu-as --with-gnu-ld --enable-languages=c,c++ --with-gmp=/tmp/ndk-User/build/toolchain/temp-install --with-mpfr=/tmp/ndk-User/build/toolchain/temp-install --with-mpc=/tmp/ndk-User/build/toolchain/temp-install --with-cloog=/tmp/ndk-User/build/toolchain/temp-install --with-isl=/tmp/ndk-User/build/toolchain/temp-install --with-ppl=/tmp/ndk-User/build/toolchain/temp-install --disable-ppl-version-check --disable-cloog-version-check --disable-isl-version-check --enable-cloog-backend=isl --with-host-libstdcxx='-static-libgcc -lstdc++ -lm' --disable-libssp --enable-threads --disable-nls --disable-libmudflap --disable-libgomp --disable-libstdc__-v3 --disable-sjlj-exceptions --disable-shared --disable-tls --disable-libitm --enable-initfini-array --disable-nls --prefix=/tmp/ndk-User/build/toolchain/prefix --with-sysroot=/tmp/ndk-User/build/toolchain/prefix/sysroot --with-binutils-version=2.25 --with-mpfr-version=3.1.1 --with-mpc-version=1.0.1 --with-gmp-version=5.0.5 --with-gcc-version=4.9 --with-gdb-version=7.7 --with-python=/Users/User/mydroid/ndk/prebuilt/darwin-x86_64/bin/python-config.sh --with-gxx-include-dir=/tmp/ndk-User/build/toolchain/prefix/include/c++/4.9 --with-bugurl=http://source.android.com/source/report-bugs.html --enable-languages=c,c++ --disable-bootstrap --enable-plugins --enable-libgomp --enable-gnu-indirect-function --disable-libsanitizer --enable-graphite=yes --with-cloog-version=0.18.0 --with-isl-version=0.11.1 --enable-eh-frame-hdr-for-static --with-arch=mips64r6 --disable-fixed-point --program-transform-name='s&^&mips64el-linux-android-&'
Thread model: posix
gcc version 4.9 20140827 (prerelease) (GCC) 
COMPILER_PATH=/Users/Chao/android-ndk-r10e/toolchains/mips64el-linux-android-4.9/prebuilt/darwin-x86_64/bin/../libexec/gcc/mips64el-linux-android/4.9/:/Users/Chao/android-ndk-r10e/toolchains/mips64el-linux-android-4.9/prebuilt/darwin-x86_64/bin/../libexec/gcc/:/Users/Chao/android-ndk-r10e/toolchains/mips64el-linux-android-4.9/prebuilt/darwin-x86_64/bin/../lib/gcc/mips64el-linux-android/4.9/../../../../mips64el-linux-android/bin/
LIBRARY_PATH=/Users/Chao/android-ndk-r10e/toolchains/mips64el-linux-android-4.9/prebuilt/darwin-x86_64/bin/../lib/gcc/mips64el-linux-android/4.9/:/Users/Chao/android-ndk-r10e/toolchains/mips64el-linux-android-4.9/prebuilt/darwin-x86_64/bin/../lib/gcc/:/Users/Chao/android-ndk-r10e/toolchains/mips64el-linux-android-4.9/prebuilt/darwin-x86_64/bin/../lib/gcc/mips64el-linux-android/4.9/../../../../mips64el-linux-android/lib/../lib64/:/Users/Chao/android-ndk-r10e/platforms/android-21/arch-mips64/usr/lib64/../lib64/:/Users/Chao/android-ndk-r10e/toolchains/mips64el-linux-android-4.9/prebuilt/darwin-x86_64/bin/../lib/gcc/mips64el-linux-android/4.9/../../../../mips64el-linux-android/lib/:/Users/Chao/android-ndk-r10e/platforms/android-21/arch-mips64/usr/lib64/
COLLECT_GCC_OPTIONS='-fexceptions' '-frtti' '-Wno-psabi' '-fno-strict-aliasing' '-finline-functions' '-funwind-tables' '-fmessage-length=0' '-fno-inline-functions-called-once' '-fgcse-after-reload' '-frerun-cse-after-loop' '-frename-registers' '-fsigned-char' '-fdata-sections' '-ffunction-sections' '-fPIE' '-pie' '-v' '-o' 'cmTC_60227' '-L/libs/mips64' '-march=mips64r6' '-mllsc' '-mips64r6' '-msynci' '-mabi=64' '-mnan=2008' '-EL'
 /Users/Chao/android-ndk-r10e/toolchains/mips64el-linux-android-4.9/prebuilt/darwin-x86_64/bin/../libexec/gcc/mips64el-linux-android/4.9/collect2 -plugin /Users/Chao/android-ndk-r10e/toolchains/mips64el-linux-android-4.9/prebuilt/darwin-x86_64/bin/../libexec/gcc/mips64el-linux-android/4.9/liblto_plugin.so -plugin-opt=/Users/Chao/android-ndk-r10e/toolchains/mips64el-linux-android-4.9/prebuilt/darwin-x86_64/bin/../libexec/gcc/mips64el-linux-android/4.9/lto-wrapper -plugin-opt=-fresolution=/var/folders/84/7_y8dwv57nv49t5zn0dw9h5h0000gp/T//ccM2cbpK.res -plugin-opt=-pass-through=-lgcc -plugin-opt=-pass-through=-lc -plugin-opt=-pass-through=-ldl -plugin-opt=-pass-through=-lgcc --sysroot=/Users/Chao/android-ndk-r10e/platforms/android-21/arch-mips64 --eh-frame-hdr -EL -mips64r6 -dynamic-linker /system/bin/linker64 -melf64ltsmip -z noexecstack -z relro -z now -pie -o cmTC_60227 /Users/Chao/android-ndk-r10e/platforms/android-21/arch-mips64/usr/lib64/../lib64/crtbegin_dynamic.o -L/libs/mips64 -L/Users/Chao/android-ndk-r10e/toolchains/mips64el-linux-android-4.9/prebuilt/darwin-x86_64/bin/../lib/gcc/mips64el-linux-android/4.9 -L/Users/Chao/android-ndk-r10e/toolchains/mips64el-linux-android-4.9/prebuilt/darwin-x86_64/bin/../lib/gcc -L/Users/Chao/android-ndk-r10e/toolchains/mips64el-linux-android-4.9/prebuilt/darwin-x86_64/bin/../lib/gcc/mips64el-linux-android/4.9/../../../../mips64el-linux-android/lib/../lib64 -L/Users/Chao/android-ndk-r10e/platforms/android-21/arch-mips64/usr/lib64/../lib64 -L/Users/Chao/android-ndk-r10e/toolchains/mips64el-linux-android-4.9/prebuilt/darwin-x86_64/bin/../lib/gcc/mips64el-linux-android/4.9/../../../../mips64el-linux-android/lib -L/Users/Chao/android-ndk-r10e/platforms/android-21/arch-mips64/usr/lib64 --no-undefined --gc-sections -z noexecstack -z relro -z now -z nocopyreloc CMakeFiles/cmTC_60227.dir/CMakeCXXCompilerABI.cpp.o /Users/Chao/android-ndk-r10e/sources/cxx-stl/gnu-libstdc++/4.9/libs/mips64/libgnustl_static.a /Users/Chao/android-ndk-r10e/sources/cxx-stl/gnu-libstdc++/4.9/libs/mips64/libsupc++.a -lm -lgcc -lc -ldl -lgcc /Users/Chao/android-ndk-r10e/platforms/android-21/arch-mips64/usr/lib64/../lib64/crtend_android.o


Parsed CXX implicit link information from above output:
  link line regex: [^( *|.*[/\])(mips64el-linux-android-ld|CMAKE_LINK_STARTFILE-NOTFOUND|([^/\]+-)?ld|collect2)[^/\]*( |$)]
  ignore line: [Change Dir: /Users/Chao/opencv/build/build_service_mips64/CMakeFiles/CMakeTmp]
  ignore line: []
  ignore line: [Run Build Command:"/usr/local/bin/ninja" "cmTC_60227"]
  ignore line: [[1/2] Building CXX object CMakeFiles/cmTC_60227.dir/CMakeCXXCompilerABI.cpp.o]
  ignore line: [[2/2] Linking CXX executable cmTC_60227]
  ignore line: [Using built-in specs.]
  ignore line: [COLLECT_GCC=/Users/Chao/android-ndk-r10e/toolchains/mips64el-linux-android-4.9/prebuilt/darwin-x86_64/bin/mips64el-linux-android-gcc]
  ignore line: [COLLECT_LTO_WRAPPER=/Users/Chao/android-ndk-r10e/toolchains/mips64el-linux-android-4.9/prebuilt/darwin-x86_64/bin/../libexec/gcc/mips64el-linux-android/4.9/lto-wrapper]
  ignore line: [Target: mips64el-linux-android]
  ignore line: [Configured with: /s/ndk-toolchain/src/build/../gcc/gcc-4.9/configure --prefix=/tmp/ndk-User/build/toolchain/prefix --target=mips64el-linux-android --host=x86_64-apple-darwin --build=x86_64-apple-darwin --with-gnu-as --with-gnu-ld --enable-languages=c,c++ --with-gmp=/tmp/ndk-User/build/toolchain/temp-install --with-mpfr=/tmp/ndk-User/build/toolchain/temp-install --with-mpc=/tmp/ndk-User/build/toolchain/temp-install --with-cloog=/tmp/ndk-User/build/toolchain/temp-install --with-isl=/tmp/ndk-User/build/toolchain/temp-install --with-ppl=/tmp/ndk-User/build/toolchain/temp-install --disable-ppl-version-check --disable-cloog-version-check --disable-isl-version-check --enable-cloog-backend=isl --with-host-libstdcxx='-static-libgcc -lstdc++ -lm' --disable-libssp --enable-threads --disable-nls --disable-libmudflap --disable-libgomp --disable-libstdc__-v3 --disable-sjlj-exceptions --disable-shared --disable-tls --disable-libitm --enable-initfini-array --disable-nls --prefix=/tmp/ndk-User/build/toolchain/prefix --with-sysroot=/tmp/ndk-User/build/toolchain/prefix/sysroot --with-binutils-version=2.25 --with-mpfr-version=3.1.1 --with-mpc-version=1.0.1 --with-gmp-version=5.0.5 --with-gcc-version=4.9 --with-gdb-version=7.7 --with-python=/Users/User/mydroid/ndk/prebuilt/darwin-x86_64/bin/python-config.sh --with-gxx-include-dir=/tmp/ndk-User/build/toolchain/prefix/include/c++/4.9 --with-bugurl=http://source.android.com/source/report-bugs.html --enable-languages=c,c++ --disable-bootstrap --enable-plugins --enable-libgomp --enable-gnu-indirect-function --disable-libsanitizer --enable-graphite=yes --with-cloog-version=0.18.0 --with-isl-version=0.11.1 --enable-eh-frame-hdr-for-static --with-arch=mips64r6 --disable-fixed-point --program-transform-name='s&^&mips64el-linux-android-&']
  ignore line: [Thread model: posix]
  ignore line: [gcc version 4.9 20140827 (prerelease) (GCC) ]
  ignore line: [COMPILER_PATH=/Users/Chao/android-ndk-r10e/toolchains/mips64el-linux-android-4.9/prebuilt/darwin-x86_64/bin/../libexec/gcc/mips64el-linux-android/4.9/:/Users/Chao/android-ndk-r10e/toolchains/mips64el-linux-android-4.9/prebuilt/darwin-x86_64/bin/../libexec/gcc/:/Users/Chao/android-ndk-r10e/toolchains/mips64el-linux-android-4.9/prebuilt/darwin-x86_64/bin/../lib/gcc/mips64el-linux-android/4.9/../../../../mips64el-linux-android/bin/]
  ignore line: [LIBRARY_PATH=/Users/Chao/android-ndk-r10e/toolchains/mips64el-linux-android-4.9/prebuilt/darwin-x86_64/bin/../lib/gcc/mips64el-linux-android/4.9/:/Users/Chao/android-ndk-r10e/toolchains/mips64el-linux-android-4.9/prebuilt/darwin-x86_64/bin/../lib/gcc/:/Users/Chao/android-ndk-r10e/toolchains/mips64el-linux-android-4.9/prebuilt/darwin-x86_64/bin/../lib/gcc/mips64el-linux-android/4.9/../../../../mips64el-linux-android/lib/../lib64/:/Users/Chao/android-ndk-r10e/platforms/android-21/arch-mips64/usr/lib64/../lib64/:/Users/Chao/android-ndk-r10e/toolchains/mips64el-linux-android-4.9/prebuilt/darwin-x86_64/bin/../lib/gcc/mips64el-linux-android/4.9/../../../../mips64el-linux-android/lib/:/Users/Chao/android-ndk-r10e/platforms/android-21/arch-mips64/usr/lib64/]
  ignore line: [COLLECT_GCC_OPTIONS='-fexceptions' '-frtti' '-Wno-psabi' '-fno-strict-aliasing' '-finline-functions' '-funwind-tables' '-fmessage-length=0' '-fno-inline-functions-called-once' '-fgcse-after-reload' '-frerun-cse-after-loop' '-frename-registers' '-fsigned-char' '-fdata-sections' '-ffunction-sections' '-fPIE' '-pie' '-v' '-o' 'cmTC_60227' '-L/libs/mips64' '-march=mips64r6' '-mllsc' '-mips64r6' '-msynci' '-mabi=64' '-mnan=2008' '-EL']
  link line: [ /Users/Chao/android-ndk-r10e/toolchains/mips64el-linux-android-4.9/prebuilt/darwin-x86_64/bin/../libexec/gcc/mips64el-linux-android/4.9/collect2 -plugin /Users/Chao/android-ndk-r10e/toolchains/mips64el-linux-android-4.9/prebuilt/darwin-x86_64/bin/../libexec/gcc/mips64el-linux-android/4.9/liblto_plugin.so -plugin-opt=/Users/Chao/android-ndk-r10e/toolchains/mips64el-linux-android-4.9/prebuilt/darwin-x86_64/bin/../libexec/gcc/mips64el-linux-android/4.9/lto-wrapper -plugin-opt=-fresolution=/var/folders/84/7_y8dwv57nv49t5zn0dw9h5h0000gp/T//ccM2cbpK.res -plugin-opt=-pass-through=-lgcc -plugin-opt=-pass-through=-lc -plugin-opt=-pass-through=-ldl -plugin-opt=-pass-through=-lgcc --sysroot=/Users/Chao/android-ndk-r10e/platforms/android-21/arch-mips64 --eh-frame-hdr -EL -mips64r6 -dynamic-linker /system/bin/linker64 -melf64ltsmip -z noexecstack -z relro -z now -pie -o cmTC_60227 /Users/Chao/android-ndk-r10e/platforms/android-21/arch-mips64/usr/lib64/../lib64/crtbegin_dynamic.o -L/libs/mips64 -L/Users/Chao/android-ndk-r10e/toolchains/mips64el-linux-android-4.9/prebuilt/darwin-x86_64/bin/../lib/gcc/mips64el-linux-android/4.9 -L/Users/Chao/android-ndk-r10e/toolchains/mips64el-linux-android-4.9/prebuilt/darwin-x86_64/bin/../lib/gcc -L/Users/Chao/android-ndk-r10e/toolchains/mips64el-linux-android-4.9/prebuilt/darwin-x86_64/bin/../lib/gcc/mips64el-linux-android/4.9/../../../../mips64el-linux-android/lib/../lib64 -L/Users/Chao/android-ndk-r10e/platforms/android-21/arch-mips64/usr/lib64/../lib64 -L/Users/Chao/android-ndk-r10e/toolchains/mips64el-linux-android-4.9/prebuilt/darwin-x86_64/bin/../lib/gcc/mips64el-linux-android/4.9/../../../../mips64el-linux-android/lib -L/Users/Chao/android-ndk-r10e/platforms/android-21/arch-mips64/usr/lib64 --no-undefined --gc-sections -z noexecstack -z relro -z now -z nocopyreloc CMakeFiles/cmTC_60227.dir/CMakeCXXCompilerABI.cpp.o /Users/Chao/android-ndk-r10e/sources/cxx-stl/gnu-libstdc++/4.9/libs/mips64/libgnustl_static.a /Users/Chao/android-ndk-r10e/sources/cxx-stl/gnu-libstdc++/4.9/libs/mips64/libsupc++.a -lm -lgcc -lc -ldl -lgcc /Users/Chao/android-ndk-r10e/platforms/android-21/arch-mips64/usr/lib64/../lib64/crtend_android.o]
    arg [/Users/Chao/android-ndk-r10e/toolchains/mips64el-linux-android-4.9/prebuilt/darwin-x86_64/bin/../libexec/gcc/mips64el-linux-android/4.9/collect2] ==> ignore
    arg [-plugin] ==> ignore
    arg [/Users/Chao/android-ndk-r10e/toolchains/mips64el-linux-android-4.9/prebuilt/darwin-x86_64/bin/../libexec/gcc/mips64el-linux-android/4.9/liblto_plugin.so] ==> ignore
    arg [-plugin-opt=/Users/Chao/android-ndk-r10e/toolchains/mips64el-linux-android-4.9/prebuilt/darwin-x86_64/bin/../libexec/gcc/mips64el-linux-android/4.9/lto-wrapper] ==> ignore
    arg [-plugin-opt=-fresolution=/var/folders/84/7_y8dwv57nv49t5zn0dw9h5h0000gp/T//ccM2cbpK.res] ==> ignore
    arg [-plugin-opt=-pass-through=-lgcc] ==> ignore
    arg [-plugin-opt=-pass-through=-lc] ==> ignore
    arg [-plugin-opt=-pass-through=-ldl] ==> ignore
    arg [-plugin-opt=-pass-through=-lgcc] ==> ignore
    arg [--sysroot=/Users/Chao/android-ndk-r10e/platforms/android-21/arch-mips64] ==> ignore
    arg [--eh-frame-hdr] ==> ignore
    arg [-EL] ==> ignore
    arg [-mips64r6] ==> ignore
    arg [-dynamic-linker] ==> ignore
    arg [/system/bin/linker64] ==> ignore
    arg [-melf64ltsmip] ==> ignore
    arg [-znoexecstack] ==> ignore
    arg [-zrelro] ==> ignore
    arg [-znow] ==> ignore
    arg [-pie] ==> ignore
    arg [-o] ==> ignore
    arg [cmTC_60227] ==> ignore
    arg [/Users/Chao/android-ndk-r10e/platforms/android-21/arch-mips64/usr/lib64/../lib64/crtbegin_dynamic.o] ==> ignore
    arg [-L/libs/mips64] ==> dir [/libs/mips64]
    arg [-L/Users/Chao/android-ndk-r10e/toolchains/mips64el-linux-android-4.9/prebuilt/darwin-x86_64/bin/../lib/gcc/mips64el-linux-android/4.9] ==> dir [/Users/Chao/android-ndk-r10e/toolchains/mips64el-linux-android-4.9/prebuilt/darwin-x86_64/bin/../lib/gcc/mips64el-linux-android/4.9]
    arg [-L/Users/Chao/android-ndk-r10e/toolchains/mips64el-linux-android-4.9/prebuilt/darwin-x86_64/bin/../lib/gcc] ==> dir [/Users/Chao/android-ndk-r10e/toolchains/mips64el-linux-android-4.9/prebuilt/darwin-x86_64/bin/../lib/gcc]
    arg [-L/Users/Chao/android-ndk-r10e/toolchains/mips64el-linux-android-4.9/prebuilt/darwin-x86_64/bin/../lib/gcc/mips64el-linux-android/4.9/../../../../mips64el-linux-android/lib/../lib64] ==> dir [/Users/Chao/android-ndk-r10e/toolchains/mips64el-linux-android-4.9/prebuilt/darwin-x86_64/bin/../lib/gcc/mips64el-linux-android/4.9/../../../../mips64el-linux-android/lib/../lib64]
    arg [-L/Users/Chao/android-ndk-r10e/platforms/android-21/arch-mips64/usr/lib64/../lib64] ==> dir [/Users/Chao/android-ndk-r10e/platforms/android-21/arch-mips64/usr/lib64/../lib64]
    arg [-L/Users/Chao/android-ndk-r10e/toolchains/mips64el-linux-android-4.9/prebuilt/darwin-x86_64/bin/../lib/gcc/mips64el-linux-android/4.9/../../../../mips64el-linux-android/lib] ==> dir [/Users/Chao/android-ndk-r10e/toolchains/mips64el-linux-android-4.9/prebuilt/darwin-x86_64/bin/../lib/gcc/mips64el-linux-android/4.9/../../../../mips64el-linux-android/lib]
    arg [-L/Users/Chao/android-ndk-r10e/platforms/android-21/arch-mips64/usr/lib64] ==> dir [/Users/Chao/android-ndk-r10e/platforms/android-21/arch-mips64/usr/lib64]
    arg [--no-undefined] ==> ignore
    arg [--gc-sections] ==> ignore
    arg [-znoexecstack] ==> ignore
    arg [-zrelro] ==> ignore
    arg [-znow] ==> ignore
    arg [-znocopyreloc] ==> ignore
    arg [CMakeFiles/cmTC_60227.dir/CMakeCXXCompilerABI.cpp.o] ==> ignore
    arg [/Users/Chao/android-ndk-r10e/sources/cxx-stl/gnu-libstdc++/4.9/libs/mips64/libgnustl_static.a] ==> lib [/Users/Chao/android-ndk-r10e/sources/cxx-stl/gnu-libstdc++/4.9/libs/mips64/libgnustl_static.a]
    arg [/Users/Chao/android-ndk-r10e/sources/cxx-stl/gnu-libstdc++/4.9/libs/mips64/libsupc++.a] ==> lib [/Users/Chao/android-ndk-r10e/sources/cxx-stl/gnu-libstdc++/4.9/libs/mips64/libsupc++.a]
    arg [-lm] ==> lib [m]
    arg [-lgcc] ==> lib [gcc]
    arg [-lc] ==> lib [c]
    arg [-ldl] ==> lib [dl]
    arg [-lgcc] ==> lib [gcc]
    arg [/Users/Chao/android-ndk-r10e/platforms/android-21/arch-mips64/usr/lib64/../lib64/crtend_android.o] ==> ignore
  collapse library dir [/libs/mips64] ==> [/libs/mips64]
  collapse library dir [/Users/Chao/android-ndk-r10e/toolchains/mips64el-linux-android-4.9/prebuilt/darwin-x86_64/bin/../lib/gcc/mips64el-linux-android/4.9] ==> [/Users/Chao/android-ndk-r10e/toolchains/mips64el-linux-android-4.9/prebuilt/darwin-x86_64/lib/gcc/mips64el-linux-android/4.9]
  collapse library dir [/Users/Chao/android-ndk-r10e/toolchains/mips64el-linux-android-4.9/prebuilt/darwin-x86_64/bin/../lib/gcc] ==> [/Users/Chao/android-ndk-r10e/toolchains/mips64el-linux-android-4.9/prebuilt/darwin-x86_64/lib/gcc]
  collapse library dir [/Users/Chao/android-ndk-r10e/toolchains/mips64el-linux-android-4.9/prebuilt/darwin-x86_64/bin/../lib/gcc/mips64el-linux-android/4.9/../../../../mips64el-linux-android/lib/../lib64] ==> [/Users/Chao/android-ndk-r10e/toolchains/mips64el-linux-android-4.9/prebuilt/darwin-x86_64/mips64el-linux-android/lib64]
  collapse library dir [/Users/Chao/android-ndk-r10e/platforms/android-21/arch-mips64/usr/lib64/../lib64] ==> [/Users/Chao/android-ndk-r10e/platforms/android-21/arch-mips64/usr/lib64]
  collapse library dir [/Users/Chao/android-ndk-r10e/toolchains/mips64el-linux-android-4.9/prebuilt/darwin-x86_64/bin/../lib/gcc/mips64el-linux-android/4.9/../../../../mips64el-linux-android/lib] ==> [/Users/Chao/android-ndk-r10e/toolchains/mips64el-linux-android-4.9/prebuilt/darwin-x86_64/mips64el-linux-android/lib]
  collapse library dir [/Users/Chao/android-ndk-r10e/platforms/android-21/arch-mips64/usr/lib64] ==> [/Users/Chao/android-ndk-r10e/platforms/android-21/arch-mips64/usr/lib64]
  implicit libs: [/Users/Chao/android-ndk-r10e/sources/cxx-stl/gnu-libstdc++/4.9/libs/mips64/libgnustl_static.a;/Users/Chao/android-ndk-r10e/sources/cxx-stl/gnu-libstdc++/4.9/libs/mips64/libsupc++.a;m;gcc;c;dl;gcc]
  implicit dirs: [/libs/mips64;/Users/Chao/android-ndk-r10e/toolchains/mips64el-linux-android-4.9/prebuilt/darwin-x86_64/lib/gcc/mips64el-linux-android/4.9;/Users/Chao/android-ndk-r10e/toolchains/mips64el-linux-android-4.9/prebuilt/darwin-x86_64/lib/gcc;/Users/Chao/android-ndk-r10e/toolchains/mips64el-linux-android-4.9/prebuilt/darwin-x86_64/mips64el-linux-android/lib64;/Users/Chao/android-ndk-r10e/platforms/android-21/arch-mips64/usr/lib64;/Users/Chao/android-ndk-r10e/toolchains/mips64el-linux-android-4.9/prebuilt/darwin-x86_64/mips64el-linux-android/lib]
  implicit fwks: []




Detecting CXX [-std=c++14] compiler features compiled with the following output:
Change Dir: /Users/Chao/opencv/build/build_service_mips64/CMakeFiles/CMakeTmp

Run Build Command:"/usr/local/bin/ninja" "cmTC_28976"
[1/2] Building CXX object CMakeFiles/cmTC_28976.dir/feature_tests.cxx.o
[2/2] Linking CXX executable cmTC_28976


    Feature record: CXX_FEATURE:0cxx_aggregate_default_initializers
    Feature record: CXX_FEATURE:1cxx_alias_templates
    Feature record: CXX_FEATURE:1cxx_alignas
    Feature record: CXX_FEATURE:1cxx_alignof
    Feature record: CXX_FEATURE:1cxx_attributes
    Feature record: CXX_FEATURE:1cxx_attribute_deprecated
    Feature record: CXX_FEATURE:1cxx_auto_type
    Feature record: CXX_FEATURE:1cxx_binary_literals
    Feature record: CXX_FEATURE:1cxx_constexpr
    Feature record: CXX_FEATURE:1cxx_contextual_conversions
    Feature record: CXX_FEATURE:1cxx_decltype
    Feature record: CXX_FEATURE:1cxx_decltype_auto
    Feature record: CXX_FEATURE:1cxx_decltype_incomplete_return_types
    Feature record: CXX_FEATURE:1cxx_default_function_template_args
    Feature record: CXX_FEATURE:1cxx_defaulted_functions
    Feature record: CXX_FEATURE:1cxx_defaulted_move_initializers
    Feature record: CXX_FEATURE:1cxx_delegating_constructors
    Feature record: CXX_FEATURE:1cxx_deleted_functions
    Feature record: CXX_FEATURE:1cxx_digit_separators
    Feature record: CXX_FEATURE:1cxx_enum_forward_declarations
    Feature record: CXX_FEATURE:1cxx_explicit_conversions
    Feature record: CXX_FEATURE:1cxx_extended_friend_declarations
    Feature record: CXX_FEATURE:1cxx_extern_templates
    Feature record: CXX_FEATURE:1cxx_final
    Feature record: CXX_FEATURE:1cxx_func_identifier
    Feature record: CXX_FEATURE:1cxx_generalized_initializers
    Feature record: CXX_FEATURE:1cxx_generic_lambdas
    Feature record: CXX_FEATURE:1cxx_inheriting_constructors
    Feature record: CXX_FEATURE:1cxx_inline_namespaces
    Feature record: CXX_FEATURE:1cxx_lambdas
    Feature record: CXX_FEATURE:1cxx_lambda_init_captures
    Feature record: CXX_FEATURE:1cxx_local_type_template_args
    Feature record: CXX_FEATURE:1cxx_long_long_type
    Feature record: CXX_FEATURE:1cxx_noexcept
    Feature record: CXX_FEATURE:1cxx_nonstatic_member_init
    Feature record: CXX_FEATURE:1cxx_nullptr
    Feature record: CXX_FEATURE:1cxx_override
    Feature record: CXX_FEATURE:1cxx_range_for
    Feature record: CXX_FEATURE:1cxx_raw_string_literals
    Feature record: CXX_FEATURE:1cxx_reference_qualified_functions
    Feature record: CXX_FEATURE:0cxx_relaxed_constexpr
    Feature record: CXX_FEATURE:1cxx_return_type_deduction
    Feature record: CXX_FEATURE:1cxx_right_angle_brackets
    Feature record: CXX_FEATURE:1cxx_rvalue_references
    Feature record: CXX_FEATURE:1cxx_sizeof_member
    Feature record: CXX_FEATURE:1cxx_static_assert
    Feature record: CXX_FEATURE:1cxx_strong_enums
    Feature record: CXX_FEATURE:1cxx_template_template_parameters
    Feature record: CXX_FEATURE:1cxx_thread_local
    Feature record: CXX_FEATURE:1cxx_trailing_return_types
    Feature record: CXX_FEATURE:1cxx_unicode_literals
    Feature record: CXX_FEATURE:1cxx_uniform_initialization
    Feature record: CXX_FEATURE:1cxx_unrestricted_unions
    Feature record: CXX_FEATURE:1cxx_user_literals
    Feature record: CXX_FEATURE:0cxx_variable_templates
    Feature record: CXX_FEATURE:1cxx_variadic_macros
    Feature record: CXX_FEATURE:1cxx_variadic_templates


Detecting CXX [-std=c++11] compiler features compiled with the following output:
Change Dir: /Users/Chao/opencv/build/build_service_mips64/CMakeFiles/CMakeTmp

Run Build Command:"/usr/local/bin/ninja" "cmTC_0ee73"
[1/2] Building CXX object CMakeFiles/cmTC_0ee73.dir/feature_tests.cxx.o
[2/2] Linking CXX executable cmTC_0ee73


    Feature record: CXX_FEATURE:0cxx_aggregate_default_initializers
    Feature record: CXX_FEATURE:1cxx_alias_templates
    Feature record: CXX_FEATURE:1cxx_alignas
    Feature record: CXX_FEATURE:1cxx_alignof
    Feature record: CXX_FEATURE:1cxx_attributes
    Feature record: CXX_FEATURE:0cxx_attribute_deprecated
    Feature record: CXX_FEATURE:1cxx_auto_type
    Feature record: CXX_FEATURE:0cxx_binary_literals
    Feature record: CXX_FEATURE:1cxx_constexpr
    Feature record: CXX_FEATURE:0cxx_contextual_conversions
    Feature record: CXX_FEATURE:1cxx_decltype
    Feature record: CXX_FEATURE:0cxx_decltype_auto
    Feature record: CXX_FEATURE:1cxx_decltype_incomplete_return_types
    Feature record: CXX_FEATURE:1cxx_default_function_template_args
    Feature record: CXX_FEATURE:1cxx_defaulted_functions
    Feature record: CXX_FEATURE:1cxx_defaulted_move_initializers
    Feature record: CXX_FEATURE:1cxx_delegating_constructors
    Feature record: CXX_FEATURE:1cxx_deleted_functions
    Feature record: CXX_FEATURE:0cxx_digit_separators
    Feature record: CXX_FEATURE:1cxx_enum_forward_declarations
    Feature record: CXX_FEATURE:1cxx_explicit_conversions
    Feature record: CXX_FEATURE:1cxx_extended_friend_declarations
    Feature record: CXX_FEATURE:1cxx_extern_templates
    Feature record: CXX_FEATURE:1cxx_final
    Feature record: CXX_FEATURE:1cxx_func_identifier
    Feature record: CXX_FEATURE:1cxx_generalized_initializers
    Feature record: CXX_FEATURE:0cxx_generic_lambdas
    Feature record: CXX_FEATURE:1cxx_inheriting_constructors
    Feature record: CXX_FEATURE:1cxx_inline_namespaces
    Feature record: CXX_FEATURE:1cxx_lambdas
    Feature record: CXX_FEATURE:0cxx_lambda_init_captures
    Feature record: CXX_FEATURE:1cxx_local_type_template_args
    Feature record: CXX_FEATURE:1cxx_long_long_type
    Feature record: CXX_FEATURE:1cxx_noexcept
    Feature record: CXX_FEATURE:1cxx_nonstatic_member_init
    Feature record: CXX_FEATURE:1cxx_nullptr
    Feature record: CXX_FEATURE:1cxx_override
    Feature record: CXX_FEATURE:1cxx_range_for
    Feature record: CXX_FEATURE:1cxx_raw_string_literals
    Feature record: CXX_FEATURE:1cxx_reference_qualified_functions
    Feature record: CXX_FEATURE:0cxx_relaxed_constexpr
    Feature record: CXX_FEATURE:0cxx_return_type_deduction
    Feature record: CXX_FEATURE:1cxx_right_angle_brackets
    Feature record: CXX_FEATURE:1cxx_rvalue_references
    Feature record: CXX_FEATURE:1cxx_sizeof_member
    Feature record: CXX_FEATURE:1cxx_static_assert
    Feature record: CXX_FEATURE:1cxx_strong_enums
    Feature record: CXX_FEATURE:1cxx_template_template_parameters
    Feature record: CXX_FEATURE:1cxx_thread_local
    Feature record: CXX_FEATURE:1cxx_trailing_return_types
    Feature record: CXX_FEATURE:1cxx_unicode_literals
    Feature record: CXX_FEATURE:1cxx_uniform_initialization
    Feature record: CXX_FEATURE:1cxx_unrestricted_unions
    Feature record: CXX_FEATURE:1cxx_user_literals
    Feature record: CXX_FEATURE:0cxx_variable_templates
    Feature record: CXX_FEATURE:1cxx_variadic_macros
    Feature record: CXX_FEATURE:1cxx_variadic_templates


Detecting CXX [-std=c++98] compiler features compiled with the following output:
Change Dir: /Users/Chao/opencv/build/build_service_mips64/CMakeFiles/CMakeTmp

Run Build Command:"/usr/local/bin/ninja" "cmTC_08ce3"
[1/2] Building CXX object CMakeFiles/cmTC_08ce3.dir/feature_tests.cxx.o
[2/2] Linking CXX executable cmTC_08ce3


    Feature record: CXX_FEATURE:0cxx_aggregate_default_initializers
    Feature record: CXX_FEATURE:0cxx_alias_templates
    Feature record: CXX_FEATURE:0cxx_alignas
    Feature record: CXX_FEATURE:0cxx_alignof
    Feature record: CXX_FEATURE:0cxx_attributes
    Feature record: CXX_FEATURE:0cxx_attribute_deprecated
    Feature record: CXX_FEATURE:0cxx_auto_type
    Feature record: CXX_FEATURE:0cxx_binary_literals
    Feature record: CXX_FEATURE:0cxx_constexpr
    Feature record: CXX_FEATURE:0cxx_contextual_conversions
    Feature record: CXX_FEATURE:0cxx_decltype
    Feature record: CXX_FEATURE:0cxx_decltype_auto
    Feature record: CXX_FEATURE:0cxx_decltype_incomplete_return_types
    Feature record: CXX_FEATURE:0cxx_default_function_template_args
    Feature record: CXX_FEATURE:0cxx_defaulted_functions
    Feature record: CXX_FEATURE:0cxx_defaulted_move_initializers
    Feature record: CXX_FEATURE:0cxx_delegating_constructors
    Feature record: CXX_FEATURE:0cxx_deleted_functions
    Feature record: CXX_FEATURE:0cxx_digit_separators
    Feature record: CXX_FEATURE:0cxx_enum_forward_declarations
    Feature record: CXX_FEATURE:0cxx_explicit_conversions
    Feature record: CXX_FEATURE:0cxx_extended_friend_declarations
    Feature record: CXX_FEATURE:0cxx_extern_templates
    Feature record: CXX_FEATURE:0cxx_final
    Feature record: CXX_FEATURE:0cxx_func_identifier
    Feature record: CXX_FEATURE:0cxx_generalized_initializers
    Feature record: CXX_FEATURE:0cxx_generic_lambdas
    Feature record: CXX_FEATURE:0cxx_inheriting_constructors
    Feature record: CXX_FEATURE:0cxx_inline_namespaces
    Feature record: CXX_FEATURE:0cxx_lambdas
    Feature record: CXX_FEATURE:0cxx_lambda_init_captures
    Feature record: CXX_FEATURE:0cxx_local_type_template_args
    Feature record: CXX_FEATURE:0cxx_long_long_type
    Feature record: CXX_FEATURE:0cxx_noexcept
    Feature record: CXX_FEATURE:0cxx_nonstatic_member_init
    Feature record: CXX_FEATURE:0cxx_nullptr
    Feature record: CXX_FEATURE:0cxx_override
    Feature record: CXX_FEATURE:0cxx_range_for
    Feature record: CXX_FEATURE:0cxx_raw_string_literals
    Feature record: CXX_FEATURE:0cxx_reference_qualified_functions
    Feature record: CXX_FEATURE:0cxx_relaxed_constexpr
    Feature record: CXX_FEATURE:0cxx_return_type_deduction
    Feature record: CXX_FEATURE:0cxx_right_angle_brackets
    Feature record: CXX_FEATURE:0cxx_rvalue_references
    Feature record: CXX_FEATURE:0cxx_sizeof_member
    Feature record: CXX_FEATURE:0cxx_static_assert
    Feature record: CXX_FEATURE:0cxx_strong_enums
    Feature record: CXX_FEATURE:1cxx_template_template_parameters
    Feature record: CXX_FEATURE:0cxx_thread_local
    Feature record: CXX_FEATURE:0cxx_trailing_return_types
    Feature record: CXX_FEATURE:0cxx_unicode_literals
    Feature record: CXX_FEATURE:0cxx_uniform_initialization
    Feature record: CXX_FEATURE:0cxx_unrestricted_unions
    Feature record: CXX_FEATURE:0cxx_user_literals
    Feature record: CXX_FEATURE:0cxx_variable_templates
    Feature record: CXX_FEATURE:0cxx_variadic_macros
    Feature record: CXX_FEATURE:0cxx_variadic_templates
Determining if the C compiler works passed with the following output:
Change Dir: /Users/Chao/opencv/build/build_service_mips64/CMakeFiles/CMakeTmp

Run Build Command:"/usr/local/bin/ninja" "cmTC_1f484"
[1/2] Building C object CMakeFiles/cmTC_1f484.dir/testCCompiler.c.o
[2/2] Linking C executable cmTC_1f484


Detecting C compiler ABI info compiled with the following output:
Change Dir: /Users/Chao/opencv/build/build_service_mips64/CMakeFiles/CMakeTmp

Run Build Command:"/usr/local/bin/ninja" "cmTC_a1ce3"
[1/2] Building C object CMakeFiles/cmTC_a1ce3.dir/CMakeCCompilerABI.c.o
[2/2] Linking C executable cmTC_a1ce3
Using built-in specs.
COLLECT_GCC=/Users/Chao/android-ndk-r10e/toolchains/mips64el-linux-android-4.9/prebuilt/darwin-x86_64/bin/mips64el-linux-android-gcc
COLLECT_LTO_WRAPPER=/Users/Chao/android-ndk-r10e/toolchains/mips64el-linux-android-4.9/prebuilt/darwin-x86_64/bin/../libexec/gcc/mips64el-linux-android/4.9/lto-wrapper
Target: mips64el-linux-android
Configured with: /s/ndk-toolchain/src/build/../gcc/gcc-4.9/configure --prefix=/tmp/ndk-User/build/toolchain/prefix --target=mips64el-linux-android --host=x86_64-apple-darwin --build=x86_64-apple-darwin --with-gnu-as --with-gnu-ld --enable-languages=c,c++ --with-gmp=/tmp/ndk-User/build/toolchain/temp-install --with-mpfr=/tmp/ndk-User/build/toolchain/temp-install --with-mpc=/tmp/ndk-User/build/toolchain/temp-install --with-cloog=/tmp/ndk-User/build/toolchain/temp-install --with-isl=/tmp/ndk-User/build/toolchain/temp-install --with-ppl=/tmp/ndk-User/build/toolchain/temp-install --disable-ppl-version-check --disable-cloog-version-check --disable-isl-version-check --enable-cloog-backend=isl --with-host-libstdcxx='-static-libgcc -lstdc++ -lm' --disable-libssp --enable-threads --disable-nls --disable-libmudflap --disable-libgomp --disable-libstdc__-v3 --disable-sjlj-exceptions --disable-shared --disable-tls --disable-libitm --enable-initfini-array --disable-nls --prefix=/tmp/ndk-User/build/toolchain/prefix --with-sysroot=/tmp/ndk-User/build/toolchain/prefix/sysroot --with-binutils-version=2.25 --with-mpfr-version=3.1.1 --with-mpc-version=1.0.1 --with-gmp-version=5.0.5 --with-gcc-version=4.9 --with-gdb-version=7.7 --with-python=/Users/User/mydroid/ndk/prebuilt/darwin-x86_64/bin/python-config.sh --with-gxx-include-dir=/tmp/ndk-User/build/toolchain/prefix/include/c++/4.9 --with-bugurl=http://source.android.com/source/report-bugs.html --enable-languages=c,c++ --disable-bootstrap --enable-plugins --enable-libgomp --enable-gnu-indirect-function --disable-libsanitizer --enable-graphite=yes --with-cloog-version=0.18.0 --with-isl-version=0.11.1 --enable-eh-frame-hdr-for-static --with-arch=mips64r6 --disable-fixed-point --program-transform-name='s&^&mips64el-linux-android-&'
Thread model: posix
gcc version 4.9 20140827 (prerelease) (GCC) 
COMPILER_PATH=/Users/Chao/android-ndk-r10e/toolchains/mips64el-linux-android-4.9/prebuilt/darwin-x86_64/bin/../libexec/gcc/mips64el-linux-android/4.9/:/Users/Chao/android-ndk-r10e/toolchains/mips64el-linux-android-4.9/prebuilt/darwin-x86_64/bin/../libexec/gcc/:/Users/Chao/android-ndk-r10e/toolchains/mips64el-linux-android-4.9/prebuilt/darwin-x86_64/bin/../lib/gcc/mips64el-linux-android/4.9/../../../../mips64el-linux-android/bin/
LIBRARY_PATH=/Users/Chao/android-ndk-r10e/toolchains/mips64el-linux-android-4.9/prebuilt/darwin-x86_64/bin/../lib/gcc/mips64el-linux-android/4.9/:/Users/Chao/android-ndk-r10e/toolchains/mips64el-linux-android-4.9/prebuilt/darwin-x86_64/bin/../lib/gcc/:/Users/Chao/android-ndk-r10e/toolchains/mips64el-linux-android-4.9/prebuilt/darwin-x86_64/bin/../lib/gcc/mips64el-linux-android/4.9/../../../../mips64el-linux-android/lib/../lib64/:/Users/Chao/android-ndk-r10e/platforms/android-21/arch-mips64/usr/lib64/../lib64/:/Users/Chao/android-ndk-r10e/toolchains/mips64el-linux-android-4.9/prebuilt/darwin-x86_64/bin/../lib/gcc/mips64el-linux-android/4.9/../../../../mips64el-linux-android/lib/:/Users/Chao/android-ndk-r10e/platforms/android-21/arch-mips64/usr/lib64/
COLLECT_GCC_OPTIONS='-fexceptions' '-Wno-psabi' '-fno-strict-aliasing' '-finline-functions' '-funwind-tables' '-fmessage-length=0' '-fno-inline-functions-called-once' '-fgcse-after-reload' '-frerun-cse-after-loop' '-frename-registers' '-fsigned-char' '-fdata-sections' '-ffunction-sections' '-fPIE' '-pie' '-v' '-o' 'cmTC_a1ce3' '-L/libs/mips64' '-march=mips64r6' '-mllsc' '-mips64r6' '-msynci' '-mabi=64' '-mnan=2008' '-EL'
 /Users/Chao/android-ndk-r10e/toolchains/mips64el-linux-android-4.9/prebuilt/darwin-x86_64/bin/../libexec/gcc/mips64el-linux-android/4.9/collect2 -plugin /Users/Chao/android-ndk-r10e/toolchains/mips64el-linux-android-4.9/prebuilt/darwin-x86_64/bin/../libexec/gcc/mips64el-linux-android/4.9/liblto_plugin.so -plugin-opt=/Users/Chao/android-ndk-r10e/toolchains/mips64el-linux-android-4.9/prebuilt/darwin-x86_64/bin/../libexec/gcc/mips64el-linux-android/4.9/lto-wrapper -plugin-opt=-fresolution=/var/folders/84/7_y8dwv57nv49t5zn0dw9h5h0000gp/T//ccQtE2mF.res -plugin-opt=-pass-through=-lgcc -plugin-opt=-pass-through=-lc -plugin-opt=-pass-through=-ldl -plugin-opt=-pass-through=-lgcc --sysroot=/Users/Chao/android-ndk-r10e/platforms/android-21/arch-mips64 --eh-frame-hdr -EL -mips64r6 -dynamic-linker /system/bin/linker64 -melf64ltsmip -z noexecstack -z relro -z now -pie -o cmTC_a1ce3 /Users/Chao/android-ndk-r10e/platforms/android-21/arch-mips64/usr/lib64/../lib64/crtbegin_dynamic.o -L/libs/mips64 -L/Users/Chao/android-ndk-r10e/toolchains/mips64el-linux-android-4.9/prebuilt/darwin-x86_64/bin/../lib/gcc/mips64el-linux-android/4.9 -L/Users/Chao/android-ndk-r10e/toolchains/mips64el-linux-android-4.9/prebuilt/darwin-x86_64/bin/../lib/gcc -L/Users/Chao/android-ndk-r10e/toolchains/mips64el-linux-android-4.9/prebuilt/darwin-x86_64/bin/../lib/gcc/mips64el-linux-android/4.9/../../../../mips64el-linux-android/lib/../lib64 -L/Users/Chao/android-ndk-r10e/platforms/android-21/arch-mips64/usr/lib64/../lib64 -L/Users/Chao/android-ndk-r10e/toolchains/mips64el-linux-android-4.9/prebuilt/darwin-x86_64/bin/../lib/gcc/mips64el-linux-android/4.9/../../../../mips64el-linux-android/lib -L/Users/Chao/android-ndk-r10e/platforms/android-21/arch-mips64/usr/lib64 --no-undefined --gc-sections -z noexecstack -z relro -z now -z nocopyreloc CMakeFiles/cmTC_a1ce3.dir/CMakeCCompilerABI.c.o /Users/Chao/android-ndk-r10e/sources/cxx-stl/gnu-libstdc++/4.9/libs/mips64/libsupc++.a -lgcc -lc -ldl -lgcc /Users/Chao/android-ndk-r10e/platforms/android-21/arch-mips64/usr/lib64/../lib64/crtend_android.o


Parsed C implicit link information from above output:
  link line regex: [^( *|.*[/\])(mips64el-linux-android-ld|CMAKE_LINK_STARTFILE-NOTFOUND|([^/\]+-)?ld|collect2)[^/\]*( |$)]
  ignore line: [Change Dir: /Users/Chao/opencv/build/build_service_mips64/CMakeFiles/CMakeTmp]
  ignore line: []
  ignore line: [Run Build Command:"/usr/local/bin/ninja" "cmTC_a1ce3"]
  ignore line: [[1/2] Building C object CMakeFiles/cmTC_a1ce3.dir/CMakeCCompilerABI.c.o]
  ignore line: [[2/2] Linking C executable cmTC_a1ce3]
  ignore line: [Using built-in specs.]
  ignore line: [COLLECT_GCC=/Users/Chao/android-ndk-r10e/toolchains/mips64el-linux-android-4.9/prebuilt/darwin-x86_64/bin/mips64el-linux-android-gcc]
  ignore line: [COLLECT_LTO_WRAPPER=/Users/Chao/android-ndk-r10e/toolchains/mips64el-linux-android-4.9/prebuilt/darwin-x86_64/bin/../libexec/gcc/mips64el-linux-android/4.9/lto-wrapper]
  ignore line: [Target: mips64el-linux-android]
  ignore line: [Configured with: /s/ndk-toolchain/src/build/../gcc/gcc-4.9/configure --prefix=/tmp/ndk-User/build/toolchain/prefix --target=mips64el-linux-android --host=x86_64-apple-darwin --build=x86_64-apple-darwin --with-gnu-as --with-gnu-ld --enable-languages=c,c++ --with-gmp=/tmp/ndk-User/build/toolchain/temp-install --with-mpfr=/tmp/ndk-User/build/toolchain/temp-install --with-mpc=/tmp/ndk-User/build/toolchain/temp-install --with-cloog=/tmp/ndk-User/build/toolchain/temp-install --with-isl=/tmp/ndk-User/build/toolchain/temp-install --with-ppl=/tmp/ndk-User/build/toolchain/temp-install --disable-ppl-version-check --disable-cloog-version-check --disable-isl-version-check --enable-cloog-backend=isl --with-host-libstdcxx='-static-libgcc -lstdc++ -lm' --disable-libssp --enable-threads --disable-nls --disable-libmudflap --disable-libgomp --disable-libstdc__-v3 --disable-sjlj-exceptions --disable-shared --disable-tls --disable-libitm --enable-initfini-array --disable-nls --prefix=/tmp/ndk-User/build/toolchain/prefix --with-sysroot=/tmp/ndk-User/build/toolchain/prefix/sysroot --with-binutils-version=2.25 --with-mpfr-version=3.1.1 --with-mpc-version=1.0.1 --with-gmp-version=5.0.5 --with-gcc-version=4.9 --with-gdb-version=7.7 --with-python=/Users/User/mydroid/ndk/prebuilt/darwin-x86_64/bin/python-config.sh --with-gxx-include-dir=/tmp/ndk-User/build/toolchain/prefix/include/c++/4.9 --with-bugurl=http://source.android.com/source/report-bugs.html --enable-languages=c,c++ --disable-bootstrap --enable-plugins --enable-libgomp --enable-gnu-indirect-function --disable-libsanitizer --enable-graphite=yes --with-cloog-version=0.18.0 --with-isl-version=0.11.1 --enable-eh-frame-hdr-for-static --with-arch=mips64r6 --disable-fixed-point --program-transform-name='s&^&mips64el-linux-android-&']
  ignore line: [Thread model: posix]
  ignore line: [gcc version 4.9 20140827 (prerelease) (GCC) ]
  ignore line: [COMPILER_PATH=/Users/Chao/android-ndk-r10e/toolchains/mips64el-linux-android-4.9/prebuilt/darwin-x86_64/bin/../libexec/gcc/mips64el-linux-android/4.9/:/Users/Chao/android-ndk-r10e/toolchains/mips64el-linux-android-4.9/prebuilt/darwin-x86_64/bin/../libexec/gcc/:/Users/Chao/android-ndk-r10e/toolchains/mips64el-linux-android-4.9/prebuilt/darwin-x86_64/bin/../lib/gcc/mips64el-linux-android/4.9/../../../../mips64el-linux-android/bin/]
  ignore line: [LIBRARY_PATH=/Users/Chao/android-ndk-r10e/toolchains/mips64el-linux-android-4.9/prebuilt/darwin-x86_64/bin/../lib/gcc/mips64el-linux-android/4.9/:/Users/Chao/android-ndk-r10e/toolchains/mips64el-linux-android-4.9/prebuilt/darwin-x86_64/bin/../lib/gcc/:/Users/Chao/android-ndk-r10e/toolchains/mips64el-linux-android-4.9/prebuilt/darwin-x86_64/bin/../lib/gcc/mips64el-linux-android/4.9/../../../../mips64el-linux-android/lib/../lib64/:/Users/Chao/android-ndk-r10e/platforms/android-21/arch-mips64/usr/lib64/../lib64/:/Users/Chao/android-ndk-r10e/toolchains/mips64el-linux-android-4.9/prebuilt/darwin-x86_64/bin/../lib/gcc/mips64el-linux-android/4.9/../../../../mips64el-linux-android/lib/:/Users/Chao/android-ndk-r10e/platforms/android-21/arch-mips64/usr/lib64/]
  ignore line: [COLLECT_GCC_OPTIONS='-fexceptions' '-Wno-psabi' '-fno-strict-aliasing' '-finline-functions' '-funwind-tables' '-fmessage-length=0' '-fno-inline-functions-called-once' '-fgcse-after-reload' '-frerun-cse-after-loop' '-frename-registers' '-fsigned-char' '-fdata-sections' '-ffunction-sections' '-fPIE' '-pie' '-v' '-o' 'cmTC_a1ce3' '-L/libs/mips64' '-march=mips64r6' '-mllsc' '-mips64r6' '-msynci' '-mabi=64' '-mnan=2008' '-EL']
  link line: [ /Users/Chao/android-ndk-r10e/toolchains/mips64el-linux-android-4.9/prebuilt/darwin-x86_64/bin/../libexec/gcc/mips64el-linux-android/4.9/collect2 -plugin /Users/Chao/android-ndk-r10e/toolchains/mips64el-linux-android-4.9/prebuilt/darwin-x86_64/bin/../libexec/gcc/mips64el-linux-android/4.9/liblto_plugin.so -plugin-opt=/Users/Chao/android-ndk-r10e/toolchains/mips64el-linux-android-4.9/prebuilt/darwin-x86_64/bin/../libexec/gcc/mips64el-linux-android/4.9/lto-wrapper -plugin-opt=-fresolution=/var/folders/84/7_y8dwv57nv49t5zn0dw9h5h0000gp/T//ccQtE2mF.res -plugin-opt=-pass-through=-lgcc -plugin-opt=-pass-through=-lc -plugin-opt=-pass-through=-ldl -plugin-opt=-pass-through=-lgcc --sysroot=/Users/Chao/android-ndk-r10e/platforms/android-21/arch-mips64 --eh-frame-hdr -EL -mips64r6 -dynamic-linker /system/bin/linker64 -melf64ltsmip -z noexecstack -z relro -z now -pie -o cmTC_a1ce3 /Users/Chao/android-ndk-r10e/platforms/android-21/arch-mips64/usr/lib64/../lib64/crtbegin_dynamic.o -L/libs/mips64 -L/Users/Chao/android-ndk-r10e/toolchains/mips64el-linux-android-4.9/prebuilt/darwin-x86_64/bin/../lib/gcc/mips64el-linux-android/4.9 -L/Users/Chao/android-ndk-r10e/toolchains/mips64el-linux-android-4.9/prebuilt/darwin-x86_64/bin/../lib/gcc -L/Users/Chao/android-ndk-r10e/toolchains/mips64el-linux-android-4.9/prebuilt/darwin-x86_64/bin/../lib/gcc/mips64el-linux-android/4.9/../../../../mips64el-linux-android/lib/../lib64 -L/Users/Chao/android-ndk-r10e/platforms/android-21/arch-mips64/usr/lib64/../lib64 -L/Users/Chao/android-ndk-r10e/toolchains/mips64el-linux-android-4.9/prebuilt/darwin-x86_64/bin/../lib/gcc/mips64el-linux-android/4.9/../../../../mips64el-linux-android/lib -L/Users/Chao/android-ndk-r10e/platforms/android-21/arch-mips64/usr/lib64 --no-undefined --gc-sections -z noexecstack -z relro -z now -z nocopyreloc CMakeFiles/cmTC_a1ce3.dir/CMakeCCompilerABI.c.o /Users/Chao/android-ndk-r10e/sources/cxx-stl/gnu-libstdc++/4.9/libs/mips64/libsupc++.a -lgcc -lc -ldl -lgcc /Users/Chao/android-ndk-r10e/platforms/android-21/arch-mips64/usr/lib64/../lib64/crtend_android.o]
    arg [/Users/Chao/android-ndk-r10e/toolchains/mips64el-linux-android-4.9/prebuilt/darwin-x86_64/bin/../libexec/gcc/mips64el-linux-android/4.9/collect2] ==> ignore
    arg [-plugin] ==> ignore
    arg [/Users/Chao/android-ndk-r10e/toolchains/mips64el-linux-android-4.9/prebuilt/darwin-x86_64/bin/../libexec/gcc/mips64el-linux-android/4.9/liblto_plugin.so] ==> ignore
    arg [-plugin-opt=/Users/Chao/android-ndk-r10e/toolchains/mips64el-linux-android-4.9/prebuilt/darwin-x86_64/bin/../libexec/gcc/mips64el-linux-android/4.9/lto-wrapper] ==> ignore
    arg [-plugin-opt=-fresolution=/var/folders/84/7_y8dwv57nv49t5zn0dw9h5h0000gp/T//ccQtE2mF.res] ==> ignore
    arg [-plugin-opt=-pass-through=-lgcc] ==> ignore
    arg [-plugin-opt=-pass-through=-lc] ==> ignore
    arg [-plugin-opt=-pass-through=-ldl] ==> ignore
    arg [-plugin-opt=-pass-through=-lgcc] ==> ignore
    arg [--sysroot=/Users/Chao/android-ndk-r10e/platforms/android-21/arch-mips64] ==> ignore
    arg [--eh-frame-hdr] ==> ignore
    arg [-EL] ==> ignore
    arg [-mips64r6] ==> ignore
    arg [-dynamic-linker] ==> ignore
    arg [/system/bin/linker64] ==> ignore
    arg [-melf64ltsmip] ==> ignore
    arg [-znoexecstack] ==> ignore
    arg [-zrelro] ==> ignore
    arg [-znow] ==> ignore
    arg [-pie] ==> ignore
    arg [-o] ==> ignore
    arg [cmTC_a1ce3] ==> ignore
    arg [/Users/Chao/android-ndk-r10e/platforms/android-21/arch-mips64/usr/lib64/../lib64/crtbegin_dynamic.o] ==> ignore
    arg [-L/libs/mips64] ==> dir [/libs/mips64]
    arg [-L/Users/Chao/android-ndk-r10e/toolchains/mips64el-linux-android-4.9/prebuilt/darwin-x86_64/bin/../lib/gcc/mips64el-linux-android/4.9] ==> dir [/Users/Chao/android-ndk-r10e/toolchains/mips64el-linux-android-4.9/prebuilt/darwin-x86_64/bin/../lib/gcc/mips64el-linux-android/4.9]
    arg [-L/Users/Chao/android-ndk-r10e/toolchains/mips64el-linux-android-4.9/prebuilt/darwin-x86_64/bin/../lib/gcc] ==> dir [/Users/Chao/android-ndk-r10e/toolchains/mips64el-linux-android-4.9/prebuilt/darwin-x86_64/bin/../lib/gcc]
    arg [-L/Users/Chao/android-ndk-r10e/toolchains/mips64el-linux-android-4.9/prebuilt/darwin-x86_64/bin/../lib/gcc/mips64el-linux-android/4.9/../../../../mips64el-linux-android/lib/../lib64] ==> dir [/Users/Chao/android-ndk-r10e/toolchains/mips64el-linux-android-4.9/prebuilt/darwin-x86_64/bin/../lib/gcc/mips64el-linux-android/4.9/../../../../mips64el-linux-android/lib/../lib64]
    arg [-L/Users/Chao/android-ndk-r10e/platforms/android-21/arch-mips64/usr/lib64/../lib64] ==> dir [/Users/Chao/android-ndk-r10e/platforms/android-21/arch-mips64/usr/lib64/../lib64]
    arg [-L/Users/Chao/android-ndk-r10e/toolchains/mips64el-linux-android-4.9/prebuilt/darwin-x86_64/bin/../lib/gcc/mips64el-linux-android/4.9/../../../../mips64el-linux-android/lib] ==> dir [/Users/Chao/android-ndk-r10e/toolchains/mips64el-linux-android-4.9/prebuilt/darwin-x86_64/bin/../lib/gcc/mips64el-linux-android/4.9/../../../../mips64el-linux-android/lib]
    arg [-L/Users/Chao/android-ndk-r10e/platforms/android-21/arch-mips64/usr/lib64] ==> dir [/Users/Chao/android-ndk-r10e/platforms/android-21/arch-mips64/usr/lib64]
    arg [--no-undefined] ==> ignore
    arg [--gc-sections] ==> ignore
    arg [-znoexecstack] ==> ignore
    arg [-zrelro] ==> ignore
    arg [-znow] ==> ignore
    arg [-znocopyreloc] ==> ignore
    arg [CMakeFiles/cmTC_a1ce3.dir/CMakeCCompilerABI.c.o] ==> ignore
    arg [/Users/Chao/android-ndk-r10e/sources/cxx-stl/gnu-libstdc++/4.9/libs/mips64/libsupc++.a] ==> lib [/Users/Chao/android-ndk-r10e/sources/cxx-stl/gnu-libstdc++/4.9/libs/mips64/libsupc++.a]
    arg [-lgcc] ==> lib [gcc]
    arg [-lc] ==> lib [c]
    arg [-ldl] ==> lib [dl]
    arg [-lgcc] ==> lib [gcc]
    arg [/Users/Chao/android-ndk-r10e/platforms/android-21/arch-mips64/usr/lib64/../lib64/crtend_android.o] ==> ignore
  collapse library dir [/libs/mips64] ==> [/libs/mips64]
  collapse library dir [/Users/Chao/android-ndk-r10e/toolchains/mips64el-linux-android-4.9/prebuilt/darwin-x86_64/bin/../lib/gcc/mips64el-linux-android/4.9] ==> [/Users/Chao/android-ndk-r10e/toolchains/mips64el-linux-android-4.9/prebuilt/darwin-x86_64/lib/gcc/mips64el-linux-android/4.9]
  collapse library dir [/Users/Chao/android-ndk-r10e/toolchains/mips64el-linux-android-4.9/prebuilt/darwin-x86_64/bin/../lib/gcc] ==> [/Users/Chao/android-ndk-r10e/toolchains/mips64el-linux-android-4.9/prebuilt/darwin-x86_64/lib/gcc]
  collapse library dir [/Users/Chao/android-ndk-r10e/toolchains/mips64el-linux-android-4.9/prebuilt/darwin-x86_64/bin/../lib/gcc/mips64el-linux-android/4.9/../../../../mips64el-linux-android/lib/../lib64] ==> [/Users/Chao/android-ndk-r10e/toolchains/mips64el-linux-android-4.9/prebuilt/darwin-x86_64/mips64el-linux-android/lib64]
  collapse library dir [/Users/Chao/android-ndk-r10e/platforms/android-21/arch-mips64/usr/lib64/../lib64] ==> [/Users/Chao/android-ndk-r10e/platforms/android-21/arch-mips64/usr/lib64]
  collapse library dir [/Users/Chao/android-ndk-r10e/toolchains/mips64el-linux-android-4.9/prebuilt/darwin-x86_64/bin/../lib/gcc/mips64el-linux-android/4.9/../../../../mips64el-linux-android/lib] ==> [/Users/Chao/android-ndk-r10e/toolchains/mips64el-linux-android-4.9/prebuilt/darwin-x86_64/mips64el-linux-android/lib]
  collapse library dir [/Users/Chao/android-ndk-r10e/platforms/android-21/arch-mips64/usr/lib64] ==> [/Users/Chao/android-ndk-r10e/platforms/android-21/arch-mips64/usr/lib64]
  implicit libs: [/Users/Chao/android-ndk-r10e/sources/cxx-stl/gnu-libstdc++/4.9/libs/mips64/libsupc++.a;gcc;c;dl;gcc]
  implicit dirs: [/libs/mips64;/Users/Chao/android-ndk-r10e/toolchains/mips64el-linux-android-4.9/prebuilt/darwin-x86_64/lib/gcc/mips64el-linux-android/4.9;/Users/Chao/android-ndk-r10e/toolchains/mips64el-linux-android-4.9/prebuilt/darwin-x86_64/lib/gcc;/Users/Chao/android-ndk-r10e/toolchains/mips64el-linux-android-4.9/prebuilt/darwin-x86_64/mips64el-linux-android/lib64;/Users/Chao/android-ndk-r10e/platforms/android-21/arch-mips64/usr/lib64;/Users/Chao/android-ndk-r10e/toolchains/mips64el-linux-android-4.9/prebuilt/darwin-x86_64/mips64el-linux-android/lib]
  implicit fwks: []




Detecting C [-std=c11] compiler features compiled with the following output:
Change Dir: /Users/Chao/opencv/build/build_service_mips64/CMakeFiles/CMakeTmp

Run Build Command:"/usr/local/bin/ninja" "cmTC_61df3"
[1/2] Building C object CMakeFiles/cmTC_61df3.dir/feature_tests.c.o
[2/2] Linking C executable cmTC_61df3


    Feature record: C_FEATURE:1c_function_prototypes
    Feature record: C_FEATURE:1c_restrict
    Feature record: C_FEATURE:1c_static_assert
    Feature record: C_FEATURE:1c_variadic_macros


Detecting C [-std=c99] compiler features compiled with the following output:
Change Dir: /Users/Chao/opencv/build/build_service_mips64/CMakeFiles/CMakeTmp

Run Build Command:"/usr/local/bin/ninja" "cmTC_a29f8"
[1/2] Building C object CMakeFiles/cmTC_a29f8.dir/feature_tests.c.o
[2/2] Linking C executable cmTC_a29f8


    Feature record: C_FEATURE:1c_function_prototypes
    Feature record: C_FEATURE:1c_restrict
    Feature record: C_FEATURE:0c_static_assert
    Feature record: C_FEATURE:1c_variadic_macros


Detecting C [-std=c90] compiler features compiled with the following output:
Change Dir: /Users/Chao/opencv/build/build_service_mips64/CMakeFiles/CMakeTmp

Run Build Command:"/usr/local/bin/ninja" "cmTC_b56fb"
[1/2] Building C object CMakeFiles/cmTC_b56fb.dir/feature_tests.c.o
[2/2] Linking C executable cmTC_b56fb


    Feature record: C_FEATURE:1c_function_prototypes
    Feature record: C_FEATURE:0c_restrict
    Feature record: C_FEATURE:0c_static_assert
    Feature record: C_FEATURE:0c_variadic_macros
Determining if the include file pthread.h exists passed with the following output:
Change Dir: /Users/Chao/opencv/build/build_service_mips64/CMakeFiles/CMakeTmp

Run Build Command:"/usr/local/bin/ninja" "cmTC_a92b1"
[1/2] Building C object CMakeFiles/cmTC_a92b1.dir/CheckIncludeFile.c.o
[2/2] Linking C executable cmTC_a92b1


Determining if the posix_memalign exist passed with the following output:
Change Dir: /Users/Chao/opencv/build/build_service_mips64/CMakeFiles/CMakeTmp

Run Build Command:"/usr/local/bin/ninja" "cmTC_8951d"
[1/2] Building C object CMakeFiles/cmTC_8951d.dir/CheckSymbolExists.c.o
[2/2] Linking C executable cmTC_8951d

File /Users/Chao/opencv/build/build_service_mips64/CMakeFiles/CMakeTmp/CheckSymbolExists.c:
/* */
#include <stdlib.h>

int main(int argc, char** argv)
{
  (void)argv;
#ifndef posix_memalign
  return ((int*)(&posix_memalign))[argc];
#else
  (void)argc;
  return 0;
#endif
}

Determining if the include file malloc.h exists passed with the following output:
Change Dir: /Users/Chao/opencv/build/build_service_mips64/CMakeFiles/CMakeTmp

Run Build Command:"/usr/local/bin/ninja" "cmTC_b3a3b"
[1/2] Building C object CMakeFiles/cmTC_b3a3b.dir/CheckIncludeFile.c.o
[2/2] Linking C executable cmTC_b3a3b


Determining if the memalign exist passed with the following output:
Change Dir: /Users/Chao/opencv/build/build_service_mips64/CMakeFiles/CMakeTmp

Run Build Command:"/usr/local/bin/ninja" "cmTC_9d629"
[1/2] Building C object CMakeFiles/cmTC_9d629.dir/CheckSymbolExists.c.o
[2/2] Linking C executable cmTC_9d629

File /Users/Chao/opencv/build/build_service_mips64/CMakeFiles/CMakeTmp/CheckSymbolExists.c:
/* */
#include <malloc.h>

int main(int argc, char** argv)
{
  (void)argv;
#ifndef memalign
  return ((int*)(&memalign))[argc];
#else
  (void)argc;
  return 0;
#endif
}

Determining if the include file sys/types.h exists passed with the following output:
Change Dir: /Users/Chao/opencv/build/build_service_mips64/CMakeFiles/CMakeTmp

Run Build Command:"/usr/local/bin/ninja" "cmTC_16db3"
[1/2] Building C object CMakeFiles/cmTC_16db3.dir/CheckIncludeFile.c.o
[2/2] Linking C executable cmTC_16db3


Determining if the include file stdint.h exists passed with the following output:
Change Dir: /Users/Chao/opencv/build/build_service_mips64/CMakeFiles/CMakeTmp

Run Build Command:"/usr/local/bin/ninja" "cmTC_7b1f7"
[1/2] Building C object CMakeFiles/cmTC_7b1f7.dir/CheckIncludeFile.c.o
[2/2] Linking C executable cmTC_7b1f7


Determining if the include file stddef.h exists passed with the following output:
Change Dir: /Users/Chao/opencv/build/build_service_mips64/CMakeFiles/CMakeTmp

Run Build Command:"/usr/local/bin/ninja" "cmTC_77fa0"
[1/2] Building C object CMakeFiles/cmTC_77fa0.dir/CheckIncludeFile.c.o
[2/2] Linking C executable cmTC_77fa0


Determining size of unsigned short passed with the following output:
Change Dir: /Users/Chao/opencv/build/build_service_mips64/CMakeFiles/CMakeTmp

Run Build Command:"/usr/local/bin/ninja" "cmTC_d2256"
[1/2] Building C object CMakeFiles/cmTC_d2256.dir/CMAKE_SIZEOF_UNSIGNED_SHORT.c.o
[2/2] Linking C executable cmTC_d2256


Determining if the system is big endian passed with the following output:
Change Dir: /Users/Chao/opencv/build/build_service_mips64/CMakeFiles/CMakeTmp

Run Build Command:"/usr/local/bin/ninja" "cmTC_a725f"
[1/2] Building C object CMakeFiles/cmTC_a725f.dir/TestEndianess.c.o
[2/2] Linking C executable cmTC_a725f

TestEndianess.c:
/* A 16 bit integer is required. */
typedef unsigned short cmakeint16;

/* On a little endian machine, these 16bit ints will give "THIS IS LITTLE ENDIAN."
   On a big endian machine the characters will be exchanged pairwise. */
const cmakeint16 info_little[] =  {0x4854, 0x5349, 0x4920, 0x2053, 0x494c, 0x5454, 0x454c, 0x4520, 0x444e, 0x4149, 0x2e4e, 0x0000};

/* on a big endian machine, these 16bit ints will give "THIS IS BIG ENDIAN."
   On a little endian machine the characters will be exchanged pairwise. */
const cmakeint16 info_big[] =     {0x5448, 0x4953, 0x2049, 0x5320, 0x4249, 0x4720, 0x454e, 0x4449, 0x414e, 0x2e2e, 0x0000};

#ifdef __CLASSIC_C__
int main(argc, argv) int argc; char *argv[];
#else
int main(int argc, char *argv[])
#endif
{
  int require = 0;
  require += info_little[argc];
  require += info_big[argc];
  (void)argv;
  return require;
}


Determining if the include file assert.h exists passed with the following output:
Change Dir: /Users/Chao/opencv/build/build_service_mips64/CMakeFiles/CMakeTmp

Run Build Command:"/usr/local/bin/ninja" "cmTC_d8ec1"
[1/2] Building C object CMakeFiles/cmTC_d8ec1.dir/CheckIncludeFile.c.o
[2/2] Linking C executable cmTC_d8ec1


Determining if the include file fcntl.h exists passed with the following output:
Change Dir: /Users/Chao/opencv/build/build_service_mips64/CMakeFiles/CMakeTmp

Run Build Command:"/usr/local/bin/ninja" "cmTC_6cfcf"
[1/2] Building C object CMakeFiles/cmTC_6cfcf.dir/CheckIncludeFile.c.o
[2/2] Linking C executable cmTC_6cfcf


Determining if the include file search.h exists passed with the following output:
Change Dir: /Users/Chao/opencv/build/build_service_mips64/CMakeFiles/CMakeTmp

Run Build Command:"/usr/local/bin/ninja" "cmTC_14993"
[1/2] Building C object CMakeFiles/cmTC_14993.dir/CheckIncludeFile.c.o
[2/2] Linking C executable cmTC_14993


Determining if the include file string.h exists passed with the following output:
Change Dir: /Users/Chao/opencv/build/build_service_mips64/CMakeFiles/CMakeTmp

Run Build Command:"/usr/local/bin/ninja" "cmTC_a57c0"
[1/2] Building C object CMakeFiles/cmTC_a57c0.dir/CheckIncludeFile.c.o
[2/2] Linking C executable cmTC_a57c0


Determining if the include file unistd.h exists passed with the following output:
Change Dir: /Users/Chao/opencv/build/build_service_mips64/CMakeFiles/CMakeTmp

Run Build Command:"/usr/local/bin/ninja" "cmTC_8ff4e"
[1/2] Building C object CMakeFiles/cmTC_8ff4e.dir/CheckIncludeFile.c.o
[2/2] Linking C executable cmTC_8ff4e


Determining if the function mmap exists passed with the following output:
Change Dir: /Users/Chao/opencv/build/build_service_mips64/CMakeFiles/CMakeTmp

Run Build Command:"/usr/local/bin/ninja" "cmTC_ab88e"
[1/2] Building C object CMakeFiles/cmTC_ab88e.dir/CheckFunctionExists.c.o
[2/2] Linking C executable cmTC_ab88e


Determining if the include file semaphore.h exists passed with the following output:
Change Dir: /Users/Chao/opencv/build/build_service_mips64/CMakeFiles/CMakeTmp

Run Build Command:"/usr/local/bin/ninja" "cmTC_743bb"
[1/2] Building C object CMakeFiles/cmTC_743bb.dir/CheckIncludeFile.c.o
[2/2] Linking C executable cmTC_743bb


