The target system is: Android - 1 - x86_64
The host system is: Darwin - 16.7.0 - x86_64
Compiling the CXX compiler identification source file "CMakeCXXCompilerId.cpp" succeeded.
Compiler: /Users/Chao/android-ndk-r10e/toolchains/x86_64-4.9/prebuilt/darwin-x86_64/bin/x86_64-linux-android-g++ 
Build flags: -fexceptions;-frtti;--sysroot=/Users/Chao/android-ndk-r10e/platforms/android-21/arch-x86_64;-funwind-tables;-funswitch-loops;-finline-limit=300;-fsigned-char;-no-canonical-prefixes;-fdata-sections;-ffunction-sections;-Wa,--noexecstack;
Id flags:  

The output was:
0


Compilation of the CXX compiler identification source "CMakeCXXCompilerId.cpp" produced "a.out"

The CXX compiler identification is GNU, found in "/Users/Chao/opencv/build/build_service_x86_64/CMakeFiles/3.9.4/CompilerIdCXX/a.out"

Compiling the C compiler identification source file "CMakeCCompilerId.c" succeeded.
Compiler: /Users/Chao/android-ndk-r10e/toolchains/x86_64-4.9/prebuilt/darwin-x86_64/bin/x86_64-linux-android-gcc 
Build flags: -fexceptions;--sysroot=/Users/Chao/android-ndk-r10e/platforms/android-21/arch-x86_64;-funwind-tables;-funswitch-loops;-finline-limit=300;-fsigned-char;-no-canonical-prefixes;-fdata-sections;-ffunction-sections;-Wa,--noexecstack;
Id flags:  

The output was:
0


Compilation of the C compiler identification source "CMakeCCompilerId.c" produced "a.out"

The C compiler identification is GNU, found in "/Users/Chao/opencv/build/build_service_x86_64/CMakeFiles/3.9.4/CompilerIdC/a.out"

Determining if the CXX compiler works passed with the following output:
Change Dir: /Users/Chao/opencv/build/build_service_x86_64/CMakeFiles/CMakeTmp

Run Build Command:"/usr/local/bin/ninja" "cmTC_fd19e"
[1/2] Building CXX object CMakeFiles/cmTC_fd19e.dir/testCXXCompiler.cxx.o
[2/2] Linking CXX executable cmTC_fd19e


Detecting CXX compiler ABI info compiled with the following output:
Change Dir: /Users/Chao/opencv/build/build_service_x86_64/CMakeFiles/CMakeTmp

Run Build Command:"/usr/local/bin/ninja" "cmTC_e8cd3"
[1/2] Building CXX object CMakeFiles/cmTC_e8cd3.dir/CMakeCXXCompilerABI.cpp.o
[2/2] Linking CXX executable cmTC_e8cd3
Using built-in specs.
COLLECT_GCC=/Users/Chao/android-ndk-r10e/toolchains/x86_64-4.9/prebuilt/darwin-x86_64/bin/x86_64-linux-android-gcc
COLLECT_LTO_WRAPPER=/Users/Chao/android-ndk-r10e/toolchains/x86_64-4.9/prebuilt/darwin-x86_64/bin/../libexec/gcc/x86_64-linux-android/4.9/lto-wrapper
Target: x86_64-linux-android
Configured with: /s/ndk-toolchain/src/build/../gcc/gcc-4.9/configure --prefix=/tmp/ndk-User/build/toolchain/prefix --target=x86_64-linux-android --host=x86_64-apple-darwin --build=x86_64-apple-darwin --with-gnu-as --with-gnu-ld --enable-languages=c,c++ --with-gmp=/tmp/ndk-User/build/toolchain/temp-install --with-mpfr=/tmp/ndk-User/build/toolchain/temp-install --with-mpc=/tmp/ndk-User/build/toolchain/temp-install --with-cloog=/tmp/ndk-User/build/toolchain/temp-install --with-isl=/tmp/ndk-User/build/toolchain/temp-install --with-ppl=/tmp/ndk-User/build/toolchain/temp-install --disable-ppl-version-check --disable-cloog-version-check --disable-isl-version-check --enable-cloog-backend=isl --with-host-libstdcxx='-static-libgcc -lstdc++ -lm' --disable-libssp --enable-threads --disable-nls --disable-libmudflap --disable-libgomp --disable-libstdc__-v3 --disable-sjlj-exceptions --disable-shared --disable-tls --disable-libitm --with-arch=x86-64 --with-tune=intel --with-fpmath=sse --with-multilib-list=m32,m64,mx32 --enable-initfini-array --disable-nls --prefix=/tmp/ndk-User/build/toolchain/prefix --with-sysroot=/tmp/ndk-User/build/toolchain/prefix/sysroot --with-binutils-version=2.25 --with-mpfr-version=3.1.1 --with-mpc-version=1.0.1 --with-gmp-version=5.0.5 --with-gcc-version=4.9 --with-gdb-version=7.7 --with-python=/Users/User/mydroid/ndk/prebuilt/darwin-x86_64/bin/python-config.sh --with-gxx-include-dir=/tmp/ndk-User/build/toolchain/prefix/include/c++/4.9 --with-bugurl=http://source.android.com/source/report-bugs.html --enable-languages=c,c++ --disable-bootstrap --enable-plugins --enable-libgomp --enable-gnu-indirect-function --disable-libcilkrts --disable-libsanitizer --enable-gold --enable-threads --enable-graphite=yes --with-cloog-version=0.18.0 --with-isl-version=0.11.1 --enable-eh-frame-hdr-for-static --program-transform-name='s&^&x86_64-linux-android-&' --enable-gold=default
Thread model: posix
gcc version 4.9 20140827 (prerelease) (GCC) 
COMPILER_PATH=/Users/Chao/android-ndk-r10e/toolchains/x86_64-4.9/prebuilt/darwin-x86_64/bin/../libexec/gcc/x86_64-linux-android/4.9/:/Users/Chao/android-ndk-r10e/toolchains/x86_64-4.9/prebuilt/darwin-x86_64/bin/../libexec/gcc/:/Users/Chao/android-ndk-r10e/toolchains/x86_64-4.9/prebuilt/darwin-x86_64/bin/../lib/gcc/x86_64-linux-android/4.9/../../../../x86_64-linux-android/bin/
LIBRARY_PATH=/Users/Chao/android-ndk-r10e/toolchains/x86_64-4.9/prebuilt/darwin-x86_64/bin/../lib/gcc/x86_64-linux-android/4.9/:/Users/Chao/android-ndk-r10e/toolchains/x86_64-4.9/prebuilt/darwin-x86_64/bin/../lib/gcc/:/Users/Chao/android-ndk-r10e/toolchains/x86_64-4.9/prebuilt/darwin-x86_64/bin/../lib/gcc/x86_64-linux-android/4.9/../../../../x86_64-linux-android/lib/../lib64/:/Users/Chao/android-ndk-r10e/platforms/android-21/arch-x86_64/usr/lib/../lib64/:/Users/Chao/android-ndk-r10e/toolchains/x86_64-4.9/prebuilt/darwin-x86_64/bin/../lib/gcc/x86_64-linux-android/4.9/../../../../x86_64-linux-android/lib/:/Users/Chao/android-ndk-r10e/platforms/android-21/arch-x86_64/usr/lib/
COLLECT_GCC_OPTIONS='-fexceptions' '-frtti' '-funwind-tables' '-funswitch-loops' '-finline-limit=300' '-fsigned-char' '-fdata-sections' '-ffunction-sections' '-fPIE' '-pie' '-v' '-o' 'cmTC_e8cd3' '-L/libs/x86_64' '-mtune=intel' '-march=x86-64'
 /Users/Chao/android-ndk-r10e/toolchains/x86_64-4.9/prebuilt/darwin-x86_64/bin/../libexec/gcc/x86_64-linux-android/4.9/collect2 -plugin /Users/Chao/android-ndk-r10e/toolchains/x86_64-4.9/prebuilt/darwin-x86_64/bin/../libexec/gcc/x86_64-linux-android/4.9/liblto_plugin.so -plugin-opt=/Users/Chao/android-ndk-r10e/toolchains/x86_64-4.9/prebuilt/darwin-x86_64/bin/../libexec/gcc/x86_64-linux-android/4.9/lto-wrapper -plugin-opt=-fresolution=/var/folders/84/7_y8dwv57nv49t5zn0dw9h5h0000gp/T//ccQ0bU6g.res -plugin-opt=-pass-through=-lgcc -plugin-opt=-pass-through=-lc -plugin-opt=-pass-through=-ldl -plugin-opt=-pass-through=-lgcc --sysroot=/Users/Chao/android-ndk-r10e/platforms/android-21/arch-x86_64 --eh-frame-hdr -m elf_x86_64 -dynamic-linker /system/bin/linker64 -z noexecstack -z relro -z now -pie -o cmTC_e8cd3 /Users/Chao/android-ndk-r10e/platforms/android-21/arch-x86_64/usr/lib/../lib64/crtbegin_dynamic.o -L/libs/x86_64 -L/Users/Chao/android-ndk-r10e/toolchains/x86_64-4.9/prebuilt/darwin-x86_64/bin/../lib/gcc/x86_64-linux-android/4.9 -L/Users/Chao/android-ndk-r10e/toolchains/x86_64-4.9/prebuilt/darwin-x86_64/bin/../lib/gcc -L/Users/Chao/android-ndk-r10e/toolchains/x86_64-4.9/prebuilt/darwin-x86_64/bin/../lib/gcc/x86_64-linux-android/4.9/../../../../x86_64-linux-android/lib/../lib64 -L/Users/Chao/android-ndk-r10e/platforms/android-21/arch-x86_64/usr/lib/../lib64 -L/Users/Chao/android-ndk-r10e/toolchains/x86_64-4.9/prebuilt/darwin-x86_64/bin/../lib/gcc/x86_64-linux-android/4.9/../../../../x86_64-linux-android/lib -L/Users/Chao/android-ndk-r10e/platforms/android-21/arch-x86_64/usr/lib --no-undefined --gc-sections -z noexecstack -z relro -z now -z nocopyreloc CMakeFiles/cmTC_e8cd3.dir/CMakeCXXCompilerABI.cpp.o /Users/Chao/android-ndk-r10e/sources/cxx-stl/gnu-libstdc++/4.9/libs/x86_64/libgnustl_static.a /Users/Chao/android-ndk-r10e/sources/cxx-stl/gnu-libstdc++/4.9/libs/x86_64/libsupc++.a -lm -lgcc -lc -ldl -lgcc /Users/Chao/android-ndk-r10e/platforms/android-21/arch-x86_64/usr/lib/../lib64/crtend_android.o


Parsed CXX implicit link information from above output:
  link line regex: [^( *|.*[/\])(x86_64-linux-android-ld|CMAKE_LINK_STARTFILE-NOTFOUND|([^/\]+-)?ld|collect2)[^/\]*( |$)]
  ignore line: [Change Dir: /Users/Chao/opencv/build/build_service_x86_64/CMakeFiles/CMakeTmp]
  ignore line: []
  ignore line: [Run Build Command:"/usr/local/bin/ninja" "cmTC_e8cd3"]
  ignore line: [[1/2] Building CXX object CMakeFiles/cmTC_e8cd3.dir/CMakeCXXCompilerABI.cpp.o]
  ignore line: [[2/2] Linking CXX executable cmTC_e8cd3]
  ignore line: [Using built-in specs.]
  ignore line: [COLLECT_GCC=/Users/Chao/android-ndk-r10e/toolchains/x86_64-4.9/prebuilt/darwin-x86_64/bin/x86_64-linux-android-gcc]
  ignore line: [COLLECT_LTO_WRAPPER=/Users/Chao/android-ndk-r10e/toolchains/x86_64-4.9/prebuilt/darwin-x86_64/bin/../libexec/gcc/x86_64-linux-android/4.9/lto-wrapper]
  ignore line: [Target: x86_64-linux-android]
  ignore line: [Configured with: /s/ndk-toolchain/src/build/../gcc/gcc-4.9/configure --prefix=/tmp/ndk-User/build/toolchain/prefix --target=x86_64-linux-android --host=x86_64-apple-darwin --build=x86_64-apple-darwin --with-gnu-as --with-gnu-ld --enable-languages=c,c++ --with-gmp=/tmp/ndk-User/build/toolchain/temp-install --with-mpfr=/tmp/ndk-User/build/toolchain/temp-install --with-mpc=/tmp/ndk-User/build/toolchain/temp-install --with-cloog=/tmp/ndk-User/build/toolchain/temp-install --with-isl=/tmp/ndk-User/build/toolchain/temp-install --with-ppl=/tmp/ndk-User/build/toolchain/temp-install --disable-ppl-version-check --disable-cloog-version-check --disable-isl-version-check --enable-cloog-backend=isl --with-host-libstdcxx='-static-libgcc -lstdc++ -lm' --disable-libssp --enable-threads --disable-nls --disable-libmudflap --disable-libgomp --disable-libstdc__-v3 --disable-sjlj-exceptions --disable-shared --disable-tls --disable-libitm --with-arch=x86-64 --with-tune=intel --with-fpmath=sse --with-multilib-list=m32,m64,mx32 --enable-initfini-array --disable-nls --prefix=/tmp/ndk-User/build/toolchain/prefix --with-sysroot=/tmp/ndk-User/build/toolchain/prefix/sysroot --with-binutils-version=2.25 --with-mpfr-version=3.1.1 --with-mpc-version=1.0.1 --with-gmp-version=5.0.5 --with-gcc-version=4.9 --with-gdb-version=7.7 --with-python=/Users/User/mydroid/ndk/prebuilt/darwin-x86_64/bin/python-config.sh --with-gxx-include-dir=/tmp/ndk-User/build/toolchain/prefix/include/c++/4.9 --with-bugurl=http://source.android.com/source/report-bugs.html --enable-languages=c,c++ --disable-bootstrap --enable-plugins --enable-libgomp --enable-gnu-indirect-function --disable-libcilkrts --disable-libsanitizer --enable-gold --enable-threads --enable-graphite=yes --with-cloog-version=0.18.0 --with-isl-version=0.11.1 --enable-eh-frame-hdr-for-static --program-transform-name='s&^&x86_64-linux-android-&' --enable-gold=default]
  ignore line: [Thread model: posix]
  ignore line: [gcc version 4.9 20140827 (prerelease) (GCC) ]
  ignore line: [COMPILER_PATH=/Users/Chao/android-ndk-r10e/toolchains/x86_64-4.9/prebuilt/darwin-x86_64/bin/../libexec/gcc/x86_64-linux-android/4.9/:/Users/Chao/android-ndk-r10e/toolchains/x86_64-4.9/prebuilt/darwin-x86_64/bin/../libexec/gcc/:/Users/Chao/android-ndk-r10e/toolchains/x86_64-4.9/prebuilt/darwin-x86_64/bin/../lib/gcc/x86_64-linux-android/4.9/../../../../x86_64-linux-android/bin/]
  ignore line: [LIBRARY_PATH=/Users/Chao/android-ndk-r10e/toolchains/x86_64-4.9/prebuilt/darwin-x86_64/bin/../lib/gcc/x86_64-linux-android/4.9/:/Users/Chao/android-ndk-r10e/toolchains/x86_64-4.9/prebuilt/darwin-x86_64/bin/../lib/gcc/:/Users/Chao/android-ndk-r10e/toolchains/x86_64-4.9/prebuilt/darwin-x86_64/bin/../lib/gcc/x86_64-linux-android/4.9/../../../../x86_64-linux-android/lib/../lib64/:/Users/Chao/android-ndk-r10e/platforms/android-21/arch-x86_64/usr/lib/../lib64/:/Users/Chao/android-ndk-r10e/toolchains/x86_64-4.9/prebuilt/darwin-x86_64/bin/../lib/gcc/x86_64-linux-android/4.9/../../../../x86_64-linux-android/lib/:/Users/Chao/android-ndk-r10e/platforms/android-21/arch-x86_64/usr/lib/]
  ignore line: [COLLECT_GCC_OPTIONS='-fexceptions' '-frtti' '-funwind-tables' '-funswitch-loops' '-finline-limit=300' '-fsigned-char' '-fdata-sections' '-ffunction-sections' '-fPIE' '-pie' '-v' '-o' 'cmTC_e8cd3' '-L/libs/x86_64' '-mtune=intel' '-march=x86-64']
  link line: [ /Users/Chao/android-ndk-r10e/toolchains/x86_64-4.9/prebuilt/darwin-x86_64/bin/../libexec/gcc/x86_64-linux-android/4.9/collect2 -plugin /Users/Chao/android-ndk-r10e/toolchains/x86_64-4.9/prebuilt/darwin-x86_64/bin/../libexec/gcc/x86_64-linux-android/4.9/liblto_plugin.so -plugin-opt=/Users/Chao/android-ndk-r10e/toolchains/x86_64-4.9/prebuilt/darwin-x86_64/bin/../libexec/gcc/x86_64-linux-android/4.9/lto-wrapper -plugin-opt=-fresolution=/var/folders/84/7_y8dwv57nv49t5zn0dw9h5h0000gp/T//ccQ0bU6g.res -plugin-opt=-pass-through=-lgcc -plugin-opt=-pass-through=-lc -plugin-opt=-pass-through=-ldl -plugin-opt=-pass-through=-lgcc --sysroot=/Users/Chao/android-ndk-r10e/platforms/android-21/arch-x86_64 --eh-frame-hdr -m elf_x86_64 -dynamic-linker /system/bin/linker64 -z noexecstack -z relro -z now -pie -o cmTC_e8cd3 /Users/Chao/android-ndk-r10e/platforms/android-21/arch-x86_64/usr/lib/../lib64/crtbegin_dynamic.o -L/libs/x86_64 -L/Users/Chao/android-ndk-r10e/toolchains/x86_64-4.9/prebuilt/darwin-x86_64/bin/../lib/gcc/x86_64-linux-android/4.9 -L/Users/Chao/android-ndk-r10e/toolchains/x86_64-4.9/prebuilt/darwin-x86_64/bin/../lib/gcc -L/Users/Chao/android-ndk-r10e/toolchains/x86_64-4.9/prebuilt/darwin-x86_64/bin/../lib/gcc/x86_64-linux-android/4.9/../../../../x86_64-linux-android/lib/../lib64 -L/Users/Chao/android-ndk-r10e/platforms/android-21/arch-x86_64/usr/lib/../lib64 -L/Users/Chao/android-ndk-r10e/toolchains/x86_64-4.9/prebuilt/darwin-x86_64/bin/../lib/gcc/x86_64-linux-android/4.9/../../../../x86_64-linux-android/lib -L/Users/Chao/android-ndk-r10e/platforms/android-21/arch-x86_64/usr/lib --no-undefined --gc-sections -z noexecstack -z relro -z now -z nocopyreloc CMakeFiles/cmTC_e8cd3.dir/CMakeCXXCompilerABI.cpp.o /Users/Chao/android-ndk-r10e/sources/cxx-stl/gnu-libstdc++/4.9/libs/x86_64/libgnustl_static.a /Users/Chao/android-ndk-r10e/sources/cxx-stl/gnu-libstdc++/4.9/libs/x86_64/libsupc++.a -lm -lgcc -lc -ldl -lgcc /Users/Chao/android-ndk-r10e/platforms/android-21/arch-x86_64/usr/lib/../lib64/crtend_android.o]
    arg [/Users/Chao/android-ndk-r10e/toolchains/x86_64-4.9/prebuilt/darwin-x86_64/bin/../libexec/gcc/x86_64-linux-android/4.9/collect2] ==> ignore
    arg [-plugin] ==> ignore
    arg [/Users/Chao/android-ndk-r10e/toolchains/x86_64-4.9/prebuilt/darwin-x86_64/bin/../libexec/gcc/x86_64-linux-android/4.9/liblto_plugin.so] ==> ignore
    arg [-plugin-opt=/Users/Chao/android-ndk-r10e/toolchains/x86_64-4.9/prebuilt/darwin-x86_64/bin/../libexec/gcc/x86_64-linux-android/4.9/lto-wrapper] ==> ignore
    arg [-plugin-opt=-fresolution=/var/folders/84/7_y8dwv57nv49t5zn0dw9h5h0000gp/T//ccQ0bU6g.res] ==> ignore
    arg [-plugin-opt=-pass-through=-lgcc] ==> ignore
    arg [-plugin-opt=-pass-through=-lc] ==> ignore
    arg [-plugin-opt=-pass-through=-ldl] ==> ignore
    arg [-plugin-opt=-pass-through=-lgcc] ==> ignore
    arg [--sysroot=/Users/Chao/android-ndk-r10e/platforms/android-21/arch-x86_64] ==> ignore
    arg [--eh-frame-hdr] ==> ignore
    arg [-m] ==> ignore
    arg [elf_x86_64] ==> ignore
    arg [-dynamic-linker] ==> ignore
    arg [/system/bin/linker64] ==> ignore
    arg [-znoexecstack] ==> ignore
    arg [-zrelro] ==> ignore
    arg [-znow] ==> ignore
    arg [-pie] ==> ignore
    arg [-o] ==> ignore
    arg [cmTC_e8cd3] ==> ignore
    arg [/Users/Chao/android-ndk-r10e/platforms/android-21/arch-x86_64/usr/lib/../lib64/crtbegin_dynamic.o] ==> ignore
    arg [-L/libs/x86_64] ==> dir [/libs/x86_64]
    arg [-L/Users/Chao/android-ndk-r10e/toolchains/x86_64-4.9/prebuilt/darwin-x86_64/bin/../lib/gcc/x86_64-linux-android/4.9] ==> dir [/Users/Chao/android-ndk-r10e/toolchains/x86_64-4.9/prebuilt/darwin-x86_64/bin/../lib/gcc/x86_64-linux-android/4.9]
    arg [-L/Users/Chao/android-ndk-r10e/toolchains/x86_64-4.9/prebuilt/darwin-x86_64/bin/../lib/gcc] ==> dir [/Users/Chao/android-ndk-r10e/toolchains/x86_64-4.9/prebuilt/darwin-x86_64/bin/../lib/gcc]
    arg [-L/Users/Chao/android-ndk-r10e/toolchains/x86_64-4.9/prebuilt/darwin-x86_64/bin/../lib/gcc/x86_64-linux-android/4.9/../../../../x86_64-linux-android/lib/../lib64] ==> dir [/Users/Chao/android-ndk-r10e/toolchains/x86_64-4.9/prebuilt/darwin-x86_64/bin/../lib/gcc/x86_64-linux-android/4.9/../../../../x86_64-linux-android/lib/../lib64]
    arg [-L/Users/Chao/android-ndk-r10e/platforms/android-21/arch-x86_64/usr/lib/../lib64] ==> dir [/Users/Chao/android-ndk-r10e/platforms/android-21/arch-x86_64/usr/lib/../lib64]
    arg [-L/Users/Chao/android-ndk-r10e/toolchains/x86_64-4.9/prebuilt/darwin-x86_64/bin/../lib/gcc/x86_64-linux-android/4.9/../../../../x86_64-linux-android/lib] ==> dir [/Users/Chao/android-ndk-r10e/toolchains/x86_64-4.9/prebuilt/darwin-x86_64/bin/../lib/gcc/x86_64-linux-android/4.9/../../../../x86_64-linux-android/lib]
    arg [-L/Users/Chao/android-ndk-r10e/platforms/android-21/arch-x86_64/usr/lib] ==> dir [/Users/Chao/android-ndk-r10e/platforms/android-21/arch-x86_64/usr/lib]
    arg [--no-undefined] ==> ignore
    arg [--gc-sections] ==> ignore
    arg [-znoexecstack] ==> ignore
    arg [-zrelro] ==> ignore
    arg [-znow] ==> ignore
    arg [-znocopyreloc] ==> ignore
    arg [CMakeFiles/cmTC_e8cd3.dir/CMakeCXXCompilerABI.cpp.o] ==> ignore
    arg [/Users/Chao/android-ndk-r10e/sources/cxx-stl/gnu-libstdc++/4.9/libs/x86_64/libgnustl_static.a] ==> lib [/Users/Chao/android-ndk-r10e/sources/cxx-stl/gnu-libstdc++/4.9/libs/x86_64/libgnustl_static.a]
    arg [/Users/Chao/android-ndk-r10e/sources/cxx-stl/gnu-libstdc++/4.9/libs/x86_64/libsupc++.a] ==> lib [/Users/Chao/android-ndk-r10e/sources/cxx-stl/gnu-libstdc++/4.9/libs/x86_64/libsupc++.a]
    arg [-lm] ==> lib [m]
    arg [-lgcc] ==> lib [gcc]
    arg [-lc] ==> lib [c]
    arg [-ldl] ==> lib [dl]
    arg [-lgcc] ==> lib [gcc]
    arg [/Users/Chao/android-ndk-r10e/platforms/android-21/arch-x86_64/usr/lib/../lib64/crtend_android.o] ==> ignore
  collapse library dir [/libs/x86_64] ==> [/libs/x86_64]
  collapse library dir [/Users/Chao/android-ndk-r10e/toolchains/x86_64-4.9/prebuilt/darwin-x86_64/bin/../lib/gcc/x86_64-linux-android/4.9] ==> [/Users/Chao/android-ndk-r10e/toolchains/x86_64-4.9/prebuilt/darwin-x86_64/lib/gcc/x86_64-linux-android/4.9]
  collapse library dir [/Users/Chao/android-ndk-r10e/toolchains/x86_64-4.9/prebuilt/darwin-x86_64/bin/../lib/gcc] ==> [/Users/Chao/android-ndk-r10e/toolchains/x86_64-4.9/prebuilt/darwin-x86_64/lib/gcc]
  collapse library dir [/Users/Chao/android-ndk-r10e/toolchains/x86_64-4.9/prebuilt/darwin-x86_64/bin/../lib/gcc/x86_64-linux-android/4.9/../../../../x86_64-linux-android/lib/../lib64] ==> [/Users/Chao/android-ndk-r10e/toolchains/x86_64-4.9/prebuilt/darwin-x86_64/x86_64-linux-android/lib64]
  collapse library dir [/Users/Chao/android-ndk-r10e/platforms/android-21/arch-x86_64/usr/lib/../lib64] ==> [/Users/Chao/android-ndk-r10e/platforms/android-21/arch-x86_64/usr/lib64]
  collapse library dir [/Users/Chao/android-ndk-r10e/toolchains/x86_64-4.9/prebuilt/darwin-x86_64/bin/../lib/gcc/x86_64-linux-android/4.9/../../../../x86_64-linux-android/lib] ==> [/Users/Chao/android-ndk-r10e/toolchains/x86_64-4.9/prebuilt/darwin-x86_64/x86_64-linux-android/lib]
  collapse library dir [/Users/Chao/android-ndk-r10e/platforms/android-21/arch-x86_64/usr/lib] ==> [/Users/Chao/android-ndk-r10e/platforms/android-21/arch-x86_64/usr/lib]
  implicit libs: [/Users/Chao/android-ndk-r10e/sources/cxx-stl/gnu-libstdc++/4.9/libs/x86_64/libgnustl_static.a;/Users/Chao/android-ndk-r10e/sources/cxx-stl/gnu-libstdc++/4.9/libs/x86_64/libsupc++.a;m;gcc;c;dl;gcc]
  implicit dirs: [/libs/x86_64;/Users/Chao/android-ndk-r10e/toolchains/x86_64-4.9/prebuilt/darwin-x86_64/lib/gcc/x86_64-linux-android/4.9;/Users/Chao/android-ndk-r10e/toolchains/x86_64-4.9/prebuilt/darwin-x86_64/lib/gcc;/Users/Chao/android-ndk-r10e/toolchains/x86_64-4.9/prebuilt/darwin-x86_64/x86_64-linux-android/lib64;/Users/Chao/android-ndk-r10e/platforms/android-21/arch-x86_64/usr/lib64;/Users/Chao/android-ndk-r10e/toolchains/x86_64-4.9/prebuilt/darwin-x86_64/x86_64-linux-android/lib;/Users/Chao/android-ndk-r10e/platforms/android-21/arch-x86_64/usr/lib]
  implicit fwks: []




Detecting CXX [-std=c++14] compiler features compiled with the following output:
Change Dir: /Users/Chao/opencv/build/build_service_x86_64/CMakeFiles/CMakeTmp

Run Build Command:"/usr/local/bin/ninja" "cmTC_2fd86"
[1/2] Building CXX object CMakeFiles/cmTC_2fd86.dir/feature_tests.cxx.o
[2/2] Linking CXX executable cmTC_2fd86


    Feature record: CXX_FEATURE:0cxx_aggregate_default_initializers
    Feature record: CXX_FEATURE:1cxx_alias_templates
    Feature record: CXX_FEATURE:1cxx_alignas
    Feature record: CXX_FEATURE:1cxx_alignof
    Feature record: CXX_FEATURE:1cxx_attributes
    Feature record: CXX_FEATURE:1cxx_attribute_deprecated
    Feature record: CXX_FEATURE:1cxx_auto_type
    Feature record: CXX_FEATURE:1cxx_binary_literals
    Feature record: CXX_FEATURE:1cxx_constexpr
    Feature record: CXX_FEATURE:1cxx_contextual_conversions
    Feature record: CXX_FEATURE:1cxx_decltype
    Feature record: CXX_FEATURE:1cxx_decltype_auto
    Feature record: CXX_FEATURE:1cxx_decltype_incomplete_return_types
    Feature record: CXX_FEATURE:1cxx_default_function_template_args
    Feature record: CXX_FEATURE:1cxx_defaulted_functions
    Feature record: CXX_FEATURE:1cxx_defaulted_move_initializers
    Feature record: CXX_FEATURE:1cxx_delegating_constructors
    Feature record: CXX_FEATURE:1cxx_deleted_functions
    Feature record: CXX_FEATURE:1cxx_digit_separators
    Feature record: CXX_FEATURE:1cxx_enum_forward_declarations
    Feature record: CXX_FEATURE:1cxx_explicit_conversions
    Feature record: CXX_FEATURE:1cxx_extended_friend_declarations
    Feature record: CXX_FEATURE:1cxx_extern_templates
    Feature record: CXX_FEATURE:1cxx_final
    Feature record: CXX_FEATURE:1cxx_func_identifier
    Feature record: CXX_FEATURE:1cxx_generalized_initializers
    Feature record: CXX_FEATURE:1cxx_generic_lambdas
    Feature record: CXX_FEATURE:1cxx_inheriting_constructors
    Feature record: CXX_FEATURE:1cxx_inline_namespaces
    Feature record: CXX_FEATURE:1cxx_lambdas
    Feature record: CXX_FEATURE:1cxx_lambda_init_captures
    Feature record: CXX_FEATURE:1cxx_local_type_template_args
    Feature record: CXX_FEATURE:1cxx_long_long_type
    Feature record: CXX_FEATURE:1cxx_noexcept
    Feature record: CXX_FEATURE:1cxx_nonstatic_member_init
    Feature record: CXX_FEATURE:1cxx_nullptr
    Feature record: CXX_FEATURE:1cxx_override
    Feature record: CXX_FEATURE:1cxx_range_for
    Feature record: CXX_FEATURE:1cxx_raw_string_literals
    Feature record: CXX_FEATURE:1cxx_reference_qualified_functions
    Feature record: CXX_FEATURE:0cxx_relaxed_constexpr
    Feature record: CXX_FEATURE:1cxx_return_type_deduction
    Feature record: CXX_FEATURE:1cxx_right_angle_brackets
    Feature record: CXX_FEATURE:1cxx_rvalue_references
    Feature record: CXX_FEATURE:1cxx_sizeof_member
    Feature record: CXX_FEATURE:1cxx_static_assert
    Feature record: CXX_FEATURE:1cxx_strong_enums
    Feature record: CXX_FEATURE:1cxx_template_template_parameters
    Feature record: CXX_FEATURE:1cxx_thread_local
    Feature record: CXX_FEATURE:1cxx_trailing_return_types
    Feature record: CXX_FEATURE:1cxx_unicode_literals
    Feature record: CXX_FEATURE:1cxx_uniform_initialization
    Feature record: CXX_FEATURE:1cxx_unrestricted_unions
    Feature record: CXX_FEATURE:1cxx_user_literals
    Feature record: CXX_FEATURE:0cxx_variable_templates
    Feature record: CXX_FEATURE:1cxx_variadic_macros
    Feature record: CXX_FEATURE:1cxx_variadic_templates


Detecting CXX [-std=c++11] compiler features compiled with the following output:
Change Dir: /Users/Chao/opencv/build/build_service_x86_64/CMakeFiles/CMakeTmp

Run Build Command:"/usr/local/bin/ninja" "cmTC_aae0f"
[1/2] Building CXX object CMakeFiles/cmTC_aae0f.dir/feature_tests.cxx.o
[2/2] Linking CXX executable cmTC_aae0f


    Feature record: CXX_FEATURE:0cxx_aggregate_default_initializers
    Feature record: CXX_FEATURE:1cxx_alias_templates
    Feature record: CXX_FEATURE:1cxx_alignas
    Feature record: CXX_FEATURE:1cxx_alignof
    Feature record: CXX_FEATURE:1cxx_attributes
    Feature record: CXX_FEATURE:0cxx_attribute_deprecated
    Feature record: CXX_FEATURE:1cxx_auto_type
    Feature record: CXX_FEATURE:0cxx_binary_literals
    Feature record: CXX_FEATURE:1cxx_constexpr
    Feature record: CXX_FEATURE:0cxx_contextual_conversions
    Feature record: CXX_FEATURE:1cxx_decltype
    Feature record: CXX_FEATURE:0cxx_decltype_auto
    Feature record: CXX_FEATURE:1cxx_decltype_incomplete_return_types
    Feature record: CXX_FEATURE:1cxx_default_function_template_args
    Feature record: CXX_FEATURE:1cxx_defaulted_functions
    Feature record: CXX_FEATURE:1cxx_defaulted_move_initializers
    Feature record: CXX_FEATURE:1cxx_delegating_constructors
    Feature record: CXX_FEATURE:1cxx_deleted_functions
    Feature record: CXX_FEATURE:0cxx_digit_separators
    Feature record: CXX_FEATURE:1cxx_enum_forward_declarations
    Feature record: CXX_FEATURE:1cxx_explicit_conversions
    Feature record: CXX_FEATURE:1cxx_extended_friend_declarations
    Feature record: CXX_FEATURE:1cxx_extern_templates
    Feature record: CXX_FEATURE:1cxx_final
    Feature record: CXX_FEATURE:1cxx_func_identifier
    Feature record: CXX_FEATURE:1cxx_generalized_initializers
    Feature record: CXX_FEATURE:0cxx_generic_lambdas
    Feature record: CXX_FEATURE:1cxx_inheriting_constructors
    Feature record: CXX_FEATURE:1cxx_inline_namespaces
    Feature record: CXX_FEATURE:1cxx_lambdas
    Feature record: CXX_FEATURE:0cxx_lambda_init_captures
    Feature record: CXX_FEATURE:1cxx_local_type_template_args
    Feature record: CXX_FEATURE:1cxx_long_long_type
    Feature record: CXX_FEATURE:1cxx_noexcept
    Feature record: CXX_FEATURE:1cxx_nonstatic_member_init
    Feature record: CXX_FEATURE:1cxx_nullptr
    Feature record: CXX_FEATURE:1cxx_override
    Feature record: CXX_FEATURE:1cxx_range_for
    Feature record: CXX_FEATURE:1cxx_raw_string_literals
    Feature record: CXX_FEATURE:1cxx_reference_qualified_functions
    Feature record: CXX_FEATURE:0cxx_relaxed_constexpr
    Feature record: CXX_FEATURE:0cxx_return_type_deduction
    Feature record: CXX_FEATURE:1cxx_right_angle_brackets
    Feature record: CXX_FEATURE:1cxx_rvalue_references
    Feature record: CXX_FEATURE:1cxx_sizeof_member
    Feature record: CXX_FEATURE:1cxx_static_assert
    Feature record: CXX_FEATURE:1cxx_strong_enums
    Feature record: CXX_FEATURE:1cxx_template_template_parameters
    Feature record: CXX_FEATURE:1cxx_thread_local
    Feature record: CXX_FEATURE:1cxx_trailing_return_types
    Feature record: CXX_FEATURE:1cxx_unicode_literals
    Feature record: CXX_FEATURE:1cxx_uniform_initialization
    Feature record: CXX_FEATURE:1cxx_unrestricted_unions
    Feature record: CXX_FEATURE:1cxx_user_literals
    Feature record: CXX_FEATURE:0cxx_variable_templates
    Feature record: CXX_FEATURE:1cxx_variadic_macros
    Feature record: CXX_FEATURE:1cxx_variadic_templates


Detecting CXX [-std=c++98] compiler features compiled with the following output:
Change Dir: /Users/Chao/opencv/build/build_service_x86_64/CMakeFiles/CMakeTmp

Run Build Command:"/usr/local/bin/ninja" "cmTC_470fe"
[1/2] Building CXX object CMakeFiles/cmTC_470fe.dir/feature_tests.cxx.o
[2/2] Linking CXX executable cmTC_470fe


    Feature record: CXX_FEATURE:0cxx_aggregate_default_initializers
    Feature record: CXX_FEATURE:0cxx_alias_templates
    Feature record: CXX_FEATURE:0cxx_alignas
    Feature record: CXX_FEATURE:0cxx_alignof
    Feature record: CXX_FEATURE:0cxx_attributes
    Feature record: CXX_FEATURE:0cxx_attribute_deprecated
    Feature record: CXX_FEATURE:0cxx_auto_type
    Feature record: CXX_FEATURE:0cxx_binary_literals
    Feature record: CXX_FEATURE:0cxx_constexpr
    Feature record: CXX_FEATURE:0cxx_contextual_conversions
    Feature record: CXX_FEATURE:0cxx_decltype
    Feature record: CXX_FEATURE:0cxx_decltype_auto
    Feature record: CXX_FEATURE:0cxx_decltype_incomplete_return_types
    Feature record: CXX_FEATURE:0cxx_default_function_template_args
    Feature record: CXX_FEATURE:0cxx_defaulted_functions
    Feature record: CXX_FEATURE:0cxx_defaulted_move_initializers
    Feature record: CXX_FEATURE:0cxx_delegating_constructors
    Feature record: CXX_FEATURE:0cxx_deleted_functions
    Feature record: CXX_FEATURE:0cxx_digit_separators
    Feature record: CXX_FEATURE:0cxx_enum_forward_declarations
    Feature record: CXX_FEATURE:0cxx_explicit_conversions
    Feature record: CXX_FEATURE:0cxx_extended_friend_declarations
    Feature record: CXX_FEATURE:0cxx_extern_templates
    Feature record: CXX_FEATURE:0cxx_final
    Feature record: CXX_FEATURE:0cxx_func_identifier
    Feature record: CXX_FEATURE:0cxx_generalized_initializers
    Feature record: CXX_FEATURE:0cxx_generic_lambdas
    Feature record: CXX_FEATURE:0cxx_inheriting_constructors
    Feature record: CXX_FEATURE:0cxx_inline_namespaces
    Feature record: CXX_FEATURE:0cxx_lambdas
    Feature record: CXX_FEATURE:0cxx_lambda_init_captures
    Feature record: CXX_FEATURE:0cxx_local_type_template_args
    Feature record: CXX_FEATURE:0cxx_long_long_type
    Feature record: CXX_FEATURE:0cxx_noexcept
    Feature record: CXX_FEATURE:0cxx_nonstatic_member_init
    Feature record: CXX_FEATURE:0cxx_nullptr
    Feature record: CXX_FEATURE:0cxx_override
    Feature record: CXX_FEATURE:0cxx_range_for
    Feature record: CXX_FEATURE:0cxx_raw_string_literals
    Feature record: CXX_FEATURE:0cxx_reference_qualified_functions
    Feature record: CXX_FEATURE:0cxx_relaxed_constexpr
    Feature record: CXX_FEATURE:0cxx_return_type_deduction
    Feature record: CXX_FEATURE:0cxx_right_angle_brackets
    Feature record: CXX_FEATURE:0cxx_rvalue_references
    Feature record: CXX_FEATURE:0cxx_sizeof_member
    Feature record: CXX_FEATURE:0cxx_static_assert
    Feature record: CXX_FEATURE:0cxx_strong_enums
    Feature record: CXX_FEATURE:1cxx_template_template_parameters
    Feature record: CXX_FEATURE:0cxx_thread_local
    Feature record: CXX_FEATURE:0cxx_trailing_return_types
    Feature record: CXX_FEATURE:0cxx_unicode_literals
    Feature record: CXX_FEATURE:0cxx_uniform_initialization
    Feature record: CXX_FEATURE:0cxx_unrestricted_unions
    Feature record: CXX_FEATURE:0cxx_user_literals
    Feature record: CXX_FEATURE:0cxx_variable_templates
    Feature record: CXX_FEATURE:0cxx_variadic_macros
    Feature record: CXX_FEATURE:0cxx_variadic_templates
Determining if the C compiler works passed with the following output:
Change Dir: /Users/Chao/opencv/build/build_service_x86_64/CMakeFiles/CMakeTmp

Run Build Command:"/usr/local/bin/ninja" "cmTC_731c0"
[1/2] Building C object CMakeFiles/cmTC_731c0.dir/testCCompiler.c.o
[2/2] Linking C executable cmTC_731c0


Detecting C compiler ABI info compiled with the following output:
Change Dir: /Users/Chao/opencv/build/build_service_x86_64/CMakeFiles/CMakeTmp

Run Build Command:"/usr/local/bin/ninja" "cmTC_182d7"
[1/2] Building C object CMakeFiles/cmTC_182d7.dir/CMakeCCompilerABI.c.o
[2/2] Linking C executable cmTC_182d7
Using built-in specs.
COLLECT_GCC=/Users/Chao/android-ndk-r10e/toolchains/x86_64-4.9/prebuilt/darwin-x86_64/bin/x86_64-linux-android-gcc
COLLECT_LTO_WRAPPER=/Users/Chao/android-ndk-r10e/toolchains/x86_64-4.9/prebuilt/darwin-x86_64/bin/../libexec/gcc/x86_64-linux-android/4.9/lto-wrapper
Target: x86_64-linux-android
Configured with: /s/ndk-toolchain/src/build/../gcc/gcc-4.9/configure --prefix=/tmp/ndk-User/build/toolchain/prefix --target=x86_64-linux-android --host=x86_64-apple-darwin --build=x86_64-apple-darwin --with-gnu-as --with-gnu-ld --enable-languages=c,c++ --with-gmp=/tmp/ndk-User/build/toolchain/temp-install --with-mpfr=/tmp/ndk-User/build/toolchain/temp-install --with-mpc=/tmp/ndk-User/build/toolchain/temp-install --with-cloog=/tmp/ndk-User/build/toolchain/temp-install --with-isl=/tmp/ndk-User/build/toolchain/temp-install --with-ppl=/tmp/ndk-User/build/toolchain/temp-install --disable-ppl-version-check --disable-cloog-version-check --disable-isl-version-check --enable-cloog-backend=isl --with-host-libstdcxx='-static-libgcc -lstdc++ -lm' --disable-libssp --enable-threads --disable-nls --disable-libmudflap --disable-libgomp --disable-libstdc__-v3 --disable-sjlj-exceptions --disable-shared --disable-tls --disable-libitm --with-arch=x86-64 --with-tune=intel --with-fpmath=sse --with-multilib-list=m32,m64,mx32 --enable-initfini-array --disable-nls --prefix=/tmp/ndk-User/build/toolchain/prefix --with-sysroot=/tmp/ndk-User/build/toolchain/prefix/sysroot --with-binutils-version=2.25 --with-mpfr-version=3.1.1 --with-mpc-version=1.0.1 --with-gmp-version=5.0.5 --with-gcc-version=4.9 --with-gdb-version=7.7 --with-python=/Users/User/mydroid/ndk/prebuilt/darwin-x86_64/bin/python-config.sh --with-gxx-include-dir=/tmp/ndk-User/build/toolchain/prefix/include/c++/4.9 --with-bugurl=http://source.android.com/source/report-bugs.html --enable-languages=c,c++ --disable-bootstrap --enable-plugins --enable-libgomp --enable-gnu-indirect-function --disable-libcilkrts --disable-libsanitizer --enable-gold --enable-threads --enable-graphite=yes --with-cloog-version=0.18.0 --with-isl-version=0.11.1 --enable-eh-frame-hdr-for-static --program-transform-name='s&^&x86_64-linux-android-&' --enable-gold=default
Thread model: posix
gcc version 4.9 20140827 (prerelease) (GCC) 
COMPILER_PATH=/Users/Chao/android-ndk-r10e/toolchains/x86_64-4.9/prebuilt/darwin-x86_64/bin/../libexec/gcc/x86_64-linux-android/4.9/:/Users/Chao/android-ndk-r10e/toolchains/x86_64-4.9/prebuilt/darwin-x86_64/bin/../libexec/gcc/:/Users/Chao/android-ndk-r10e/toolchains/x86_64-4.9/prebuilt/darwin-x86_64/bin/../lib/gcc/x86_64-linux-android/4.9/../../../../x86_64-linux-android/bin/
LIBRARY_PATH=/Users/Chao/android-ndk-r10e/toolchains/x86_64-4.9/prebuilt/darwin-x86_64/bin/../lib/gcc/x86_64-linux-android/4.9/:/Users/Chao/android-ndk-r10e/toolchains/x86_64-4.9/prebuilt/darwin-x86_64/bin/../lib/gcc/:/Users/Chao/android-ndk-r10e/toolchains/x86_64-4.9/prebuilt/darwin-x86_64/bin/../lib/gcc/x86_64-linux-android/4.9/../../../../x86_64-linux-android/lib/../lib64/:/Users/Chao/android-ndk-r10e/platforms/android-21/arch-x86_64/usr/lib/../lib64/:/Users/Chao/android-ndk-r10e/toolchains/x86_64-4.9/prebuilt/darwin-x86_64/bin/../lib/gcc/x86_64-linux-android/4.9/../../../../x86_64-linux-android/lib/:/Users/Chao/android-ndk-r10e/platforms/android-21/arch-x86_64/usr/lib/
COLLECT_GCC_OPTIONS='-fexceptions' '-funwind-tables' '-funswitch-loops' '-finline-limit=300' '-fsigned-char' '-fdata-sections' '-ffunction-sections' '-fPIE' '-pie' '-v' '-o' 'cmTC_182d7' '-L/libs/x86_64' '-mtune=intel' '-march=x86-64'
 /Users/Chao/android-ndk-r10e/toolchains/x86_64-4.9/prebuilt/darwin-x86_64/bin/../libexec/gcc/x86_64-linux-android/4.9/collect2 -plugin /Users/Chao/android-ndk-r10e/toolchains/x86_64-4.9/prebuilt/darwin-x86_64/bin/../libexec/gcc/x86_64-linux-android/4.9/liblto_plugin.so -plugin-opt=/Users/Chao/android-ndk-r10e/toolchains/x86_64-4.9/prebuilt/darwin-x86_64/bin/../libexec/gcc/x86_64-linux-android/4.9/lto-wrapper -plugin-opt=-fresolution=/var/folders/84/7_y8dwv57nv49t5zn0dw9h5h0000gp/T//ccRNb3Mw.res -plugin-opt=-pass-through=-lgcc -plugin-opt=-pass-through=-lc -plugin-opt=-pass-through=-ldl -plugin-opt=-pass-through=-lgcc --sysroot=/Users/Chao/android-ndk-r10e/platforms/android-21/arch-x86_64 --eh-frame-hdr -m elf_x86_64 -dynamic-linker /system/bin/linker64 -z noexecstack -z relro -z now -pie -o cmTC_182d7 /Users/Chao/android-ndk-r10e/platforms/android-21/arch-x86_64/usr/lib/../lib64/crtbegin_dynamic.o -L/libs/x86_64 -L/Users/Chao/android-ndk-r10e/toolchains/x86_64-4.9/prebuilt/darwin-x86_64/bin/../lib/gcc/x86_64-linux-android/4.9 -L/Users/Chao/android-ndk-r10e/toolchains/x86_64-4.9/prebuilt/darwin-x86_64/bin/../lib/gcc -L/Users/Chao/android-ndk-r10e/toolchains/x86_64-4.9/prebuilt/darwin-x86_64/bin/../lib/gcc/x86_64-linux-android/4.9/../../../../x86_64-linux-android/lib/../lib64 -L/Users/Chao/android-ndk-r10e/platforms/android-21/arch-x86_64/usr/lib/../lib64 -L/Users/Chao/android-ndk-r10e/toolchains/x86_64-4.9/prebuilt/darwin-x86_64/bin/../lib/gcc/x86_64-linux-android/4.9/../../../../x86_64-linux-android/lib -L/Users/Chao/android-ndk-r10e/platforms/android-21/arch-x86_64/usr/lib --no-undefined --gc-sections -z noexecstack -z relro -z now -z nocopyreloc CMakeFiles/cmTC_182d7.dir/CMakeCCompilerABI.c.o /Users/Chao/android-ndk-r10e/sources/cxx-stl/gnu-libstdc++/4.9/libs/x86_64/libsupc++.a -lgcc -lc -ldl -lgcc /Users/Chao/android-ndk-r10e/platforms/android-21/arch-x86_64/usr/lib/../lib64/crtend_android.o


Parsed C implicit link information from above output:
  link line regex: [^( *|.*[/\])(x86_64-linux-android-ld|CMAKE_LINK_STARTFILE-NOTFOUND|([^/\]+-)?ld|collect2)[^/\]*( |$)]
  ignore line: [Change Dir: /Users/Chao/opencv/build/build_service_x86_64/CMakeFiles/CMakeTmp]
  ignore line: []
  ignore line: [Run Build Command:"/usr/local/bin/ninja" "cmTC_182d7"]
  ignore line: [[1/2] Building C object CMakeFiles/cmTC_182d7.dir/CMakeCCompilerABI.c.o]
  ignore line: [[2/2] Linking C executable cmTC_182d7]
  ignore line: [Using built-in specs.]
  ignore line: [COLLECT_GCC=/Users/Chao/android-ndk-r10e/toolchains/x86_64-4.9/prebuilt/darwin-x86_64/bin/x86_64-linux-android-gcc]
  ignore line: [COLLECT_LTO_WRAPPER=/Users/Chao/android-ndk-r10e/toolchains/x86_64-4.9/prebuilt/darwin-x86_64/bin/../libexec/gcc/x86_64-linux-android/4.9/lto-wrapper]
  ignore line: [Target: x86_64-linux-android]
  ignore line: [Configured with: /s/ndk-toolchain/src/build/../gcc/gcc-4.9/configure --prefix=/tmp/ndk-User/build/toolchain/prefix --target=x86_64-linux-android --host=x86_64-apple-darwin --build=x86_64-apple-darwin --with-gnu-as --with-gnu-ld --enable-languages=c,c++ --with-gmp=/tmp/ndk-User/build/toolchain/temp-install --with-mpfr=/tmp/ndk-User/build/toolchain/temp-install --with-mpc=/tmp/ndk-User/build/toolchain/temp-install --with-cloog=/tmp/ndk-User/build/toolchain/temp-install --with-isl=/tmp/ndk-User/build/toolchain/temp-install --with-ppl=/tmp/ndk-User/build/toolchain/temp-install --disable-ppl-version-check --disable-cloog-version-check --disable-isl-version-check --enable-cloog-backend=isl --with-host-libstdcxx='-static-libgcc -lstdc++ -lm' --disable-libssp --enable-threads --disable-nls --disable-libmudflap --disable-libgomp --disable-libstdc__-v3 --disable-sjlj-exceptions --disable-shared --disable-tls --disable-libitm --with-arch=x86-64 --with-tune=intel --with-fpmath=sse --with-multilib-list=m32,m64,mx32 --enable-initfini-array --disable-nls --prefix=/tmp/ndk-User/build/toolchain/prefix --with-sysroot=/tmp/ndk-User/build/toolchain/prefix/sysroot --with-binutils-version=2.25 --with-mpfr-version=3.1.1 --with-mpc-version=1.0.1 --with-gmp-version=5.0.5 --with-gcc-version=4.9 --with-gdb-version=7.7 --with-python=/Users/User/mydroid/ndk/prebuilt/darwin-x86_64/bin/python-config.sh --with-gxx-include-dir=/tmp/ndk-User/build/toolchain/prefix/include/c++/4.9 --with-bugurl=http://source.android.com/source/report-bugs.html --enable-languages=c,c++ --disable-bootstrap --enable-plugins --enable-libgomp --enable-gnu-indirect-function --disable-libcilkrts --disable-libsanitizer --enable-gold --enable-threads --enable-graphite=yes --with-cloog-version=0.18.0 --with-isl-version=0.11.1 --enable-eh-frame-hdr-for-static --program-transform-name='s&^&x86_64-linux-android-&' --enable-gold=default]
  ignore line: [Thread model: posix]
  ignore line: [gcc version 4.9 20140827 (prerelease) (GCC) ]
  ignore line: [COMPILER_PATH=/Users/Chao/android-ndk-r10e/toolchains/x86_64-4.9/prebuilt/darwin-x86_64/bin/../libexec/gcc/x86_64-linux-android/4.9/:/Users/Chao/android-ndk-r10e/toolchains/x86_64-4.9/prebuilt/darwin-x86_64/bin/../libexec/gcc/:/Users/Chao/android-ndk-r10e/toolchains/x86_64-4.9/prebuilt/darwin-x86_64/bin/../lib/gcc/x86_64-linux-android/4.9/../../../../x86_64-linux-android/bin/]
  ignore line: [LIBRARY_PATH=/Users/Chao/android-ndk-r10e/toolchains/x86_64-4.9/prebuilt/darwin-x86_64/bin/../lib/gcc/x86_64-linux-android/4.9/:/Users/Chao/android-ndk-r10e/toolchains/x86_64-4.9/prebuilt/darwin-x86_64/bin/../lib/gcc/:/Users/Chao/android-ndk-r10e/toolchains/x86_64-4.9/prebuilt/darwin-x86_64/bin/../lib/gcc/x86_64-linux-android/4.9/../../../../x86_64-linux-android/lib/../lib64/:/Users/Chao/android-ndk-r10e/platforms/android-21/arch-x86_64/usr/lib/../lib64/:/Users/Chao/android-ndk-r10e/toolchains/x86_64-4.9/prebuilt/darwin-x86_64/bin/../lib/gcc/x86_64-linux-android/4.9/../../../../x86_64-linux-android/lib/:/Users/Chao/android-ndk-r10e/platforms/android-21/arch-x86_64/usr/lib/]
  ignore line: [COLLECT_GCC_OPTIONS='-fexceptions' '-funwind-tables' '-funswitch-loops' '-finline-limit=300' '-fsigned-char' '-fdata-sections' '-ffunction-sections' '-fPIE' '-pie' '-v' '-o' 'cmTC_182d7' '-L/libs/x86_64' '-mtune=intel' '-march=x86-64']
  link line: [ /Users/Chao/android-ndk-r10e/toolchains/x86_64-4.9/prebuilt/darwin-x86_64/bin/../libexec/gcc/x86_64-linux-android/4.9/collect2 -plugin /Users/Chao/android-ndk-r10e/toolchains/x86_64-4.9/prebuilt/darwin-x86_64/bin/../libexec/gcc/x86_64-linux-android/4.9/liblto_plugin.so -plugin-opt=/Users/Chao/android-ndk-r10e/toolchains/x86_64-4.9/prebuilt/darwin-x86_64/bin/../libexec/gcc/x86_64-linux-android/4.9/lto-wrapper -plugin-opt=-fresolution=/var/folders/84/7_y8dwv57nv49t5zn0dw9h5h0000gp/T//ccRNb3Mw.res -plugin-opt=-pass-through=-lgcc -plugin-opt=-pass-through=-lc -plugin-opt=-pass-through=-ldl -plugin-opt=-pass-through=-lgcc --sysroot=/Users/Chao/android-ndk-r10e/platforms/android-21/arch-x86_64 --eh-frame-hdr -m elf_x86_64 -dynamic-linker /system/bin/linker64 -z noexecstack -z relro -z now -pie -o cmTC_182d7 /Users/Chao/android-ndk-r10e/platforms/android-21/arch-x86_64/usr/lib/../lib64/crtbegin_dynamic.o -L/libs/x86_64 -L/Users/Chao/android-ndk-r10e/toolchains/x86_64-4.9/prebuilt/darwin-x86_64/bin/../lib/gcc/x86_64-linux-android/4.9 -L/Users/Chao/android-ndk-r10e/toolchains/x86_64-4.9/prebuilt/darwin-x86_64/bin/../lib/gcc -L/Users/Chao/android-ndk-r10e/toolchains/x86_64-4.9/prebuilt/darwin-x86_64/bin/../lib/gcc/x86_64-linux-android/4.9/../../../../x86_64-linux-android/lib/../lib64 -L/Users/Chao/android-ndk-r10e/platforms/android-21/arch-x86_64/usr/lib/../lib64 -L/Users/Chao/android-ndk-r10e/toolchains/x86_64-4.9/prebuilt/darwin-x86_64/bin/../lib/gcc/x86_64-linux-android/4.9/../../../../x86_64-linux-android/lib -L/Users/Chao/android-ndk-r10e/platforms/android-21/arch-x86_64/usr/lib --no-undefined --gc-sections -z noexecstack -z relro -z now -z nocopyreloc CMakeFiles/cmTC_182d7.dir/CMakeCCompilerABI.c.o /Users/Chao/android-ndk-r10e/sources/cxx-stl/gnu-libstdc++/4.9/libs/x86_64/libsupc++.a -lgcc -lc -ldl -lgcc /Users/Chao/android-ndk-r10e/platforms/android-21/arch-x86_64/usr/lib/../lib64/crtend_android.o]
    arg [/Users/Chao/android-ndk-r10e/toolchains/x86_64-4.9/prebuilt/darwin-x86_64/bin/../libexec/gcc/x86_64-linux-android/4.9/collect2] ==> ignore
    arg [-plugin] ==> ignore
    arg [/Users/Chao/android-ndk-r10e/toolchains/x86_64-4.9/prebuilt/darwin-x86_64/bin/../libexec/gcc/x86_64-linux-android/4.9/liblto_plugin.so] ==> ignore
    arg [-plugin-opt=/Users/Chao/android-ndk-r10e/toolchains/x86_64-4.9/prebuilt/darwin-x86_64/bin/../libexec/gcc/x86_64-linux-android/4.9/lto-wrapper] ==> ignore
    arg [-plugin-opt=-fresolution=/var/folders/84/7_y8dwv57nv49t5zn0dw9h5h0000gp/T//ccRNb3Mw.res] ==> ignore
    arg [-plugin-opt=-pass-through=-lgcc] ==> ignore
    arg [-plugin-opt=-pass-through=-lc] ==> ignore
    arg [-plugin-opt=-pass-through=-ldl] ==> ignore
    arg [-plugin-opt=-pass-through=-lgcc] ==> ignore
    arg [--sysroot=/Users/Chao/android-ndk-r10e/platforms/android-21/arch-x86_64] ==> ignore
    arg [--eh-frame-hdr] ==> ignore
    arg [-m] ==> ignore
    arg [elf_x86_64] ==> ignore
    arg [-dynamic-linker] ==> ignore
    arg [/system/bin/linker64] ==> ignore
    arg [-znoexecstack] ==> ignore
    arg [-zrelro] ==> ignore
    arg [-znow] ==> ignore
    arg [-pie] ==> ignore
    arg [-o] ==> ignore
    arg [cmTC_182d7] ==> ignore
    arg [/Users/Chao/android-ndk-r10e/platforms/android-21/arch-x86_64/usr/lib/../lib64/crtbegin_dynamic.o] ==> ignore
    arg [-L/libs/x86_64] ==> dir [/libs/x86_64]
    arg [-L/Users/Chao/android-ndk-r10e/toolchains/x86_64-4.9/prebuilt/darwin-x86_64/bin/../lib/gcc/x86_64-linux-android/4.9] ==> dir [/Users/Chao/android-ndk-r10e/toolchains/x86_64-4.9/prebuilt/darwin-x86_64/bin/../lib/gcc/x86_64-linux-android/4.9]
    arg [-L/Users/Chao/android-ndk-r10e/toolchains/x86_64-4.9/prebuilt/darwin-x86_64/bin/../lib/gcc] ==> dir [/Users/Chao/android-ndk-r10e/toolchains/x86_64-4.9/prebuilt/darwin-x86_64/bin/../lib/gcc]
    arg [-L/Users/Chao/android-ndk-r10e/toolchains/x86_64-4.9/prebuilt/darwin-x86_64/bin/../lib/gcc/x86_64-linux-android/4.9/../../../../x86_64-linux-android/lib/../lib64] ==> dir [/Users/Chao/android-ndk-r10e/toolchains/x86_64-4.9/prebuilt/darwin-x86_64/bin/../lib/gcc/x86_64-linux-android/4.9/../../../../x86_64-linux-android/lib/../lib64]
    arg [-L/Users/Chao/android-ndk-r10e/platforms/android-21/arch-x86_64/usr/lib/../lib64] ==> dir [/Users/Chao/android-ndk-r10e/platforms/android-21/arch-x86_64/usr/lib/../lib64]
    arg [-L/Users/Chao/android-ndk-r10e/toolchains/x86_64-4.9/prebuilt/darwin-x86_64/bin/../lib/gcc/x86_64-linux-android/4.9/../../../../x86_64-linux-android/lib] ==> dir [/Users/Chao/android-ndk-r10e/toolchains/x86_64-4.9/prebuilt/darwin-x86_64/bin/../lib/gcc/x86_64-linux-android/4.9/../../../../x86_64-linux-android/lib]
    arg [-L/Users/Chao/android-ndk-r10e/platforms/android-21/arch-x86_64/usr/lib] ==> dir [/Users/Chao/android-ndk-r10e/platforms/android-21/arch-x86_64/usr/lib]
    arg [--no-undefined] ==> ignore
    arg [--gc-sections] ==> ignore
    arg [-znoexecstack] ==> ignore
    arg [-zrelro] ==> ignore
    arg [-znow] ==> ignore
    arg [-znocopyreloc] ==> ignore
    arg [CMakeFiles/cmTC_182d7.dir/CMakeCCompilerABI.c.o] ==> ignore
    arg [/Users/Chao/android-ndk-r10e/sources/cxx-stl/gnu-libstdc++/4.9/libs/x86_64/libsupc++.a] ==> lib [/Users/Chao/android-ndk-r10e/sources/cxx-stl/gnu-libstdc++/4.9/libs/x86_64/libsupc++.a]
    arg [-lgcc] ==> lib [gcc]
    arg [-lc] ==> lib [c]
    arg [-ldl] ==> lib [dl]
    arg [-lgcc] ==> lib [gcc]
    arg [/Users/Chao/android-ndk-r10e/platforms/android-21/arch-x86_64/usr/lib/../lib64/crtend_android.o] ==> ignore
  collapse library dir [/libs/x86_64] ==> [/libs/x86_64]
  collapse library dir [/Users/Chao/android-ndk-r10e/toolchains/x86_64-4.9/prebuilt/darwin-x86_64/bin/../lib/gcc/x86_64-linux-android/4.9] ==> [/Users/Chao/android-ndk-r10e/toolchains/x86_64-4.9/prebuilt/darwin-x86_64/lib/gcc/x86_64-linux-android/4.9]
  collapse library dir [/Users/Chao/android-ndk-r10e/toolchains/x86_64-4.9/prebuilt/darwin-x86_64/bin/../lib/gcc] ==> [/Users/Chao/android-ndk-r10e/toolchains/x86_64-4.9/prebuilt/darwin-x86_64/lib/gcc]
  collapse library dir [/Users/Chao/android-ndk-r10e/toolchains/x86_64-4.9/prebuilt/darwin-x86_64/bin/../lib/gcc/x86_64-linux-android/4.9/../../../../x86_64-linux-android/lib/../lib64] ==> [/Users/Chao/android-ndk-r10e/toolchains/x86_64-4.9/prebuilt/darwin-x86_64/x86_64-linux-android/lib64]
  collapse library dir [/Users/Chao/android-ndk-r10e/platforms/android-21/arch-x86_64/usr/lib/../lib64] ==> [/Users/Chao/android-ndk-r10e/platforms/android-21/arch-x86_64/usr/lib64]
  collapse library dir [/Users/Chao/android-ndk-r10e/toolchains/x86_64-4.9/prebuilt/darwin-x86_64/bin/../lib/gcc/x86_64-linux-android/4.9/../../../../x86_64-linux-android/lib] ==> [/Users/Chao/android-ndk-r10e/toolchains/x86_64-4.9/prebuilt/darwin-x86_64/x86_64-linux-android/lib]
  collapse library dir [/Users/Chao/android-ndk-r10e/platforms/android-21/arch-x86_64/usr/lib] ==> [/Users/Chao/android-ndk-r10e/platforms/android-21/arch-x86_64/usr/lib]
  implicit libs: [/Users/Chao/android-ndk-r10e/sources/cxx-stl/gnu-libstdc++/4.9/libs/x86_64/libsupc++.a;gcc;c;dl;gcc]
  implicit dirs: [/libs/x86_64;/Users/Chao/android-ndk-r10e/toolchains/x86_64-4.9/prebuilt/darwin-x86_64/lib/gcc/x86_64-linux-android/4.9;/Users/Chao/android-ndk-r10e/toolchains/x86_64-4.9/prebuilt/darwin-x86_64/lib/gcc;/Users/Chao/android-ndk-r10e/toolchains/x86_64-4.9/prebuilt/darwin-x86_64/x86_64-linux-android/lib64;/Users/Chao/android-ndk-r10e/platforms/android-21/arch-x86_64/usr/lib64;/Users/Chao/android-ndk-r10e/toolchains/x86_64-4.9/prebuilt/darwin-x86_64/x86_64-linux-android/lib;/Users/Chao/android-ndk-r10e/platforms/android-21/arch-x86_64/usr/lib]
  implicit fwks: []




Detecting C [-std=c11] compiler features compiled with the following output:
Change Dir: /Users/Chao/opencv/build/build_service_x86_64/CMakeFiles/CMakeTmp

Run Build Command:"/usr/local/bin/ninja" "cmTC_4373a"
[1/2] Building C object CMakeFiles/cmTC_4373a.dir/feature_tests.c.o
[2/2] Linking C executable cmTC_4373a


    Feature record: C_FEATURE:1c_function_prototypes
    Feature record: C_FEATURE:1c_restrict
    Feature record: C_FEATURE:1c_static_assert
    Feature record: C_FEATURE:1c_variadic_macros


Detecting C [-std=c99] compiler features compiled with the following output:
Change Dir: /Users/Chao/opencv/build/build_service_x86_64/CMakeFiles/CMakeTmp

Run Build Command:"/usr/local/bin/ninja" "cmTC_5371c"
[1/2] Building C object CMakeFiles/cmTC_5371c.dir/feature_tests.c.o
[2/2] Linking C executable cmTC_5371c


    Feature record: C_FEATURE:1c_function_prototypes
    Feature record: C_FEATURE:1c_restrict
    Feature record: C_FEATURE:0c_static_assert
    Feature record: C_FEATURE:1c_variadic_macros


Detecting C [-std=c90] compiler features compiled with the following output:
Change Dir: /Users/Chao/opencv/build/build_service_x86_64/CMakeFiles/CMakeTmp

Run Build Command:"/usr/local/bin/ninja" "cmTC_cf0a7"
[1/2] Building C object CMakeFiles/cmTC_cf0a7.dir/feature_tests.c.o
[2/2] Linking C executable cmTC_cf0a7


    Feature record: C_FEATURE:1c_function_prototypes
    Feature record: C_FEATURE:0c_restrict
    Feature record: C_FEATURE:0c_static_assert
    Feature record: C_FEATURE:0c_variadic_macros
Determining if the include file pthread.h exists passed with the following output:
Change Dir: /Users/Chao/opencv/build/build_service_x86_64/CMakeFiles/CMakeTmp

Run Build Command:"/usr/local/bin/ninja" "cmTC_be847"
[1/2] Building C object CMakeFiles/cmTC_be847.dir/CheckIncludeFile.c.o
[2/2] Linking C executable cmTC_be847


Determining if the posix_memalign exist passed with the following output:
Change Dir: /Users/Chao/opencv/build/build_service_x86_64/CMakeFiles/CMakeTmp

Run Build Command:"/usr/local/bin/ninja" "cmTC_9d2d4"
[1/2] Building C object CMakeFiles/cmTC_9d2d4.dir/CheckSymbolExists.c.o
[2/2] Linking C executable cmTC_9d2d4

File /Users/Chao/opencv/build/build_service_x86_64/CMakeFiles/CMakeTmp/CheckSymbolExists.c:
/* */
#include <stdlib.h>

int main(int argc, char** argv)
{
  (void)argv;
#ifndef posix_memalign
  return ((int*)(&posix_memalign))[argc];
#else
  (void)argc;
  return 0;
#endif
}

Determining if the include file malloc.h exists passed with the following output:
Change Dir: /Users/Chao/opencv/build/build_service_x86_64/CMakeFiles/CMakeTmp

Run Build Command:"/usr/local/bin/ninja" "cmTC_30299"
[1/2] Building C object CMakeFiles/cmTC_30299.dir/CheckIncludeFile.c.o
[2/2] Linking C executable cmTC_30299


Determining if the memalign exist passed with the following output:
Change Dir: /Users/Chao/opencv/build/build_service_x86_64/CMakeFiles/CMakeTmp

Run Build Command:"/usr/local/bin/ninja" "cmTC_8e2ed"
[1/2] Building C object CMakeFiles/cmTC_8e2ed.dir/CheckSymbolExists.c.o
[2/2] Linking C executable cmTC_8e2ed

File /Users/Chao/opencv/build/build_service_x86_64/CMakeFiles/CMakeTmp/CheckSymbolExists.c:
/* */
#include <malloc.h>

int main(int argc, char** argv)
{
  (void)argv;
#ifndef memalign
  return ((int*)(&memalign))[argc];
#else
  (void)argc;
  return 0;
#endif
}

Determining if the include file sys/types.h exists passed with the following output:
Change Dir: /Users/Chao/opencv/build/build_service_x86_64/CMakeFiles/CMakeTmp

Run Build Command:"/usr/local/bin/ninja" "cmTC_62d16"
[1/2] Building C object CMakeFiles/cmTC_62d16.dir/CheckIncludeFile.c.o
[2/2] Linking C executable cmTC_62d16


Determining if the include file stdint.h exists passed with the following output:
Change Dir: /Users/Chao/opencv/build/build_service_x86_64/CMakeFiles/CMakeTmp

Run Build Command:"/usr/local/bin/ninja" "cmTC_46138"
[1/2] Building C object CMakeFiles/cmTC_46138.dir/CheckIncludeFile.c.o
[2/2] Linking C executable cmTC_46138


Determining if the include file stddef.h exists passed with the following output:
Change Dir: /Users/Chao/opencv/build/build_service_x86_64/CMakeFiles/CMakeTmp

Run Build Command:"/usr/local/bin/ninja" "cmTC_9c8a8"
[1/2] Building C object CMakeFiles/cmTC_9c8a8.dir/CheckIncludeFile.c.o
[2/2] Linking C executable cmTC_9c8a8


Determining size of unsigned short passed with the following output:
Change Dir: /Users/Chao/opencv/build/build_service_x86_64/CMakeFiles/CMakeTmp

Run Build Command:"/usr/local/bin/ninja" "cmTC_9894c"
[1/2] Building C object CMakeFiles/cmTC_9894c.dir/CMAKE_SIZEOF_UNSIGNED_SHORT.c.o
[2/2] Linking C executable cmTC_9894c


Determining if the system is big endian passed with the following output:
Change Dir: /Users/Chao/opencv/build/build_service_x86_64/CMakeFiles/CMakeTmp

Run Build Command:"/usr/local/bin/ninja" "cmTC_75cd0"
[1/2] Building C object CMakeFiles/cmTC_75cd0.dir/TestEndianess.c.o
[2/2] Linking C executable cmTC_75cd0

TestEndianess.c:
/* A 16 bit integer is required. */
typedef unsigned short cmakeint16;

/* On a little endian machine, these 16bit ints will give "THIS IS LITTLE ENDIAN."
   On a big endian machine the characters will be exchanged pairwise. */
const cmakeint16 info_little[] =  {0x4854, 0x5349, 0x4920, 0x2053, 0x494c, 0x5454, 0x454c, 0x4520, 0x444e, 0x4149, 0x2e4e, 0x0000};

/* on a big endian machine, these 16bit ints will give "THIS IS BIG ENDIAN."
   On a little endian machine the characters will be exchanged pairwise. */
const cmakeint16 info_big[] =     {0x5448, 0x4953, 0x2049, 0x5320, 0x4249, 0x4720, 0x454e, 0x4449, 0x414e, 0x2e2e, 0x0000};

#ifdef __CLASSIC_C__
int main(argc, argv) int argc; char *argv[];
#else
int main(int argc, char *argv[])
#endif
{
  int require = 0;
  require += info_little[argc];
  require += info_big[argc];
  (void)argv;
  return require;
}


Determining if the include file assert.h exists passed with the following output:
Change Dir: /Users/Chao/opencv/build/build_service_x86_64/CMakeFiles/CMakeTmp

Run Build Command:"/usr/local/bin/ninja" "cmTC_c3cf8"
[1/2] Building C object CMakeFiles/cmTC_c3cf8.dir/CheckIncludeFile.c.o
[2/2] Linking C executable cmTC_c3cf8


Determining if the include file fcntl.h exists passed with the following output:
Change Dir: /Users/Chao/opencv/build/build_service_x86_64/CMakeFiles/CMakeTmp

Run Build Command:"/usr/local/bin/ninja" "cmTC_9b2d7"
[1/2] Building C object CMakeFiles/cmTC_9b2d7.dir/CheckIncludeFile.c.o
[2/2] Linking C executable cmTC_9b2d7


Determining if the include file search.h exists passed with the following output:
Change Dir: /Users/Chao/opencv/build/build_service_x86_64/CMakeFiles/CMakeTmp

Run Build Command:"/usr/local/bin/ninja" "cmTC_e5ae3"
[1/2] Building C object CMakeFiles/cmTC_e5ae3.dir/CheckIncludeFile.c.o
[2/2] Linking C executable cmTC_e5ae3


Determining if the include file string.h exists passed with the following output:
Change Dir: /Users/Chao/opencv/build/build_service_x86_64/CMakeFiles/CMakeTmp

Run Build Command:"/usr/local/bin/ninja" "cmTC_4577b"
[1/2] Building C object CMakeFiles/cmTC_4577b.dir/CheckIncludeFile.c.o
[2/2] Linking C executable cmTC_4577b


Determining if the include file unistd.h exists passed with the following output:
Change Dir: /Users/Chao/opencv/build/build_service_x86_64/CMakeFiles/CMakeTmp

Run Build Command:"/usr/local/bin/ninja" "cmTC_58de0"
[1/2] Building C object CMakeFiles/cmTC_58de0.dir/CheckIncludeFile.c.o
[2/2] Linking C executable cmTC_58de0


Determining if the function mmap exists passed with the following output:
Change Dir: /Users/Chao/opencv/build/build_service_x86_64/CMakeFiles/CMakeTmp

Run Build Command:"/usr/local/bin/ninja" "cmTC_01b25"
[1/2] Building C object CMakeFiles/cmTC_01b25.dir/CheckFunctionExists.c.o
[2/2] Linking C executable cmTC_01b25


Determining if the include file semaphore.h exists passed with the following output:
Change Dir: /Users/Chao/opencv/build/build_service_x86_64/CMakeFiles/CMakeTmp

Run Build Command:"/usr/local/bin/ninja" "cmTC_95850"
[1/2] Building C object CMakeFiles/cmTC_95850.dir/CheckIncludeFile.c.o
[2/2] Linking C executable cmTC_95850


Determining if the function dlerror exists in the dl passed with the following output:
Change Dir: /Users/Chao/opencv/build/build_service_x86_64/CMakeFiles/CMakeTmp

Run Build Command:"/usr/local/bin/ninja" "cmTC_a43ee"
[1/2] Building C object CMakeFiles/cmTC_a43ee.dir/CheckFunctionExists.c.o
[2/2] Linking C executable cmTC_a43ee


