Compilation failed:
    source file: '/Users/Chao/opencv/cmake/checks/cxx11.cpp'
    check option: ''
===== BUILD LOG =====
Change Dir: /Users/Chao/opencv/build/build_service_x86_64/CMakeFiles/CMakeTmp

Run Build Command:"/usr/local/bin/ninja" "cmTC_c8437"
[1/2] Building CXX object CMakeFiles/cmTC_c8437.dir/cxx11.cpp.o
FAILED: CMakeFiles/cmTC_c8437.dir/cxx11.cpp.o 
/Users/Chao/android-ndk-r10e/toolchains/x86_64-4.9/prebuilt/darwin-x86_64/bin/x86_64-linux-android-g++  -DANDROID -isystem /Users/Chao/android-ndk-r10e/platforms/android-21/arch-x86_64/usr/include -isystem /Users/Chao/android-ndk-r10e/sources/cxx-stl/gnu-libstdc++/4.9/include -isystem /Users/Chao/android-ndk-r10e/sources/cxx-stl/gnu-libstdc++/4.9/libs/x86_64/include -isystem /Users/Chao/android-ndk-r10e/sources/cxx-stl/gnu-libstdc++/4.9/include/backward -fexceptions -frtti --sysroot=/Users/Chao/android-ndk-r10e/platforms/android-21/arch-x86_64 -funwind-tables -funswitch-loops -finline-limit=300 -fsigned-char -no-canonical-prefixes -fdata-sections -ffunction-sections -Wa,--noexecstack   -fPIE -o CMakeFiles/cmTC_c8437.dir/cxx11.cpp.o -c /Users/Chao/opencv/cmake/checks/cxx11.cpp
/Users/Chao/opencv/cmake/checks/cxx11.cpp:4:2: error: #error "C++11 is not supported"
 #error "C++11 is not supported"
  ^
/Users/Chao/opencv/cmake/checks/cxx11.cpp: In function 'int main()':
/Users/Chao/opencv/cmake/checks/cxx11.cpp:11:10: error: 'res' does not name a type
     auto res = test();
          ^
/Users/Chao/opencv/cmake/checks/cxx11.cpp:12:12: error: 'res' was not declared in this scope
     return res;
            ^
ninja: build stopped: subcommand failed.

===== END =====

Build output check failed:
    Regex: 'command line option .* is valid for .* but not for C\+\+'
    Output line: 'cc1plus: warning: command line option '-Wmissing-prototypes' is valid for C/ObjC but not for C++'
Compilation failed:
    source file: '/Users/Chao/opencv/build/build_service_x86_64/CMakeFiles/CMakeTmp/src.cxx'
    check option: ' -fsigned-char -W -Wall -Werror=return-type -Werror=non-virtual-dtor -Werror=address -Werror=sequence-point -Wformat -Werror=format-security -Wmissing-declarations  -Wmissing-prototypes'
===== BUILD LOG =====
Change Dir: /Users/Chao/opencv/build/build_service_x86_64/CMakeFiles/CMakeTmp

Run Build Command:"/usr/local/bin/ninja" "cmTC_c7e7d"
[1/2] Building CXX object CMakeFiles/cmTC_c7e7d.dir/src.cxx.o
cc1plus: warning: command line option '-Wmissing-prototypes' is valid for C/ObjC but not for C++
src.cxx:1:0: warning: ignoring #pragma   [-Wunknown-pragmas]
 #pragma
 ^
[2/2] Linking CXX executable cmTC_c7e7d

===== END =====

Build output check failed:
    Regex: 'command line option .* is valid for .* but not for C\+\+'
    Output line: 'cc1plus: warning: command line option '-Wstrict-prototypes' is valid for C/ObjC but not for C++'
Compilation failed:
    source file: '/Users/Chao/opencv/build/build_service_x86_64/CMakeFiles/CMakeTmp/src.cxx'
    check option: ' -fsigned-char -W -Wall -Werror=return-type -Werror=non-virtual-dtor -Werror=address -Werror=sequence-point -Wformat -Werror=format-security -Wmissing-declarations  -Wstrict-prototypes'
===== BUILD LOG =====
Change Dir: /Users/Chao/opencv/build/build_service_x86_64/CMakeFiles/CMakeTmp

Run Build Command:"/usr/local/bin/ninja" "cmTC_ebc13"
[1/2] Building CXX object CMakeFiles/cmTC_ebc13.dir/src.cxx.o
cc1plus: warning: command line option '-Wstrict-prototypes' is valid for C/ObjC but not for C++
src.cxx:1:0: warning: ignoring #pragma   [-Wunknown-pragmas]
 #pragma
 ^
[2/2] Linking CXX executable cmTC_ebc13

===== END =====

Build output check failed:
    Regex: 'command line option .* is valid for .* but not for C'
    Output line: 'cc1: warning: command line option '-Wsign-promo' is valid for C++/ObjC++ but not for C'
Compilation failed:
    source file: '/Users/Chao/opencv/build/build_service_x86_64/CMakeFiles/CMakeTmp/src.c'
    check option: ' -fsigned-char -W -Wall -Werror=return-type -Werror=non-virtual-dtor -Werror=address -Werror=sequence-point -Wformat -Werror=format-security -Wmissing-declarations -Wmissing-prototypes -Wstrict-prototypes -Wundef -Winit-self -Wpointer-arith -Wshadow  -Wsign-promo'
===== BUILD LOG =====
Change Dir: /Users/Chao/opencv/build/build_service_x86_64/CMakeFiles/CMakeTmp

Run Build Command:"/usr/local/bin/ninja" "cmTC_cf587"
[1/2] Building C object CMakeFiles/cmTC_cf587.dir/src.c.o
cc1: warning: command line option '-Wsign-promo' is valid for C++/ObjC++ but not for C
src.c:1:0: warning: ignoring #pragma   [-Wunknown-pragmas]
 #pragma
 ^
[2/2] Linking C executable cmTC_cf587

===== END =====

Build output check failed:
    Regex: 'command line option .* is valid for .* but not for C'
    Output line: 'cc1: warning: command line option '-Wno-delete-non-virtual-dtor' is valid for C++/ObjC++ but not for C'
Compilation failed:
    source file: '/Users/Chao/opencv/build/build_service_x86_64/CMakeFiles/CMakeTmp/src.c'
    check option: ' -fsigned-char -W -Wall -Werror=return-type -Werror=non-virtual-dtor -Werror=address -Werror=sequence-point -Wformat -Werror=format-security -Wmissing-declarations -Wmissing-prototypes -Wstrict-prototypes -Wundef -Winit-self -Wpointer-arith -Wshadow -Wuninitialized -Winit-self -Wno-narrowing  -Wno-delete-non-virtual-dtor'
===== BUILD LOG =====
Change Dir: /Users/Chao/opencv/build/build_service_x86_64/CMakeFiles/CMakeTmp

Run Build Command:"/usr/local/bin/ninja" "cmTC_8c34f"
[1/2] Building C object CMakeFiles/cmTC_8c34f.dir/src.c.o
cc1: warning: command line option '-Wno-delete-non-virtual-dtor' is valid for C++/ObjC++ but not for C
src.c:1:0: warning: ignoring #pragma   [-Wunknown-pragmas]
 #pragma
 ^
[2/2] Linking C executable cmTC_8c34f

===== END =====

Build output check failed:
    Regex: 'unrecognized .*option'
    Output line: 'cc1plus: warning: unrecognized command line option "-Wno-unnamed-type-template-args"'
Compilation failed:
    source file: '/Users/Chao/opencv/build/build_service_x86_64/CMakeFiles/CMakeTmp/src.cxx'
    check option: ' -fsigned-char -W -Wall -Werror=return-type -Werror=non-virtual-dtor -Werror=address -Werror=sequence-point -Wformat -Werror=format-security -Wmissing-declarations -Wundef -Winit-self -Wpointer-arith -Wshadow -Wsign-promo -Wuninitialized -Winit-self -Wno-narrowing -Wno-delete-non-virtual-dtor  -Wno-unnamed-type-template-args'
===== BUILD LOG =====
Change Dir: /Users/Chao/opencv/build/build_service_x86_64/CMakeFiles/CMakeTmp

Run Build Command:"/usr/local/bin/ninja" "cmTC_0fe6c"
[1/2] Building CXX object CMakeFiles/cmTC_0fe6c.dir/src.cxx.o
src.cxx:1:0: warning: ignoring #pragma   [-Wunknown-pragmas]
 #pragma
 ^
cc1plus: warning: unrecognized command line option "-Wno-unnamed-type-template-args"
[2/2] Linking CXX executable cmTC_0fe6c

===== END =====

Build output check failed:
    Regex: 'unrecognized .*option'
    Output line: 'cc1: warning: unrecognized command line option "-Wno-unnamed-type-template-args"'
Compilation failed:
    source file: '/Users/Chao/opencv/build/build_service_x86_64/CMakeFiles/CMakeTmp/src.c'
    check option: ' -fsigned-char -W -Wall -Werror=return-type -Werror=non-virtual-dtor -Werror=address -Werror=sequence-point -Wformat -Werror=format-security -Wmissing-declarations -Wmissing-prototypes -Wstrict-prototypes -Wundef -Winit-self -Wpointer-arith -Wshadow -Wuninitialized -Winit-self -Wno-narrowing  -Wno-unnamed-type-template-args'
===== BUILD LOG =====
Change Dir: /Users/Chao/opencv/build/build_service_x86_64/CMakeFiles/CMakeTmp

Run Build Command:"/usr/local/bin/ninja" "cmTC_e6381"
[1/2] Building C object CMakeFiles/cmTC_e6381.dir/src.c.o
src.c:1:0: warning: ignoring #pragma   [-Wunknown-pragmas]
 #pragma
 ^
cc1: warning: unrecognized command line option "-Wno-unnamed-type-template-args"
[2/2] Linking C executable cmTC_e6381

===== END =====

Build output check failed:
    Regex: 'unrecognized .*option'
    Output line: 'cc1plus: warning: unrecognized command line option "-Wno-implicit-fallthrough"'
Compilation failed:
    source file: '/Users/Chao/opencv/build/build_service_x86_64/CMakeFiles/CMakeTmp/src.cxx'
    check option: ' -fsigned-char -W -Wall -Werror=return-type -Werror=non-virtual-dtor -Werror=address -Werror=sequence-point -Wformat -Werror=format-security -Wmissing-declarations -Wundef -Winit-self -Wpointer-arith -Wshadow -Wsign-promo -Wuninitialized -Winit-self -Wno-narrowing -Wno-delete-non-virtual-dtor -Wno-comment  -Wno-implicit-fallthrough'
===== BUILD LOG =====
Change Dir: /Users/Chao/opencv/build/build_service_x86_64/CMakeFiles/CMakeTmp

Run Build Command:"/usr/local/bin/ninja" "cmTC_61b9e"
[1/2] Building CXX object CMakeFiles/cmTC_61b9e.dir/src.cxx.o
src.cxx:1:0: warning: ignoring #pragma   [-Wunknown-pragmas]
 #pragma
 ^
cc1plus: warning: unrecognized command line option "-Wno-implicit-fallthrough"
[2/2] Linking CXX executable cmTC_61b9e

===== END =====

Build output check failed:
    Regex: 'unrecognized .*option'
    Output line: 'cc1: warning: unrecognized command line option "-Wno-implicit-fallthrough"'
Compilation failed:
    source file: '/Users/Chao/opencv/build/build_service_x86_64/CMakeFiles/CMakeTmp/src.c'
    check option: ' -fsigned-char -W -Wall -Werror=return-type -Werror=non-virtual-dtor -Werror=address -Werror=sequence-point -Wformat -Werror=format-security -Wmissing-declarations -Wmissing-prototypes -Wstrict-prototypes -Wundef -Winit-self -Wpointer-arith -Wshadow -Wuninitialized -Winit-self -Wno-narrowing -Wno-comment  -Wno-implicit-fallthrough'
===== BUILD LOG =====
Change Dir: /Users/Chao/opencv/build/build_service_x86_64/CMakeFiles/CMakeTmp

Run Build Command:"/usr/local/bin/ninja" "cmTC_a7ba3"
[1/2] Building C object CMakeFiles/cmTC_a7ba3.dir/src.c.o
src.c:1:0: warning: ignoring #pragma   [-Wunknown-pragmas]
 #pragma
 ^
cc1: warning: unrecognized command line option "-Wno-implicit-fallthrough"
[2/2] Linking C executable cmTC_a7ba3

===== END =====

Build output check failed:
    Regex: 'command line option .* is valid for .* but not for C'
    Output line: 'cc1: warning: command line option '-fvisibility-inlines-hidden' is valid for C++/ObjC++ but not for C'
Compilation failed:
    source file: '/Users/Chao/opencv/build/build_service_x86_64/CMakeFiles/CMakeTmp/src.c'
    check option: ' -fsigned-char -W -Wall -Werror=return-type -Werror=non-virtual-dtor -Werror=address -Werror=sequence-point -Wformat -Werror=format-security -Wmissing-declarations -Wmissing-prototypes -Wstrict-prototypes -Wundef -Winit-self -Wpointer-arith -Wshadow -Wuninitialized -Winit-self -Wno-narrowing -Wno-comment -fdiagnostics-show-option -Wno-long-long -fomit-frame-pointer  -msse -msse2 -msse3 -fvisibility=hidden  -fvisibility-inlines-hidden'
===== BUILD LOG =====
Change Dir: /Users/Chao/opencv/build/build_service_x86_64/CMakeFiles/CMakeTmp

Run Build Command:"/usr/local/bin/ninja" "cmTC_39577"
[1/2] Building C object CMakeFiles/cmTC_39577.dir/src.c.o
cc1: warning: command line option '-fvisibility-inlines-hidden' is valid for C++/ObjC++ but not for C
src.c:1:0: warning: ignoring #pragma   [-Wunknown-pragmas]
 #pragma
 ^
[2/2] Linking C executable cmTC_39577

===== END =====

Determining if the include file io.h exists failed with the following output:
Change Dir: /Users/Chao/opencv/build/build_service_x86_64/CMakeFiles/CMakeTmp

Run Build Command:"/usr/local/bin/ninja" "cmTC_37826"
[1/2] Building C object CMakeFiles/cmTC_37826.dir/CheckIncludeFile.c.o
FAILED: CMakeFiles/cmTC_37826.dir/CheckIncludeFile.c.o 
/Users/Chao/android-ndk-r10e/toolchains/x86_64-4.9/prebuilt/darwin-x86_64/bin/x86_64-linux-android-gcc -DANDROID -isystem /Users/Chao/android-ndk-r10e/platforms/android-21/arch-x86_64/usr/include -isystem /Users/Chao/android-ndk-r10e/sources/cxx-stl/gnu-libstdc++/4.9/include -isystem /Users/Chao/android-ndk-r10e/sources/cxx-stl/gnu-libstdc++/4.9/libs/x86_64/include -isystem /Users/Chao/android-ndk-r10e/sources/cxx-stl/gnu-libstdc++/4.9/include/backward -fexceptions --sysroot=/Users/Chao/android-ndk-r10e/platforms/android-21/arch-x86_64 -funwind-tables -funswitch-loops -finline-limit=300 -fsigned-char -no-canonical-prefixes -fdata-sections -ffunction-sections -Wa,--noexecstack    -fsigned-char -W -Wall -Werror=return-type -Werror=non-virtual-dtor -Werror=address -Werror=sequence-point -Wformat -Werror=format-security -Wmissing-declarations -Wmissing-prototypes -Wstrict-prototypes -Wundef -Winit-self -Wpointer-arith -Wshadow -Wuninitialized -Winit-self -Wno-narrowing -Wno-comment -fdiagnostics-show-option -Wno-long-long -fomit-frame-pointer  -msse -msse2 -msse3 -fvisibility=hidden  -fomit-frame-pointer -fstrict-aliasing -O3 -DNDEBUG -fPIE -o CMakeFiles/cmTC_37826.dir/CheckIncludeFile.c.o   -c CheckIncludeFile.c
CheckIncludeFile.c:1:16: fatal error: io.h: No such file or directory
 #include <io.h>
                ^
compilation terminated.
ninja: build stopped: subcommand failed.


Determining if the function jbg_newlen exists failed with the following output:
Change Dir: /Users/Chao/opencv/build/build_service_x86_64/CMakeFiles/CMakeTmp

Run Build Command:"/usr/local/bin/ninja" "cmTC_f63c6"
[1/2] Building C object CMakeFiles/cmTC_f63c6.dir/CheckFunctionExists.c.o
[2/2] Linking C executable cmTC_f63c6
FAILED: cmTC_f63c6 
: && /Users/Chao/android-ndk-r10e/toolchains/x86_64-4.9/prebuilt/darwin-x86_64/bin/x86_64-linux-android-gcc -fexceptions --sysroot=/Users/Chao/android-ndk-r10e/platforms/android-21/arch-x86_64 -funwind-tables -funswitch-loops -finline-limit=300 -fsigned-char -no-canonical-prefixes -fdata-sections -ffunction-sections -Wa,--noexecstack    -fsigned-char -W -Wall -Werror=return-type -Werror=non-virtual-dtor -Werror=address -Werror=sequence-point -Wformat -Werror=format-security -Wmissing-declarations -Wmissing-prototypes -Wstrict-prototypes -Wundef -Winit-self -Wpointer-arith -Wshadow -Wuninitialized -Winit-self -Wno-narrowing -Wno-comment -fdiagnostics-show-option -Wno-long-long -fomit-frame-pointer  -msse -msse2 -msse3 -fvisibility=hidden -DCHECK_FUNCTION_EXISTS=jbg_newlen -fomit-frame-pointer -fstrict-aliasing -O3 -DNDEBUG  -Wl,--no-undefined -Wl,--gc-sections -Wl,-z,noexecstack -Wl,-z,relro -Wl,-z,now -Wl,-z,nocopyreloc -fPIE -pie CMakeFiles/cmTC_f63c6.dir/CheckFunctionExists.c.o -o cmTC_f63c6   "/Users/Chao/android-ndk-r10e/sources/cxx-stl/gnu-libstdc++/4.9/libs/x86_64/libsupc++.a" && :
CMakeFiles/cmTC_f63c6.dir/CheckFunctionExists.c.o:CheckFunctionExists.c:function main: error: undefined reference to 'jbg_newlen'
collect2: error: ld returned 1 exit status
ninja: build stopped: subcommand failed.


Build output check failed:
    Regex: 'unrecognized .*option'
    Output line: 'cc1: warning: unrecognized command line option "-Wno-misleading-indentation"'
Compilation failed:
    source file: '/Users/Chao/opencv/build/build_service_x86_64/CMakeFiles/CMakeTmp/src.c'
    check option: ' -Wno-misleading-indentation'
===== BUILD LOG =====
Change Dir: /Users/Chao/opencv/build/build_service_x86_64/CMakeFiles/CMakeTmp

Run Build Command:"/usr/local/bin/ninja" "cmTC_b1233"
[1/2] Building C object CMakeFiles/cmTC_b1233.dir/src.c.o
src.c:1:0: warning: ignoring #pragma   [-Wunknown-pragmas]
 #pragma
 ^
cc1: warning: unrecognized command line option "-Wno-misleading-indentation"
[2/2] Linking C executable cmTC_b1233

===== END =====

Build output check failed:
    Regex: 'unrecognized .*option'
    Output line: 'cc1: warning: unrecognized command line option "-Wno-shift-negative-value"'
Compilation failed:
    source file: '/Users/Chao/opencv/build/build_service_x86_64/CMakeFiles/CMakeTmp/src.c'
    check option: ' -Wno-shift-negative-value'
===== BUILD LOG =====
Change Dir: /Users/Chao/opencv/build/build_service_x86_64/CMakeFiles/CMakeTmp

Run Build Command:"/usr/local/bin/ninja" "cmTC_fbeac"
[1/2] Building C object CMakeFiles/cmTC_fbeac.dir/src.c.o
src.c:1:0: warning: ignoring #pragma   [-Wunknown-pragmas]
 #pragma
 ^
cc1: warning: unrecognized command line option "-Wno-shift-negative-value"
[2/2] Linking C executable cmTC_fbeac

===== END =====

Build output check failed:
    Regex: 'unrecognized .*option'
    Output line: 'cc1plus: warning: unrecognized command line option "-Wno-misleading-indentation"'
Compilation failed:
    source file: '/Users/Chao/opencv/build/build_service_x86_64/CMakeFiles/CMakeTmp/src.cxx'
    check option: ' -Wno-misleading-indentation'
===== BUILD LOG =====
Change Dir: /Users/Chao/opencv/build/build_service_x86_64/CMakeFiles/CMakeTmp

Run Build Command:"/usr/local/bin/ninja" "cmTC_c09f2"
[1/2] Building CXX object CMakeFiles/cmTC_c09f2.dir/src.cxx.o
src.cxx:1:0: warning: ignoring #pragma   [-Wunknown-pragmas]
 #pragma
 ^
cc1plus: warning: unrecognized command line option "-Wno-misleading-indentation"
[2/2] Linking CXX executable cmTC_c09f2

===== END =====

Build output check failed:
    Regex: 'command line option .* is valid for .* but not for C\+\+'
    Output line: 'cc1plus: warning: command line option '-Wno-missing-prototypes' is valid for C/ObjC but not for C++'
Compilation failed:
    source file: '/Users/Chao/opencv/build/build_service_x86_64/CMakeFiles/CMakeTmp/src.cxx'
    check option: ' -Wno-missing-prototypes'
===== BUILD LOG =====
Change Dir: /Users/Chao/opencv/build/build_service_x86_64/CMakeFiles/CMakeTmp

Run Build Command:"/usr/local/bin/ninja" "cmTC_5a4ba"
[1/2] Building CXX object CMakeFiles/cmTC_5a4ba.dir/src.cxx.o
cc1plus: warning: command line option '-Wno-missing-prototypes' is valid for C/ObjC but not for C++
src.cxx:1:0: warning: ignoring #pragma   [-Wunknown-pragmas]
 #pragma
 ^
[2/2] Linking CXX executable cmTC_5a4ba

===== END =====

Build output check failed:
    Regex: 'unrecognized .*option'
    Output line: 'cc1plus: warning: unrecognized command line option "-Wno-tautological-undefined-compare"'
Compilation failed:
    source file: '/Users/Chao/opencv/build/build_service_x86_64/CMakeFiles/CMakeTmp/src.cxx'
    check option: ' -Wno-tautological-undefined-compare'
===== BUILD LOG =====
Change Dir: /Users/Chao/opencv/build/build_service_x86_64/CMakeFiles/CMakeTmp

Run Build Command:"/usr/local/bin/ninja" "cmTC_972cb"
[1/2] Building CXX object CMakeFiles/cmTC_972cb.dir/src.cxx.o
src.cxx:1:0: warning: ignoring #pragma   [-Wunknown-pragmas]
 #pragma
 ^
cc1plus: warning: unrecognized command line option "-Wno-tautological-undefined-compare"
[2/2] Linking CXX executable cmTC_972cb

===== END =====

Build output check failed:
    Regex: 'unrecognized .*option'
    Output line: 'cc1plus: warning: unrecognized command line option "-Wno-unused-const-variable"'
Compilation failed:
    source file: '/Users/Chao/opencv/build/build_service_x86_64/CMakeFiles/CMakeTmp/src.cxx'
    check option: ' -Wno-unused-const-variable'
===== BUILD LOG =====
Change Dir: /Users/Chao/opencv/build/build_service_x86_64/CMakeFiles/CMakeTmp

Run Build Command:"/usr/local/bin/ninja" "cmTC_01470"
[1/2] Building CXX object CMakeFiles/cmTC_01470.dir/src.cxx.o
src.cxx:1:0: warning: ignoring #pragma   [-Wunknown-pragmas]
 #pragma
 ^
cc1plus: warning: unrecognized command line option "-Wno-unused-const-variable"
[2/2] Linking CXX executable cmTC_01470

===== END =====

Build output check failed:
    Regex: 'unrecognized .*option'
    Output line: 'cc1plus: warning: unrecognized command line option "-Wno-shorten-64-to-32"'
Compilation failed:
    source file: '/Users/Chao/opencv/build/build_service_x86_64/CMakeFiles/CMakeTmp/src.cxx'
    check option: ' -Wno-shorten-64-to-32'
===== BUILD LOG =====
Change Dir: /Users/Chao/opencv/build/build_service_x86_64/CMakeFiles/CMakeTmp

Run Build Command:"/usr/local/bin/ninja" "cmTC_5b784"
[1/2] Building CXX object CMakeFiles/cmTC_5b784.dir/src.cxx.o
src.cxx:1:0: warning: ignoring #pragma   [-Wunknown-pragmas]
 #pragma
 ^
cc1plus: warning: unrecognized command line option "-Wno-shorten-64-to-32"
[2/2] Linking CXX executable cmTC_5b784

===== END =====

