Compilation failed:
    source file: '/Users/Chao/opencv/cmake/checks/cxx11.cpp'
    check option: ''
===== BUILD LOG =====
Change Dir: /Users/Chao/opencv/build/o4a/CMakeFiles/CMakeTmp

Run Build Command:"/usr/local/bin/ninja" "cmTC_b4437"
[1/2] Building CXX object CMakeFiles/cmTC_b4437.dir/cxx11.cpp.o
FAILED: CMakeFiles/cmTC_b4437.dir/cxx11.cpp.o 
/Users/Chao/android-ndk-r10e/toolchains/mipsel-linux-android-4.8/prebuilt/darwin-x86_64/bin/mipsel-linux-android-g++  -DANDROID -isystem /Users/Chao/android-ndk-r10e/platforms/android-9/arch-mips/usr/include -isystem /Users/Chao/android-ndk-r10e/sources/cxx-stl/gnu-libstdc++/4.8/include -isystem /Users/Chao/android-ndk-r10e/sources/cxx-stl/gnu-libstdc++/4.8/libs/mips/include -isystem /Users/Chao/android-ndk-r10e/sources/cxx-stl/gnu-libstdc++/4.8/include/backward -fexceptions -frtti -fpic -Wno-psabi --sysroot=/Users/Chao/android-ndk-r10e/platforms/android-9/arch-mips -fno-strict-aliasing -finline-functions -funwind-tables -fmessage-length=0 -fno-inline-functions-called-once -fgcse-after-reload -frerun-cse-after-loop -frename-registers -fsigned-char -no-canonical-prefixes -fdata-sections -ffunction-sections -Wa,--noexecstack -o CMakeFiles/cmTC_b4437.dir/cxx11.cpp.o -c /Users/Chao/opencv/cmake/checks/cxx11.cpp
/Users/Chao/opencv/cmake/checks/cxx11.cpp:4:2: error: #error "C++11 is not supported"
 #error "C++11 is not supported"
  ^
/Users/Chao/opencv/cmake/checks/cxx11.cpp: In function 'int main()':
/Users/Chao/opencv/cmake/checks/cxx11.cpp:11:10: error: 'res' does not name a type
     auto res = test();
          ^
/Users/Chao/opencv/cmake/checks/cxx11.cpp:12:12: error: 'res' was not declared in this scope
     return res;
            ^
ninja: build stopped: subcommand failed.

===== END =====

Build output check failed:
    Regex: 'command line option .* is valid for .* but not for C\+\+'
    Output line: 'cc1plus: warning: command line option '-Wmissing-prototypes' is valid for C/ObjC but not for C++ [enabled by default]'
Compilation failed:
    source file: '/Users/Chao/opencv/build/o4a/CMakeFiles/CMakeTmp/src.cxx'
    check option: ' -fsigned-char -W -Wall -Werror=return-type -Werror=non-virtual-dtor -Werror=address -Werror=sequence-point -Wformat -Werror=format-security -Wmissing-declarations  -Wmissing-prototypes'
===== BUILD LOG =====
Change Dir: /Users/Chao/opencv/build/o4a/CMakeFiles/CMakeTmp

Run Build Command:"/usr/local/bin/ninja" "cmTC_21976"
[1/2] Building CXX object CMakeFiles/cmTC_21976.dir/src.cxx.o
cc1plus: warning: command line option '-Wmissing-prototypes' is valid for C/ObjC but not for C++ [enabled by default]
src.cxx:1:0: warning: ignoring #pragma   [-Wunknown-pragmas]
 #pragma
 ^
[2/2] Linking CXX executable cmTC_21976

===== END =====

Build output check failed:
    Regex: 'command line option .* is valid for .* but not for C\+\+'
    Output line: 'cc1plus: warning: command line option '-Wstrict-prototypes' is valid for C/ObjC but not for C++ [enabled by default]'
Compilation failed:
    source file: '/Users/Chao/opencv/build/o4a/CMakeFiles/CMakeTmp/src.cxx'
    check option: ' -fsigned-char -W -Wall -Werror=return-type -Werror=non-virtual-dtor -Werror=address -Werror=sequence-point -Wformat -Werror=format-security -Wmissing-declarations  -Wstrict-prototypes'
===== BUILD LOG =====
Change Dir: /Users/Chao/opencv/build/o4a/CMakeFiles/CMakeTmp

Run Build Command:"/usr/local/bin/ninja" "cmTC_72e86"
[1/2] Building CXX object CMakeFiles/cmTC_72e86.dir/src.cxx.o
cc1plus: warning: command line option '-Wstrict-prototypes' is valid for C/ObjC but not for C++ [enabled by default]
src.cxx:1:0: warning: ignoring #pragma   [-Wunknown-pragmas]
 #pragma
 ^
[2/2] Linking CXX executable cmTC_72e86

===== END =====

Build output check failed:
    Regex: 'command line option .* is valid for .* but not for C'
    Output line: 'cc1: warning: command line option '-Wsign-promo' is valid for C++/ObjC++ but not for C [enabled by default]'
Compilation failed:
    source file: '/Users/Chao/opencv/build/o4a/CMakeFiles/CMakeTmp/src.c'
    check option: ' -fsigned-char -W -Wall -Werror=return-type -Werror=non-virtual-dtor -Werror=address -Werror=sequence-point -Wformat -Werror=format-security -Wmissing-declarations -Wmissing-prototypes -Wstrict-prototypes -Wundef -Winit-self -Wpointer-arith -Wshadow  -Wsign-promo'
===== BUILD LOG =====
Change Dir: /Users/Chao/opencv/build/o4a/CMakeFiles/CMakeTmp

Run Build Command:"/usr/local/bin/ninja" "cmTC_bae25"
[1/2] Building C object CMakeFiles/cmTC_bae25.dir/src.c.o
cc1: warning: command line option '-Wsign-promo' is valid for C++/ObjC++ but not for C [enabled by default]
src.c:1:0: warning: ignoring #pragma   [-Wunknown-pragmas]
 #pragma
 ^
[2/2] Linking C executable cmTC_bae25

===== END =====

Build output check failed:
    Regex: 'command line option .* is valid for .* but not for C'
    Output line: 'cc1: warning: command line option '-Wno-delete-non-virtual-dtor' is valid for C++/ObjC++ but not for C [enabled by default]'
Compilation failed:
    source file: '/Users/Chao/opencv/build/o4a/CMakeFiles/CMakeTmp/src.c'
    check option: ' -fsigned-char -W -Wall -Werror=return-type -Werror=non-virtual-dtor -Werror=address -Werror=sequence-point -Wformat -Werror=format-security -Wmissing-declarations -Wmissing-prototypes -Wstrict-prototypes -Wundef -Winit-self -Wpointer-arith -Wshadow -Wuninitialized -Winit-self -Wno-narrowing  -Wno-delete-non-virtual-dtor'
===== BUILD LOG =====
Change Dir: /Users/Chao/opencv/build/o4a/CMakeFiles/CMakeTmp

Run Build Command:"/usr/local/bin/ninja" "cmTC_9ff99"
[1/2] Building C object CMakeFiles/cmTC_9ff99.dir/src.c.o
cc1: warning: command line option '-Wno-delete-non-virtual-dtor' is valid for C++/ObjC++ but not for C [enabled by default]
src.c:1:0: warning: ignoring #pragma   [-Wunknown-pragmas]
 #pragma
 ^
[2/2] Linking C executable cmTC_9ff99

===== END =====

Build output check failed:
    Regex: 'unrecognized .*option'
    Output line: 'cc1plus: warning: unrecognized command line option "-Wno-unnamed-type-template-args" [enabled by default]'
Compilation failed:
    source file: '/Users/Chao/opencv/build/o4a/CMakeFiles/CMakeTmp/src.cxx'
    check option: ' -fsigned-char -W -Wall -Werror=return-type -Werror=non-virtual-dtor -Werror=address -Werror=sequence-point -Wformat -Werror=format-security -Wmissing-declarations -Wundef -Winit-self -Wpointer-arith -Wshadow -Wsign-promo -Wuninitialized -Winit-self -Wno-narrowing -Wno-delete-non-virtual-dtor  -Wno-unnamed-type-template-args'
===== BUILD LOG =====
Change Dir: /Users/Chao/opencv/build/o4a/CMakeFiles/CMakeTmp

Run Build Command:"/usr/local/bin/ninja" "cmTC_75b37"
[1/2] Building CXX object CMakeFiles/cmTC_75b37.dir/src.cxx.o
src.cxx:1:0: warning: ignoring #pragma   [-Wunknown-pragmas]
 #pragma
 ^
cc1plus: warning: unrecognized command line option "-Wno-unnamed-type-template-args" [enabled by default]
[2/2] Linking CXX executable cmTC_75b37

===== END =====

Build output check failed:
    Regex: 'unrecognized .*option'
    Output line: 'cc1: warning: unrecognized command line option "-Wno-unnamed-type-template-args" [enabled by default]'
Compilation failed:
    source file: '/Users/Chao/opencv/build/o4a/CMakeFiles/CMakeTmp/src.c'
    check option: ' -fsigned-char -W -Wall -Werror=return-type -Werror=non-virtual-dtor -Werror=address -Werror=sequence-point -Wformat -Werror=format-security -Wmissing-declarations -Wmissing-prototypes -Wstrict-prototypes -Wundef -Winit-self -Wpointer-arith -Wshadow -Wuninitialized -Winit-self -Wno-narrowing  -Wno-unnamed-type-template-args'
===== BUILD LOG =====
Change Dir: /Users/Chao/opencv/build/o4a/CMakeFiles/CMakeTmp

Run Build Command:"/usr/local/bin/ninja" "cmTC_7943c"
[1/2] Building C object CMakeFiles/cmTC_7943c.dir/src.c.o
src.c:1:0: warning: ignoring #pragma   [-Wunknown-pragmas]
 #pragma
 ^
cc1: warning: unrecognized command line option "-Wno-unnamed-type-template-args" [enabled by default]
[2/2] Linking C executable cmTC_7943c

===== END =====

Build output check failed:
    Regex: 'unrecognized .*option'
    Output line: 'cc1plus: warning: unrecognized command line option "-Wno-implicit-fallthrough" [enabled by default]'
Compilation failed:
    source file: '/Users/Chao/opencv/build/o4a/CMakeFiles/CMakeTmp/src.cxx'
    check option: ' -fsigned-char -W -Wall -Werror=return-type -Werror=non-virtual-dtor -Werror=address -Werror=sequence-point -Wformat -Werror=format-security -Wmissing-declarations -Wundef -Winit-self -Wpointer-arith -Wshadow -Wsign-promo -Wuninitialized -Winit-self -Wno-narrowing -Wno-delete-non-virtual-dtor -Wno-comment  -Wno-implicit-fallthrough'
===== BUILD LOG =====
Change Dir: /Users/Chao/opencv/build/o4a/CMakeFiles/CMakeTmp

Run Build Command:"/usr/local/bin/ninja" "cmTC_2ec22"
[1/2] Building CXX object CMakeFiles/cmTC_2ec22.dir/src.cxx.o
src.cxx:1:0: warning: ignoring #pragma   [-Wunknown-pragmas]
 #pragma
 ^
cc1plus: warning: unrecognized command line option "-Wno-implicit-fallthrough" [enabled by default]
[2/2] Linking CXX executable cmTC_2ec22

===== END =====

Build output check failed:
    Regex: 'unrecognized .*option'
    Output line: 'cc1: warning: unrecognized command line option "-Wno-implicit-fallthrough" [enabled by default]'
Compilation failed:
    source file: '/Users/Chao/opencv/build/o4a/CMakeFiles/CMakeTmp/src.c'
    check option: ' -fsigned-char -W -Wall -Werror=return-type -Werror=non-virtual-dtor -Werror=address -Werror=sequence-point -Wformat -Werror=format-security -Wmissing-declarations -Wmissing-prototypes -Wstrict-prototypes -Wundef -Winit-self -Wpointer-arith -Wshadow -Wuninitialized -Winit-self -Wno-narrowing -Wno-comment  -Wno-implicit-fallthrough'
===== BUILD LOG =====
Change Dir: /Users/Chao/opencv/build/o4a/CMakeFiles/CMakeTmp

Run Build Command:"/usr/local/bin/ninja" "cmTC_57e04"
[1/2] Building C object CMakeFiles/cmTC_57e04.dir/src.c.o
src.c:1:0: warning: ignoring #pragma   [-Wunknown-pragmas]
 #pragma
 ^
cc1: warning: unrecognized command line option "-Wno-implicit-fallthrough" [enabled by default]
[2/2] Linking C executable cmTC_57e04

===== END =====

Build output check failed:
    Regex: 'command line option .* is valid for .* but not for C'
    Output line: 'cc1: warning: command line option '-fvisibility-inlines-hidden' is valid for C++/ObjC++ but not for C [enabled by default]'
Compilation failed:
    source file: '/Users/Chao/opencv/build/o4a/CMakeFiles/CMakeTmp/src.c'
    check option: ' -fsigned-char -W -Wall -Werror=return-type -Werror=non-virtual-dtor -Werror=address -Werror=sequence-point -Wformat -Werror=format-security -Wmissing-declarations -Wmissing-prototypes -Wstrict-prototypes -Wundef -Winit-self -Wpointer-arith -Wshadow -Wuninitialized -Winit-self -Wno-narrowing -Wno-comment -fdiagnostics-show-option -fomit-frame-pointer  -fvisibility=hidden  -fvisibility-inlines-hidden'
===== BUILD LOG =====
Change Dir: /Users/Chao/opencv/build/o4a/CMakeFiles/CMakeTmp

Run Build Command:"/usr/local/bin/ninja" "cmTC_c7a5a"
[1/2] Building C object CMakeFiles/cmTC_c7a5a.dir/src.c.o
cc1: warning: command line option '-fvisibility-inlines-hidden' is valid for C++/ObjC++ but not for C [enabled by default]
src.c:1:0: warning: ignoring #pragma   [-Wunknown-pragmas]
 #pragma
 ^
[2/2] Linking C executable cmTC_c7a5a

===== END =====

Determining if the posix_memalign exist failed with the following output:
Change Dir: /Users/Chao/opencv/build/o4a/CMakeFiles/CMakeTmp

Run Build Command:"/usr/local/bin/ninja" "cmTC_65cc7"
[1/2] Building C object CMakeFiles/cmTC_65cc7.dir/CheckSymbolExists.c.o
FAILED: CMakeFiles/cmTC_65cc7.dir/CheckSymbolExists.c.o 
/Users/Chao/android-ndk-r10e/toolchains/mipsel-linux-android-4.8/prebuilt/darwin-x86_64/bin/mipsel-linux-android-gcc -DANDROID -isystem /Users/Chao/android-ndk-r10e/platforms/android-9/arch-mips/usr/include -isystem /Users/Chao/android-ndk-r10e/sources/cxx-stl/gnu-libstdc++/4.8/include -isystem /Users/Chao/android-ndk-r10e/sources/cxx-stl/gnu-libstdc++/4.8/libs/mips/include -isystem /Users/Chao/android-ndk-r10e/sources/cxx-stl/gnu-libstdc++/4.8/include/backward -fexceptions -fpic -Wno-psabi --sysroot=/Users/Chao/android-ndk-r10e/platforms/android-9/arch-mips -fno-strict-aliasing -finline-functions -funwind-tables -fmessage-length=0 -fno-inline-functions-called-once -fgcse-after-reload -frerun-cse-after-loop -frename-registers -fsigned-char -no-canonical-prefixes -fdata-sections -ffunction-sections -Wa,--noexecstack    -fsigned-char -W -Wall -Werror=return-type -Werror=non-virtual-dtor -Werror=address -Werror=sequence-point -Wformat -Werror=format-security -Wmissing-declarations -Wmissing-prototypes -Wstrict-prototypes -Wundef -Winit-self -Wpointer-arith -Wshadow -Wuninitialized -Winit-self -Wno-narrowing -Wno-comment -fdiagnostics-show-option -fomit-frame-pointer  -fvisibility=hidden  -fomit-frame-pointer -funswitch-loops -finline-limit=300 -O3 -DNDEBUG -o CMakeFiles/cmTC_65cc7.dir/CheckSymbolExists.c.o   -c CheckSymbolExists.c
CheckSymbolExists.c: In function 'main':
CheckSymbolExists.c:8:19: error: 'posix_memalign' undeclared (first use in this function)
   return ((int*)(&posix_memalign))[argc];
                   ^
CheckSymbolExists.c:8:19: note: each undeclared identifier is reported only once for each function it appears in
CheckSymbolExists.c:4:14: warning: parameter 'argc' set but not used [-Wunused-but-set-parameter]
 int main(int argc, char** argv)
              ^
CheckSymbolExists.c:13:1: error: control reaches end of non-void function [-Werror=return-type]
 }
 ^
cc1: some warnings being treated as errors
ninja: build stopped: subcommand failed.

File /Users/Chao/opencv/build/o4a/CMakeFiles/CMakeTmp/CheckSymbolExists.c:
/* */
#include <stdlib.h>

int main(int argc, char** argv)
{
  (void)argv;
#ifndef posix_memalign
  return ((int*)(&posix_memalign))[argc];
#else
  (void)argc;
  return 0;
#endif
}

Determining if the include file io.h exists failed with the following output:
Change Dir: /Users/Chao/opencv/build/o4a/CMakeFiles/CMakeTmp

Run Build Command:"/usr/local/bin/ninja" "cmTC_23379"
[1/2] Building C object CMakeFiles/cmTC_23379.dir/CheckIncludeFile.c.o
FAILED: CMakeFiles/cmTC_23379.dir/CheckIncludeFile.c.o 
/Users/Chao/android-ndk-r10e/toolchains/mipsel-linux-android-4.8/prebuilt/darwin-x86_64/bin/mipsel-linux-android-gcc -DANDROID -isystem /Users/Chao/android-ndk-r10e/platforms/android-9/arch-mips/usr/include -isystem /Users/Chao/android-ndk-r10e/sources/cxx-stl/gnu-libstdc++/4.8/include -isystem /Users/Chao/android-ndk-r10e/sources/cxx-stl/gnu-libstdc++/4.8/libs/mips/include -isystem /Users/Chao/android-ndk-r10e/sources/cxx-stl/gnu-libstdc++/4.8/include/backward -fexceptions -fpic -Wno-psabi --sysroot=/Users/Chao/android-ndk-r10e/platforms/android-9/arch-mips -fno-strict-aliasing -finline-functions -funwind-tables -fmessage-length=0 -fno-inline-functions-called-once -fgcse-after-reload -frerun-cse-after-loop -frename-registers -fsigned-char -no-canonical-prefixes -fdata-sections -ffunction-sections -Wa,--noexecstack    -fsigned-char -W -Wall -Werror=return-type -Werror=non-virtual-dtor -Werror=address -Werror=sequence-point -Wformat -Werror=format-security -Wmissing-declarations -Wmissing-prototypes -Wstrict-prototypes -Wundef -Winit-self -Wpointer-arith -Wshadow -Wuninitialized -Winit-self -Wno-narrowing -Wno-comment -fdiagnostics-show-option -fomit-frame-pointer  -fvisibility=hidden  -fomit-frame-pointer -funswitch-loops -finline-limit=300 -O3 -DNDEBUG -o CMakeFiles/cmTC_23379.dir/CheckIncludeFile.c.o   -c CheckIncludeFile.c
CheckIncludeFile.c:1:16: fatal error: io.h: No such file or directory
 #include <io.h>
                ^
compilation terminated.
ninja: build stopped: subcommand failed.


Determining if the function jbg_newlen exists failed with the following output:
Change Dir: /Users/Chao/opencv/build/o4a/CMakeFiles/CMakeTmp

Run Build Command:"/usr/local/bin/ninja" "cmTC_c8cc8"
[1/2] Building C object CMakeFiles/cmTC_c8cc8.dir/CheckFunctionExists.c.o
[2/2] Linking C executable cmTC_c8cc8
FAILED: cmTC_c8cc8 
: && /Users/Chao/android-ndk-r10e/toolchains/mipsel-linux-android-4.8/prebuilt/darwin-x86_64/bin/mipsel-linux-android-gcc -fexceptions -fpic -Wno-psabi --sysroot=/Users/Chao/android-ndk-r10e/platforms/android-9/arch-mips -fno-strict-aliasing -finline-functions -funwind-tables -fmessage-length=0 -fno-inline-functions-called-once -fgcse-after-reload -frerun-cse-after-loop -frename-registers -fsigned-char -no-canonical-prefixes -fdata-sections -ffunction-sections -Wa,--noexecstack    -fsigned-char -W -Wall -Werror=return-type -Werror=non-virtual-dtor -Werror=address -Werror=sequence-point -Wformat -Werror=format-security -Wmissing-declarations -Wmissing-prototypes -Wstrict-prototypes -Wundef -Winit-self -Wpointer-arith -Wshadow -Wuninitialized -Winit-self -Wno-narrowing -Wno-comment -fdiagnostics-show-option -fomit-frame-pointer  -fvisibility=hidden -DCHECK_FUNCTION_EXISTS=jbg_newlen -fomit-frame-pointer -funswitch-loops -finline-limit=300 -O3 -DNDEBUG  -Wl,--no-undefined -Wl,-rpath-link,/Users/Chao/android-ndk-r10e/platforms/android-9/arch-mips/usr/lib -Wl,--gc-sections -Wl,-z,noexecstack -Wl,-z,relro -Wl,-z,now -Wl,-z,nocopyreloc CMakeFiles/cmTC_c8cc8.dir/CheckFunctionExists.c.o -o cmTC_c8cc8   "/Users/Chao/android-ndk-r10e/sources/cxx-stl/gnu-libstdc++/4.8/libs/mips/libsupc++.a" && :
CMakeFiles/cmTC_c8cc8.dir/CheckFunctionExists.c.o: In function `main':
CheckFunctionExists.c:(.text.startup.main+0x10): undefined reference to `jbg_newlen'
collect2: error: ld returned 1 exit status
ninja: build stopped: subcommand failed.


Determining if the include file search.h exists failed with the following output:
Change Dir: /Users/Chao/opencv/build/o4a/CMakeFiles/CMakeTmp

Run Build Command:"/usr/local/bin/ninja" "cmTC_e9eef"
[1/2] Building C object CMakeFiles/cmTC_e9eef.dir/CheckIncludeFile.c.o
FAILED: CMakeFiles/cmTC_e9eef.dir/CheckIncludeFile.c.o 
/Users/Chao/android-ndk-r10e/toolchains/mipsel-linux-android-4.8/prebuilt/darwin-x86_64/bin/mipsel-linux-android-gcc -DANDROID -isystem /Users/Chao/android-ndk-r10e/platforms/android-9/arch-mips/usr/include -isystem /Users/Chao/android-ndk-r10e/sources/cxx-stl/gnu-libstdc++/4.8/include -isystem /Users/Chao/android-ndk-r10e/sources/cxx-stl/gnu-libstdc++/4.8/libs/mips/include -isystem /Users/Chao/android-ndk-r10e/sources/cxx-stl/gnu-libstdc++/4.8/include/backward -fexceptions -fpic -Wno-psabi --sysroot=/Users/Chao/android-ndk-r10e/platforms/android-9/arch-mips -fno-strict-aliasing -finline-functions -funwind-tables -fmessage-length=0 -fno-inline-functions-called-once -fgcse-after-reload -frerun-cse-after-loop -frename-registers -fsigned-char -no-canonical-prefixes -fdata-sections -ffunction-sections -Wa,--noexecstack    -fsigned-char -W -Wall -Werror=return-type -Werror=non-virtual-dtor -Werror=address -Werror=sequence-point -Wformat -Werror=format-security -Wmissing-declarations -Wmissing-prototypes -Wstrict-prototypes -Wundef -Winit-self -Wpointer-arith -Wshadow -Wuninitialized -Winit-self -Wno-narrowing -Wno-comment -fdiagnostics-show-option -fomit-frame-pointer  -fvisibility=hidden  -fomit-frame-pointer -funswitch-loops -finline-limit=300 -O3 -DNDEBUG -o CMakeFiles/cmTC_e9eef.dir/CheckIncludeFile.c.o   -c CheckIncludeFile.c
CheckIncludeFile.c:1:20: fatal error: search.h: No such file or directory
 #include <search.h>
                    ^
compilation terminated.
ninja: build stopped: subcommand failed.


Build output check failed:
    Regex: 'unrecognized .*option'
    Output line: 'cc1: warning: unrecognized command line option "-Wno-misleading-indentation" [enabled by default]'
Compilation failed:
    source file: '/Users/Chao/opencv/build/o4a/CMakeFiles/CMakeTmp/src.c'
    check option: ' -Wno-misleading-indentation'
===== BUILD LOG =====
Change Dir: /Users/Chao/opencv/build/o4a/CMakeFiles/CMakeTmp

Run Build Command:"/usr/local/bin/ninja" "cmTC_d7474"
[1/2] Building C object CMakeFiles/cmTC_d7474.dir/src.c.o
src.c:1:0: warning: ignoring #pragma   [-Wunknown-pragmas]
 #pragma
 ^
cc1: warning: unrecognized command line option "-Wno-misleading-indentation" [enabled by default]
[2/2] Linking C executable cmTC_d7474

===== END =====

Build output check failed:
    Regex: 'unrecognized .*option'
    Output line: 'cc1: warning: unrecognized command line option "-Wno-shift-negative-value" [enabled by default]'
Compilation failed:
    source file: '/Users/Chao/opencv/build/o4a/CMakeFiles/CMakeTmp/src.c'
    check option: ' -Wno-shift-negative-value'
===== BUILD LOG =====
Change Dir: /Users/Chao/opencv/build/o4a/CMakeFiles/CMakeTmp

Run Build Command:"/usr/local/bin/ninja" "cmTC_8ab6c"
[1/2] Building C object CMakeFiles/cmTC_8ab6c.dir/src.c.o
src.c:1:0: warning: ignoring #pragma   [-Wunknown-pragmas]
 #pragma
 ^
cc1: warning: unrecognized command line option "-Wno-shift-negative-value" [enabled by default]
[2/2] Linking C executable cmTC_8ab6c

===== END =====

Build output check failed:
    Regex: 'unrecognized .*option'
    Output line: 'cc1plus: warning: unrecognized command line option "-Wno-misleading-indentation" [enabled by default]'
Compilation failed:
    source file: '/Users/Chao/opencv/build/o4a/CMakeFiles/CMakeTmp/src.cxx'
    check option: ' -Wno-misleading-indentation'
===== BUILD LOG =====
Change Dir: /Users/Chao/opencv/build/o4a/CMakeFiles/CMakeTmp

Run Build Command:"/usr/local/bin/ninja" "cmTC_f03d2"
[1/2] Building CXX object CMakeFiles/cmTC_f03d2.dir/src.cxx.o
src.cxx:1:0: warning: ignoring #pragma   [-Wunknown-pragmas]
 #pragma
 ^
cc1plus: warning: unrecognized command line option "-Wno-misleading-indentation" [enabled by default]
[2/2] Linking CXX executable cmTC_f03d2

===== END =====

Build output check failed:
    Regex: 'command line option .* is valid for .* but not for C\+\+'
    Output line: 'cc1plus: warning: command line option '-Wno-missing-prototypes' is valid for C/ObjC but not for C++ [enabled by default]'
Compilation failed:
    source file: '/Users/Chao/opencv/build/o4a/CMakeFiles/CMakeTmp/src.cxx'
    check option: ' -Wno-missing-prototypes'
===== BUILD LOG =====
Change Dir: /Users/Chao/opencv/build/o4a/CMakeFiles/CMakeTmp

Run Build Command:"/usr/local/bin/ninja" "cmTC_4fc40"
[1/2] Building CXX object CMakeFiles/cmTC_4fc40.dir/src.cxx.o
cc1plus: warning: command line option '-Wno-missing-prototypes' is valid for C/ObjC but not for C++ [enabled by default]
src.cxx:1:0: warning: ignoring #pragma   [-Wunknown-pragmas]
 #pragma
 ^
[2/2] Linking CXX executable cmTC_4fc40

===== END =====

Build output check failed:
    Regex: 'unrecognized .*option'
    Output line: 'cc1plus: warning: unrecognized command line option "-Wno-tautological-undefined-compare" [enabled by default]'
Compilation failed:
    source file: '/Users/Chao/opencv/build/o4a/CMakeFiles/CMakeTmp/src.cxx'
    check option: ' -Wno-tautological-undefined-compare'
===== BUILD LOG =====
Change Dir: /Users/Chao/opencv/build/o4a/CMakeFiles/CMakeTmp

Run Build Command:"/usr/local/bin/ninja" "cmTC_a7db1"
[1/2] Building CXX object CMakeFiles/cmTC_a7db1.dir/src.cxx.o
src.cxx:1:0: warning: ignoring #pragma   [-Wunknown-pragmas]
 #pragma
 ^
cc1plus: warning: unrecognized command line option "-Wno-tautological-undefined-compare" [enabled by default]
[2/2] Linking CXX executable cmTC_a7db1

===== END =====

Build output check failed:
    Regex: 'unrecognized .*option'
    Output line: 'cc1plus: warning: unrecognized command line option "-Wno-unused-const-variable" [enabled by default]'
Compilation failed:
    source file: '/Users/Chao/opencv/build/o4a/CMakeFiles/CMakeTmp/src.cxx'
    check option: ' -Wno-unused-const-variable'
===== BUILD LOG =====
Change Dir: /Users/Chao/opencv/build/o4a/CMakeFiles/CMakeTmp

Run Build Command:"/usr/local/bin/ninja" "cmTC_b4896"
[1/2] Building CXX object CMakeFiles/cmTC_b4896.dir/src.cxx.o
src.cxx:1:0: warning: ignoring #pragma   [-Wunknown-pragmas]
 #pragma
 ^
cc1plus: warning: unrecognized command line option "-Wno-unused-const-variable" [enabled by default]
[2/2] Linking CXX executable cmTC_b4896

===== END =====

Build output check failed:
    Regex: 'unrecognized .*option'
    Output line: 'cc1plus: warning: unrecognized command line option "-Wno-shorten-64-to-32" [enabled by default]'
Compilation failed:
    source file: '/Users/Chao/opencv/build/o4a/CMakeFiles/CMakeTmp/src.cxx'
    check option: ' -Wno-shorten-64-to-32'
===== BUILD LOG =====
Change Dir: /Users/Chao/opencv/build/o4a/CMakeFiles/CMakeTmp

Run Build Command:"/usr/local/bin/ninja" "cmTC_b0c84"
[1/2] Building CXX object CMakeFiles/cmTC_b0c84.dir/src.cxx.o
src.cxx:1:0: warning: ignoring #pragma   [-Wunknown-pragmas]
 #pragma
 ^
cc1plus: warning: unrecognized command line option "-Wno-shorten-64-to-32" [enabled by default]
[2/2] Linking CXX executable cmTC_b0c84

===== END =====

