The target system is: Android - 1 - mips
The host system is: Darwin - 16.7.0 - x86_64
Compiling the CXX compiler identification source file "CMakeCXXCompilerId.cpp" succeeded.
Compiler: /Users/Chao/android-ndk-r10e/toolchains/mipsel-linux-android-4.9/prebuilt/darwin-x86_64/bin/mipsel-linux-android-g++ 
Build flags: -fexceptions;-frtti;-fpic;-Wno-psabi;--sysroot=/Users/Chao/android-ndk-r10e/platforms/android-9/arch-mips;-fno-strict-aliasing;-finline-functions;-funwind-tables;-fmessage-length=0;-fno-inline-functions-called-once;-fgcse-after-reload;-frerun-cse-after-loop;-frename-registers;-fsigned-char;-no-canonical-prefixes;-fdata-sections;-ffunction-sections;-Wa,--noexecstack;
Id flags:  

The output was:
0


Compilation of the CXX compiler identification source "CMakeCXXCompilerId.cpp" produced "a.out"

The CXX compiler identification is GNU, found in "/Users/Chao/opencv/build/build_service_mips/CMakeFiles/3.9.4/CompilerIdCXX/a.out"

Compiling the C compiler identification source file "CMakeCCompilerId.c" succeeded.
Compiler: /Users/Chao/android-ndk-r10e/toolchains/mipsel-linux-android-4.9/prebuilt/darwin-x86_64/bin/mipsel-linux-android-gcc 
Build flags: -fexceptions;-fpic;-Wno-psabi;--sysroot=/Users/Chao/android-ndk-r10e/platforms/android-9/arch-mips;-fno-strict-aliasing;-finline-functions;-funwind-tables;-fmessage-length=0;-fno-inline-functions-called-once;-fgcse-after-reload;-frerun-cse-after-loop;-frename-registers;-fsigned-char;-no-canonical-prefixes;-fdata-sections;-ffunction-sections;-Wa,--noexecstack;
Id flags:  

The output was:
0


Compilation of the C compiler identification source "CMakeCCompilerId.c" produced "a.out"

The C compiler identification is GNU, found in "/Users/Chao/opencv/build/build_service_mips/CMakeFiles/3.9.4/CompilerIdC/a.out"

Determining if the CXX compiler works passed with the following output:
Change Dir: /Users/Chao/opencv/build/build_service_mips/CMakeFiles/CMakeTmp

Run Build Command:"/usr/local/bin/ninja" "cmTC_077bf"
[1/2] Building CXX object CMakeFiles/cmTC_077bf.dir/testCXXCompiler.cxx.o
[2/2] Linking CXX executable cmTC_077bf


Detecting CXX compiler ABI info compiled with the following output:
Change Dir: /Users/Chao/opencv/build/build_service_mips/CMakeFiles/CMakeTmp

Run Build Command:"/usr/local/bin/ninja" "cmTC_87dbf"
[1/2] Building CXX object CMakeFiles/cmTC_87dbf.dir/CMakeCXXCompilerABI.cpp.o
[2/2] Linking CXX executable cmTC_87dbf
Using built-in specs.
COLLECT_GCC=/Users/Chao/android-ndk-r10e/toolchains/mipsel-linux-android-4.9/prebuilt/darwin-x86_64/bin/mipsel-linux-android-gcc
COLLECT_LTO_WRAPPER=/Users/Chao/android-ndk-r10e/toolchains/mipsel-linux-android-4.9/prebuilt/darwin-x86_64/bin/../libexec/gcc/mipsel-linux-android/4.9/lto-wrapper
Target: mipsel-linux-android
Configured with: /s/ndk-toolchain/src/build/../gcc/gcc-4.9/configure --prefix=/tmp/ndk-User/build/toolchain/prefix --target=mipsel-linux-android --host=x86_64-apple-darwin --build=x86_64-apple-darwin --with-gnu-as --with-gnu-ld --enable-languages=c,c++ --with-gmp=/tmp/ndk-User/build/toolchain/temp-install --with-mpfr=/tmp/ndk-User/build/toolchain/temp-install --with-mpc=/tmp/ndk-User/build/toolchain/temp-install --with-cloog=/tmp/ndk-User/build/toolchain/temp-install --with-isl=/tmp/ndk-User/build/toolchain/temp-install --with-ppl=/tmp/ndk-User/build/toolchain/temp-install --disable-ppl-version-check --disable-cloog-version-check --disable-isl-version-check --enable-cloog-backend=isl --with-host-libstdcxx='-static-libgcc -lstdc++ -lm' --disable-libssp --enable-threads --disable-nls --disable-libmudflap --disable-libgomp --disable-libstdc__-v3 --disable-sjlj-exceptions --disable-shared --disable-tls --disable-libitm --enable-initfini-array --disable-nls --prefix=/tmp/ndk-User/build/toolchain/prefix --with-sysroot=/tmp/ndk-User/build/toolchain/prefix/sysroot --with-binutils-version=2.25 --with-mpfr-version=3.1.1 --with-mpc-version=1.0.1 --with-gmp-version=5.0.5 --with-gcc-version=4.9 --with-gdb-version=7.7 --with-python=/Users/User/mydroid/ndk/prebuilt/darwin-x86_64/bin/python-config.sh --with-gxx-include-dir=/tmp/ndk-User/build/toolchain/prefix/include/c++/4.9 --with-bugurl=http://source.android.com/source/report-bugs.html --enable-languages=c,c++ --disable-bootstrap --enable-plugins --enable-libgomp --enable-gnu-indirect-function --disable-libsanitizer --enable-graphite=yes --with-cloog-version=0.18.0 --with-isl-version=0.11.1 --enable-eh-frame-hdr-for-static --with-arch=mips32 --disable-fixed-point --program-transform-name='s&^&mipsel-linux-android-&'
Thread model: posix
gcc version 4.9 20140827 (prerelease) (GCC) 
COMPILER_PATH=/Users/Chao/android-ndk-r10e/toolchains/mipsel-linux-android-4.9/prebuilt/darwin-x86_64/bin/../libexec/gcc/mipsel-linux-android/4.9/:/Users/Chao/android-ndk-r10e/toolchains/mipsel-linux-android-4.9/prebuilt/darwin-x86_64/bin/../libexec/gcc/:/Users/Chao/android-ndk-r10e/toolchains/mipsel-linux-android-4.9/prebuilt/darwin-x86_64/bin/../lib/gcc/mipsel-linux-android/4.9/../../../../mipsel-linux-android/bin/
LIBRARY_PATH=/Users/Chao/android-ndk-r10e/toolchains/mipsel-linux-android-4.9/prebuilt/darwin-x86_64/bin/../lib/gcc/mipsel-linux-android/4.9/:/Users/Chao/android-ndk-r10e/toolchains/mipsel-linux-android-4.9/prebuilt/darwin-x86_64/bin/../lib/gcc/:/Users/Chao/android-ndk-r10e/toolchains/mipsel-linux-android-4.9/prebuilt/darwin-x86_64/bin/../lib/gcc/mipsel-linux-android/4.9/../../../../mipsel-linux-android/lib/:/Users/Chao/android-ndk-r10e/platforms/android-9/arch-mips/usr/lib/
COLLECT_GCC_OPTIONS='-fexceptions' '-frtti' '-fpic' '-Wno-psabi' '-fno-strict-aliasing' '-finline-functions' '-funwind-tables' '-fmessage-length=0' '-fno-inline-functions-called-once' '-fgcse-after-reload' '-frerun-cse-after-loop' '-frename-registers' '-fsigned-char' '-fdata-sections' '-ffunction-sections' '-v' '-o' 'cmTC_87dbf' '-L/libs/mips' '-march=mips32' '-mllsc' '-mips32' '-mno-synci' '-mabi=32' '-mfpxx' '-EL'
 /Users/Chao/android-ndk-r10e/toolchains/mipsel-linux-android-4.9/prebuilt/darwin-x86_64/bin/../libexec/gcc/mipsel-linux-android/4.9/collect2 -plugin /Users/Chao/android-ndk-r10e/toolchains/mipsel-linux-android-4.9/prebuilt/darwin-x86_64/bin/../libexec/gcc/mipsel-linux-android/4.9/liblto_plugin.so -plugin-opt=/Users/Chao/android-ndk-r10e/toolchains/mipsel-linux-android-4.9/prebuilt/darwin-x86_64/bin/../libexec/gcc/mipsel-linux-android/4.9/lto-wrapper -plugin-opt=-fresolution=/var/folders/84/7_y8dwv57nv49t5zn0dw9h5h0000gp/T//cccqbrwR.res -plugin-opt=-pass-through=-lgcc -plugin-opt=-pass-through=-lc -plugin-opt=-pass-through=-ldl -plugin-opt=-pass-through=-lgcc --sysroot=/Users/Chao/android-ndk-r10e/platforms/android-9/arch-mips --eh-frame-hdr -EL -mips32 -dynamic-linker /system/bin/linker -melf32ltsmip -z noexecstack -z relro -z now -o cmTC_87dbf /Users/Chao/android-ndk-r10e/platforms/android-9/arch-mips/usr/lib/crtbegin_dynamic.o -L/libs/mips -L/Users/Chao/android-ndk-r10e/toolchains/mipsel-linux-android-4.9/prebuilt/darwin-x86_64/bin/../lib/gcc/mipsel-linux-android/4.9 -L/Users/Chao/android-ndk-r10e/toolchains/mipsel-linux-android-4.9/prebuilt/darwin-x86_64/bin/../lib/gcc -L/Users/Chao/android-ndk-r10e/toolchains/mipsel-linux-android-4.9/prebuilt/darwin-x86_64/bin/../lib/gcc/mipsel-linux-android/4.9/../../../../mipsel-linux-android/lib -L/Users/Chao/android-ndk-r10e/platforms/android-9/arch-mips/usr/lib --no-undefined -rpath-link /Users/Chao/android-ndk-r10e/platforms/android-9/arch-mips/usr/lib --gc-sections -z noexecstack -z relro -z now -z nocopyreloc CMakeFiles/cmTC_87dbf.dir/CMakeCXXCompilerABI.cpp.o /Users/Chao/android-ndk-r10e/sources/cxx-stl/gnu-libstdc++/4.9/libs/mips/libgnustl_static.a /Users/Chao/android-ndk-r10e/sources/cxx-stl/gnu-libstdc++/4.9/libs/mips/libsupc++.a -lm -lgcc -lc -ldl -lgcc /Users/Chao/android-ndk-r10e/platforms/android-9/arch-mips/usr/lib/crtend_android.o


Parsed CXX implicit link information from above output:
  link line regex: [^( *|.*[/\])(mipsel-linux-android-ld|CMAKE_LINK_STARTFILE-NOTFOUND|([^/\]+-)?ld|collect2)[^/\]*( |$)]
  ignore line: [Change Dir: /Users/Chao/opencv/build/build_service_mips/CMakeFiles/CMakeTmp]
  ignore line: []
  ignore line: [Run Build Command:"/usr/local/bin/ninja" "cmTC_87dbf"]
  ignore line: [[1/2] Building CXX object CMakeFiles/cmTC_87dbf.dir/CMakeCXXCompilerABI.cpp.o]
  ignore line: [[2/2] Linking CXX executable cmTC_87dbf]
  ignore line: [Using built-in specs.]
  ignore line: [COLLECT_GCC=/Users/Chao/android-ndk-r10e/toolchains/mipsel-linux-android-4.9/prebuilt/darwin-x86_64/bin/mipsel-linux-android-gcc]
  ignore line: [COLLECT_LTO_WRAPPER=/Users/Chao/android-ndk-r10e/toolchains/mipsel-linux-android-4.9/prebuilt/darwin-x86_64/bin/../libexec/gcc/mipsel-linux-android/4.9/lto-wrapper]
  ignore line: [Target: mipsel-linux-android]
  ignore line: [Configured with: /s/ndk-toolchain/src/build/../gcc/gcc-4.9/configure --prefix=/tmp/ndk-User/build/toolchain/prefix --target=mipsel-linux-android --host=x86_64-apple-darwin --build=x86_64-apple-darwin --with-gnu-as --with-gnu-ld --enable-languages=c,c++ --with-gmp=/tmp/ndk-User/build/toolchain/temp-install --with-mpfr=/tmp/ndk-User/build/toolchain/temp-install --with-mpc=/tmp/ndk-User/build/toolchain/temp-install --with-cloog=/tmp/ndk-User/build/toolchain/temp-install --with-isl=/tmp/ndk-User/build/toolchain/temp-install --with-ppl=/tmp/ndk-User/build/toolchain/temp-install --disable-ppl-version-check --disable-cloog-version-check --disable-isl-version-check --enable-cloog-backend=isl --with-host-libstdcxx='-static-libgcc -lstdc++ -lm' --disable-libssp --enable-threads --disable-nls --disable-libmudflap --disable-libgomp --disable-libstdc__-v3 --disable-sjlj-exceptions --disable-shared --disable-tls --disable-libitm --enable-initfini-array --disable-nls --prefix=/tmp/ndk-User/build/toolchain/prefix --with-sysroot=/tmp/ndk-User/build/toolchain/prefix/sysroot --with-binutils-version=2.25 --with-mpfr-version=3.1.1 --with-mpc-version=1.0.1 --with-gmp-version=5.0.5 --with-gcc-version=4.9 --with-gdb-version=7.7 --with-python=/Users/User/mydroid/ndk/prebuilt/darwin-x86_64/bin/python-config.sh --with-gxx-include-dir=/tmp/ndk-User/build/toolchain/prefix/include/c++/4.9 --with-bugurl=http://source.android.com/source/report-bugs.html --enable-languages=c,c++ --disable-bootstrap --enable-plugins --enable-libgomp --enable-gnu-indirect-function --disable-libsanitizer --enable-graphite=yes --with-cloog-version=0.18.0 --with-isl-version=0.11.1 --enable-eh-frame-hdr-for-static --with-arch=mips32 --disable-fixed-point --program-transform-name='s&^&mipsel-linux-android-&']
  ignore line: [Thread model: posix]
  ignore line: [gcc version 4.9 20140827 (prerelease) (GCC) ]
  ignore line: [COMPILER_PATH=/Users/Chao/android-ndk-r10e/toolchains/mipsel-linux-android-4.9/prebuilt/darwin-x86_64/bin/../libexec/gcc/mipsel-linux-android/4.9/:/Users/Chao/android-ndk-r10e/toolchains/mipsel-linux-android-4.9/prebuilt/darwin-x86_64/bin/../libexec/gcc/:/Users/Chao/android-ndk-r10e/toolchains/mipsel-linux-android-4.9/prebuilt/darwin-x86_64/bin/../lib/gcc/mipsel-linux-android/4.9/../../../../mipsel-linux-android/bin/]
  ignore line: [LIBRARY_PATH=/Users/Chao/android-ndk-r10e/toolchains/mipsel-linux-android-4.9/prebuilt/darwin-x86_64/bin/../lib/gcc/mipsel-linux-android/4.9/:/Users/Chao/android-ndk-r10e/toolchains/mipsel-linux-android-4.9/prebuilt/darwin-x86_64/bin/../lib/gcc/:/Users/Chao/android-ndk-r10e/toolchains/mipsel-linux-android-4.9/prebuilt/darwin-x86_64/bin/../lib/gcc/mipsel-linux-android/4.9/../../../../mipsel-linux-android/lib/:/Users/Chao/android-ndk-r10e/platforms/android-9/arch-mips/usr/lib/]
  ignore line: [COLLECT_GCC_OPTIONS='-fexceptions' '-frtti' '-fpic' '-Wno-psabi' '-fno-strict-aliasing' '-finline-functions' '-funwind-tables' '-fmessage-length=0' '-fno-inline-functions-called-once' '-fgcse-after-reload' '-frerun-cse-after-loop' '-frename-registers' '-fsigned-char' '-fdata-sections' '-ffunction-sections' '-v' '-o' 'cmTC_87dbf' '-L/libs/mips' '-march=mips32' '-mllsc' '-mips32' '-mno-synci' '-mabi=32' '-mfpxx' '-EL']
  link line: [ /Users/Chao/android-ndk-r10e/toolchains/mipsel-linux-android-4.9/prebuilt/darwin-x86_64/bin/../libexec/gcc/mipsel-linux-android/4.9/collect2 -plugin /Users/Chao/android-ndk-r10e/toolchains/mipsel-linux-android-4.9/prebuilt/darwin-x86_64/bin/../libexec/gcc/mipsel-linux-android/4.9/liblto_plugin.so -plugin-opt=/Users/Chao/android-ndk-r10e/toolchains/mipsel-linux-android-4.9/prebuilt/darwin-x86_64/bin/../libexec/gcc/mipsel-linux-android/4.9/lto-wrapper -plugin-opt=-fresolution=/var/folders/84/7_y8dwv57nv49t5zn0dw9h5h0000gp/T//cccqbrwR.res -plugin-opt=-pass-through=-lgcc -plugin-opt=-pass-through=-lc -plugin-opt=-pass-through=-ldl -plugin-opt=-pass-through=-lgcc --sysroot=/Users/Chao/android-ndk-r10e/platforms/android-9/arch-mips --eh-frame-hdr -EL -mips32 -dynamic-linker /system/bin/linker -melf32ltsmip -z noexecstack -z relro -z now -o cmTC_87dbf /Users/Chao/android-ndk-r10e/platforms/android-9/arch-mips/usr/lib/crtbegin_dynamic.o -L/libs/mips -L/Users/Chao/android-ndk-r10e/toolchains/mipsel-linux-android-4.9/prebuilt/darwin-x86_64/bin/../lib/gcc/mipsel-linux-android/4.9 -L/Users/Chao/android-ndk-r10e/toolchains/mipsel-linux-android-4.9/prebuilt/darwin-x86_64/bin/../lib/gcc -L/Users/Chao/android-ndk-r10e/toolchains/mipsel-linux-android-4.9/prebuilt/darwin-x86_64/bin/../lib/gcc/mipsel-linux-android/4.9/../../../../mipsel-linux-android/lib -L/Users/Chao/android-ndk-r10e/platforms/android-9/arch-mips/usr/lib --no-undefined -rpath-link /Users/Chao/android-ndk-r10e/platforms/android-9/arch-mips/usr/lib --gc-sections -z noexecstack -z relro -z now -z nocopyreloc CMakeFiles/cmTC_87dbf.dir/CMakeCXXCompilerABI.cpp.o /Users/Chao/android-ndk-r10e/sources/cxx-stl/gnu-libstdc++/4.9/libs/mips/libgnustl_static.a /Users/Chao/android-ndk-r10e/sources/cxx-stl/gnu-libstdc++/4.9/libs/mips/libsupc++.a -lm -lgcc -lc -ldl -lgcc /Users/Chao/android-ndk-r10e/platforms/android-9/arch-mips/usr/lib/crtend_android.o]
    arg [/Users/Chao/android-ndk-r10e/toolchains/mipsel-linux-android-4.9/prebuilt/darwin-x86_64/bin/../libexec/gcc/mipsel-linux-android/4.9/collect2] ==> ignore
    arg [-plugin] ==> ignore
    arg [/Users/Chao/android-ndk-r10e/toolchains/mipsel-linux-android-4.9/prebuilt/darwin-x86_64/bin/../libexec/gcc/mipsel-linux-android/4.9/liblto_plugin.so] ==> ignore
    arg [-plugin-opt=/Users/Chao/android-ndk-r10e/toolchains/mipsel-linux-android-4.9/prebuilt/darwin-x86_64/bin/../libexec/gcc/mipsel-linux-android/4.9/lto-wrapper] ==> ignore
    arg [-plugin-opt=-fresolution=/var/folders/84/7_y8dwv57nv49t5zn0dw9h5h0000gp/T//cccqbrwR.res] ==> ignore
    arg [-plugin-opt=-pass-through=-lgcc] ==> ignore
    arg [-plugin-opt=-pass-through=-lc] ==> ignore
    arg [-plugin-opt=-pass-through=-ldl] ==> ignore
    arg [-plugin-opt=-pass-through=-lgcc] ==> ignore
    arg [--sysroot=/Users/Chao/android-ndk-r10e/platforms/android-9/arch-mips] ==> ignore
    arg [--eh-frame-hdr] ==> ignore
    arg [-EL] ==> ignore
    arg [-mips32] ==> ignore
    arg [-dynamic-linker] ==> ignore
    arg [/system/bin/linker] ==> ignore
    arg [-melf32ltsmip] ==> ignore
    arg [-znoexecstack] ==> ignore
    arg [-zrelro] ==> ignore
    arg [-znow] ==> ignore
    arg [-o] ==> ignore
    arg [cmTC_87dbf] ==> ignore
    arg [/Users/Chao/android-ndk-r10e/platforms/android-9/arch-mips/usr/lib/crtbegin_dynamic.o] ==> ignore
    arg [-L/libs/mips] ==> dir [/libs/mips]
    arg [-L/Users/Chao/android-ndk-r10e/toolchains/mipsel-linux-android-4.9/prebuilt/darwin-x86_64/bin/../lib/gcc/mipsel-linux-android/4.9] ==> dir [/Users/Chao/android-ndk-r10e/toolchains/mipsel-linux-android-4.9/prebuilt/darwin-x86_64/bin/../lib/gcc/mipsel-linux-android/4.9]
    arg [-L/Users/Chao/android-ndk-r10e/toolchains/mipsel-linux-android-4.9/prebuilt/darwin-x86_64/bin/../lib/gcc] ==> dir [/Users/Chao/android-ndk-r10e/toolchains/mipsel-linux-android-4.9/prebuilt/darwin-x86_64/bin/../lib/gcc]
    arg [-L/Users/Chao/android-ndk-r10e/toolchains/mipsel-linux-android-4.9/prebuilt/darwin-x86_64/bin/../lib/gcc/mipsel-linux-android/4.9/../../../../mipsel-linux-android/lib] ==> dir [/Users/Chao/android-ndk-r10e/toolchains/mipsel-linux-android-4.9/prebuilt/darwin-x86_64/bin/../lib/gcc/mipsel-linux-android/4.9/../../../../mipsel-linux-android/lib]
    arg [-L/Users/Chao/android-ndk-r10e/platforms/android-9/arch-mips/usr/lib] ==> dir [/Users/Chao/android-ndk-r10e/platforms/android-9/arch-mips/usr/lib]
    arg [--no-undefined] ==> ignore
    arg [-rpath-link] ==> ignore
    arg [/Users/Chao/android-ndk-r10e/platforms/android-9/arch-mips/usr/lib] ==> ignore
    arg [--gc-sections] ==> ignore
    arg [-znoexecstack] ==> ignore
    arg [-zrelro] ==> ignore
    arg [-znow] ==> ignore
    arg [-znocopyreloc] ==> ignore
    arg [CMakeFiles/cmTC_87dbf.dir/CMakeCXXCompilerABI.cpp.o] ==> ignore
    arg [/Users/Chao/android-ndk-r10e/sources/cxx-stl/gnu-libstdc++/4.9/libs/mips/libgnustl_static.a] ==> lib [/Users/Chao/android-ndk-r10e/sources/cxx-stl/gnu-libstdc++/4.9/libs/mips/libgnustl_static.a]
    arg [/Users/Chao/android-ndk-r10e/sources/cxx-stl/gnu-libstdc++/4.9/libs/mips/libsupc++.a] ==> lib [/Users/Chao/android-ndk-r10e/sources/cxx-stl/gnu-libstdc++/4.9/libs/mips/libsupc++.a]
    arg [-lm] ==> lib [m]
    arg [-lgcc] ==> lib [gcc]
    arg [-lc] ==> lib [c]
    arg [-ldl] ==> lib [dl]
    arg [-lgcc] ==> lib [gcc]
    arg [/Users/Chao/android-ndk-r10e/platforms/android-9/arch-mips/usr/lib/crtend_android.o] ==> ignore
  collapse library dir [/libs/mips] ==> [/libs/mips]
  collapse library dir [/Users/Chao/android-ndk-r10e/toolchains/mipsel-linux-android-4.9/prebuilt/darwin-x86_64/bin/../lib/gcc/mipsel-linux-android/4.9] ==> [/Users/Chao/android-ndk-r10e/toolchains/mipsel-linux-android-4.9/prebuilt/darwin-x86_64/lib/gcc/mipsel-linux-android/4.9]
  collapse library dir [/Users/Chao/android-ndk-r10e/toolchains/mipsel-linux-android-4.9/prebuilt/darwin-x86_64/bin/../lib/gcc] ==> [/Users/Chao/android-ndk-r10e/toolchains/mipsel-linux-android-4.9/prebuilt/darwin-x86_64/lib/gcc]
  collapse library dir [/Users/Chao/android-ndk-r10e/toolchains/mipsel-linux-android-4.9/prebuilt/darwin-x86_64/bin/../lib/gcc/mipsel-linux-android/4.9/../../../../mipsel-linux-android/lib] ==> [/Users/Chao/android-ndk-r10e/toolchains/mipsel-linux-android-4.9/prebuilt/darwin-x86_64/mipsel-linux-android/lib]
  collapse library dir [/Users/Chao/android-ndk-r10e/platforms/android-9/arch-mips/usr/lib] ==> [/Users/Chao/android-ndk-r10e/platforms/android-9/arch-mips/usr/lib]
  implicit libs: [/Users/Chao/android-ndk-r10e/sources/cxx-stl/gnu-libstdc++/4.9/libs/mips/libgnustl_static.a;/Users/Chao/android-ndk-r10e/sources/cxx-stl/gnu-libstdc++/4.9/libs/mips/libsupc++.a;m;gcc;c;dl;gcc]
  implicit dirs: [/libs/mips;/Users/Chao/android-ndk-r10e/toolchains/mipsel-linux-android-4.9/prebuilt/darwin-x86_64/lib/gcc/mipsel-linux-android/4.9;/Users/Chao/android-ndk-r10e/toolchains/mipsel-linux-android-4.9/prebuilt/darwin-x86_64/lib/gcc;/Users/Chao/android-ndk-r10e/toolchains/mipsel-linux-android-4.9/prebuilt/darwin-x86_64/mipsel-linux-android/lib;/Users/Chao/android-ndk-r10e/platforms/android-9/arch-mips/usr/lib]
  implicit fwks: []




Detecting CXX [-std=c++14] compiler features compiled with the following output:
Change Dir: /Users/Chao/opencv/build/build_service_mips/CMakeFiles/CMakeTmp

Run Build Command:"/usr/local/bin/ninja" "cmTC_8e09e"
[1/2] Building CXX object CMakeFiles/cmTC_8e09e.dir/feature_tests.cxx.o
[2/2] Linking CXX executable cmTC_8e09e


    Feature record: CXX_FEATURE:0cxx_aggregate_default_initializers
    Feature record: CXX_FEATURE:1cxx_alias_templates
    Feature record: CXX_FEATURE:1cxx_alignas
    Feature record: CXX_FEATURE:1cxx_alignof
    Feature record: CXX_FEATURE:1cxx_attributes
    Feature record: CXX_FEATURE:1cxx_attribute_deprecated
    Feature record: CXX_FEATURE:1cxx_auto_type
    Feature record: CXX_FEATURE:1cxx_binary_literals
    Feature record: CXX_FEATURE:1cxx_constexpr
    Feature record: CXX_FEATURE:1cxx_contextual_conversions
    Feature record: CXX_FEATURE:1cxx_decltype
    Feature record: CXX_FEATURE:1cxx_decltype_auto
    Feature record: CXX_FEATURE:1cxx_decltype_incomplete_return_types
    Feature record: CXX_FEATURE:1cxx_default_function_template_args
    Feature record: CXX_FEATURE:1cxx_defaulted_functions
    Feature record: CXX_FEATURE:1cxx_defaulted_move_initializers
    Feature record: CXX_FEATURE:1cxx_delegating_constructors
    Feature record: CXX_FEATURE:1cxx_deleted_functions
    Feature record: CXX_FEATURE:1cxx_digit_separators
    Feature record: CXX_FEATURE:1cxx_enum_forward_declarations
    Feature record: CXX_FEATURE:1cxx_explicit_conversions
    Feature record: CXX_FEATURE:1cxx_extended_friend_declarations
    Feature record: CXX_FEATURE:1cxx_extern_templates
    Feature record: CXX_FEATURE:1cxx_final
    Feature record: CXX_FEATURE:1cxx_func_identifier
    Feature record: CXX_FEATURE:1cxx_generalized_initializers
    Feature record: CXX_FEATURE:1cxx_generic_lambdas
    Feature record: CXX_FEATURE:1cxx_inheriting_constructors
    Feature record: CXX_FEATURE:1cxx_inline_namespaces
    Feature record: CXX_FEATURE:1cxx_lambdas
    Feature record: CXX_FEATURE:1cxx_lambda_init_captures
    Feature record: CXX_FEATURE:1cxx_local_type_template_args
    Feature record: CXX_FEATURE:1cxx_long_long_type
    Feature record: CXX_FEATURE:1cxx_noexcept
    Feature record: CXX_FEATURE:1cxx_nonstatic_member_init
    Feature record: CXX_FEATURE:1cxx_nullptr
    Feature record: CXX_FEATURE:1cxx_override
    Feature record: CXX_FEATURE:1cxx_range_for
    Feature record: CXX_FEATURE:1cxx_raw_string_literals
    Feature record: CXX_FEATURE:1cxx_reference_qualified_functions
    Feature record: CXX_FEATURE:0cxx_relaxed_constexpr
    Feature record: CXX_FEATURE:1cxx_return_type_deduction
    Feature record: CXX_FEATURE:1cxx_right_angle_brackets
    Feature record: CXX_FEATURE:1cxx_rvalue_references
    Feature record: CXX_FEATURE:1cxx_sizeof_member
    Feature record: CXX_FEATURE:1cxx_static_assert
    Feature record: CXX_FEATURE:1cxx_strong_enums
    Feature record: CXX_FEATURE:1cxx_template_template_parameters
    Feature record: CXX_FEATURE:1cxx_thread_local
    Feature record: CXX_FEATURE:1cxx_trailing_return_types
    Feature record: CXX_FEATURE:1cxx_unicode_literals
    Feature record: CXX_FEATURE:1cxx_uniform_initialization
    Feature record: CXX_FEATURE:1cxx_unrestricted_unions
    Feature record: CXX_FEATURE:1cxx_user_literals
    Feature record: CXX_FEATURE:0cxx_variable_templates
    Feature record: CXX_FEATURE:1cxx_variadic_macros
    Feature record: CXX_FEATURE:1cxx_variadic_templates


Detecting CXX [-std=c++11] compiler features compiled with the following output:
Change Dir: /Users/Chao/opencv/build/build_service_mips/CMakeFiles/CMakeTmp

Run Build Command:"/usr/local/bin/ninja" "cmTC_04803"
[1/2] Building CXX object CMakeFiles/cmTC_04803.dir/feature_tests.cxx.o
[2/2] Linking CXX executable cmTC_04803


    Feature record: CXX_FEATURE:0cxx_aggregate_default_initializers
    Feature record: CXX_FEATURE:1cxx_alias_templates
    Feature record: CXX_FEATURE:1cxx_alignas
    Feature record: CXX_FEATURE:1cxx_alignof
    Feature record: CXX_FEATURE:1cxx_attributes
    Feature record: CXX_FEATURE:0cxx_attribute_deprecated
    Feature record: CXX_FEATURE:1cxx_auto_type
    Feature record: CXX_FEATURE:0cxx_binary_literals
    Feature record: CXX_FEATURE:1cxx_constexpr
    Feature record: CXX_FEATURE:0cxx_contextual_conversions
    Feature record: CXX_FEATURE:1cxx_decltype
    Feature record: CXX_FEATURE:0cxx_decltype_auto
    Feature record: CXX_FEATURE:1cxx_decltype_incomplete_return_types
    Feature record: CXX_FEATURE:1cxx_default_function_template_args
    Feature record: CXX_FEATURE:1cxx_defaulted_functions
    Feature record: CXX_FEATURE:1cxx_defaulted_move_initializers
    Feature record: CXX_FEATURE:1cxx_delegating_constructors
    Feature record: CXX_FEATURE:1cxx_deleted_functions
    Feature record: CXX_FEATURE:0cxx_digit_separators
    Feature record: CXX_FEATURE:1cxx_enum_forward_declarations
    Feature record: CXX_FEATURE:1cxx_explicit_conversions
    Feature record: CXX_FEATURE:1cxx_extended_friend_declarations
    Feature record: CXX_FEATURE:1cxx_extern_templates
    Feature record: CXX_FEATURE:1cxx_final
    Feature record: CXX_FEATURE:1cxx_func_identifier
    Feature record: CXX_FEATURE:1cxx_generalized_initializers
    Feature record: CXX_FEATURE:0cxx_generic_lambdas
    Feature record: CXX_FEATURE:1cxx_inheriting_constructors
    Feature record: CXX_FEATURE:1cxx_inline_namespaces
    Feature record: CXX_FEATURE:1cxx_lambdas
    Feature record: CXX_FEATURE:0cxx_lambda_init_captures
    Feature record: CXX_FEATURE:1cxx_local_type_template_args
    Feature record: CXX_FEATURE:1cxx_long_long_type
    Feature record: CXX_FEATURE:1cxx_noexcept
    Feature record: CXX_FEATURE:1cxx_nonstatic_member_init
    Feature record: CXX_FEATURE:1cxx_nullptr
    Feature record: CXX_FEATURE:1cxx_override
    Feature record: CXX_FEATURE:1cxx_range_for
    Feature record: CXX_FEATURE:1cxx_raw_string_literals
    Feature record: CXX_FEATURE:1cxx_reference_qualified_functions
    Feature record: CXX_FEATURE:0cxx_relaxed_constexpr
    Feature record: CXX_FEATURE:0cxx_return_type_deduction
    Feature record: CXX_FEATURE:1cxx_right_angle_brackets
    Feature record: CXX_FEATURE:1cxx_rvalue_references
    Feature record: CXX_FEATURE:1cxx_sizeof_member
    Feature record: CXX_FEATURE:1cxx_static_assert
    Feature record: CXX_FEATURE:1cxx_strong_enums
    Feature record: CXX_FEATURE:1cxx_template_template_parameters
    Feature record: CXX_FEATURE:1cxx_thread_local
    Feature record: CXX_FEATURE:1cxx_trailing_return_types
    Feature record: CXX_FEATURE:1cxx_unicode_literals
    Feature record: CXX_FEATURE:1cxx_uniform_initialization
    Feature record: CXX_FEATURE:1cxx_unrestricted_unions
    Feature record: CXX_FEATURE:1cxx_user_literals
    Feature record: CXX_FEATURE:0cxx_variable_templates
    Feature record: CXX_FEATURE:1cxx_variadic_macros
    Feature record: CXX_FEATURE:1cxx_variadic_templates


Detecting CXX [-std=c++98] compiler features compiled with the following output:
Change Dir: /Users/Chao/opencv/build/build_service_mips/CMakeFiles/CMakeTmp

Run Build Command:"/usr/local/bin/ninja" "cmTC_831b4"
[1/2] Building CXX object CMakeFiles/cmTC_831b4.dir/feature_tests.cxx.o
[2/2] Linking CXX executable cmTC_831b4


    Feature record: CXX_FEATURE:0cxx_aggregate_default_initializers
    Feature record: CXX_FEATURE:0cxx_alias_templates
    Feature record: CXX_FEATURE:0cxx_alignas
    Feature record: CXX_FEATURE:0cxx_alignof
    Feature record: CXX_FEATURE:0cxx_attributes
    Feature record: CXX_FEATURE:0cxx_attribute_deprecated
    Feature record: CXX_FEATURE:0cxx_auto_type
    Feature record: CXX_FEATURE:0cxx_binary_literals
    Feature record: CXX_FEATURE:0cxx_constexpr
    Feature record: CXX_FEATURE:0cxx_contextual_conversions
    Feature record: CXX_FEATURE:0cxx_decltype
    Feature record: CXX_FEATURE:0cxx_decltype_auto
    Feature record: CXX_FEATURE:0cxx_decltype_incomplete_return_types
    Feature record: CXX_FEATURE:0cxx_default_function_template_args
    Feature record: CXX_FEATURE:0cxx_defaulted_functions
    Feature record: CXX_FEATURE:0cxx_defaulted_move_initializers
    Feature record: CXX_FEATURE:0cxx_delegating_constructors
    Feature record: CXX_FEATURE:0cxx_deleted_functions
    Feature record: CXX_FEATURE:0cxx_digit_separators
    Feature record: CXX_FEATURE:0cxx_enum_forward_declarations
    Feature record: CXX_FEATURE:0cxx_explicit_conversions
    Feature record: CXX_FEATURE:0cxx_extended_friend_declarations
    Feature record: CXX_FEATURE:0cxx_extern_templates
    Feature record: CXX_FEATURE:0cxx_final
    Feature record: CXX_FEATURE:0cxx_func_identifier
    Feature record: CXX_FEATURE:0cxx_generalized_initializers
    Feature record: CXX_FEATURE:0cxx_generic_lambdas
    Feature record: CXX_FEATURE:0cxx_inheriting_constructors
    Feature record: CXX_FEATURE:0cxx_inline_namespaces
    Feature record: CXX_FEATURE:0cxx_lambdas
    Feature record: CXX_FEATURE:0cxx_lambda_init_captures
    Feature record: CXX_FEATURE:0cxx_local_type_template_args
    Feature record: CXX_FEATURE:0cxx_long_long_type
    Feature record: CXX_FEATURE:0cxx_noexcept
    Feature record: CXX_FEATURE:0cxx_nonstatic_member_init
    Feature record: CXX_FEATURE:0cxx_nullptr
    Feature record: CXX_FEATURE:0cxx_override
    Feature record: CXX_FEATURE:0cxx_range_for
    Feature record: CXX_FEATURE:0cxx_raw_string_literals
    Feature record: CXX_FEATURE:0cxx_reference_qualified_functions
    Feature record: CXX_FEATURE:0cxx_relaxed_constexpr
    Feature record: CXX_FEATURE:0cxx_return_type_deduction
    Feature record: CXX_FEATURE:0cxx_right_angle_brackets
    Feature record: CXX_FEATURE:0cxx_rvalue_references
    Feature record: CXX_FEATURE:0cxx_sizeof_member
    Feature record: CXX_FEATURE:0cxx_static_assert
    Feature record: CXX_FEATURE:0cxx_strong_enums
    Feature record: CXX_FEATURE:1cxx_template_template_parameters
    Feature record: CXX_FEATURE:0cxx_thread_local
    Feature record: CXX_FEATURE:0cxx_trailing_return_types
    Feature record: CXX_FEATURE:0cxx_unicode_literals
    Feature record: CXX_FEATURE:0cxx_uniform_initialization
    Feature record: CXX_FEATURE:0cxx_unrestricted_unions
    Feature record: CXX_FEATURE:0cxx_user_literals
    Feature record: CXX_FEATURE:0cxx_variable_templates
    Feature record: CXX_FEATURE:0cxx_variadic_macros
    Feature record: CXX_FEATURE:0cxx_variadic_templates
Determining if the C compiler works passed with the following output:
Change Dir: /Users/Chao/opencv/build/build_service_mips/CMakeFiles/CMakeTmp

Run Build Command:"/usr/local/bin/ninja" "cmTC_10a1e"
[1/2] Building C object CMakeFiles/cmTC_10a1e.dir/testCCompiler.c.o
[2/2] Linking C executable cmTC_10a1e


Detecting C compiler ABI info compiled with the following output:
Change Dir: /Users/Chao/opencv/build/build_service_mips/CMakeFiles/CMakeTmp

Run Build Command:"/usr/local/bin/ninja" "cmTC_88a40"
[1/2] Building C object CMakeFiles/cmTC_88a40.dir/CMakeCCompilerABI.c.o
[2/2] Linking C executable cmTC_88a40
Using built-in specs.
COLLECT_GCC=/Users/Chao/android-ndk-r10e/toolchains/mipsel-linux-android-4.9/prebuilt/darwin-x86_64/bin/mipsel-linux-android-gcc
COLLECT_LTO_WRAPPER=/Users/Chao/android-ndk-r10e/toolchains/mipsel-linux-android-4.9/prebuilt/darwin-x86_64/bin/../libexec/gcc/mipsel-linux-android/4.9/lto-wrapper
Target: mipsel-linux-android
Configured with: /s/ndk-toolchain/src/build/../gcc/gcc-4.9/configure --prefix=/tmp/ndk-User/build/toolchain/prefix --target=mipsel-linux-android --host=x86_64-apple-darwin --build=x86_64-apple-darwin --with-gnu-as --with-gnu-ld --enable-languages=c,c++ --with-gmp=/tmp/ndk-User/build/toolchain/temp-install --with-mpfr=/tmp/ndk-User/build/toolchain/temp-install --with-mpc=/tmp/ndk-User/build/toolchain/temp-install --with-cloog=/tmp/ndk-User/build/toolchain/temp-install --with-isl=/tmp/ndk-User/build/toolchain/temp-install --with-ppl=/tmp/ndk-User/build/toolchain/temp-install --disable-ppl-version-check --disable-cloog-version-check --disable-isl-version-check --enable-cloog-backend=isl --with-host-libstdcxx='-static-libgcc -lstdc++ -lm' --disable-libssp --enable-threads --disable-nls --disable-libmudflap --disable-libgomp --disable-libstdc__-v3 --disable-sjlj-exceptions --disable-shared --disable-tls --disable-libitm --enable-initfini-array --disable-nls --prefix=/tmp/ndk-User/build/toolchain/prefix --with-sysroot=/tmp/ndk-User/build/toolchain/prefix/sysroot --with-binutils-version=2.25 --with-mpfr-version=3.1.1 --with-mpc-version=1.0.1 --with-gmp-version=5.0.5 --with-gcc-version=4.9 --with-gdb-version=7.7 --with-python=/Users/User/mydroid/ndk/prebuilt/darwin-x86_64/bin/python-config.sh --with-gxx-include-dir=/tmp/ndk-User/build/toolchain/prefix/include/c++/4.9 --with-bugurl=http://source.android.com/source/report-bugs.html --enable-languages=c,c++ --disable-bootstrap --enable-plugins --enable-libgomp --enable-gnu-indirect-function --disable-libsanitizer --enable-graphite=yes --with-cloog-version=0.18.0 --with-isl-version=0.11.1 --enable-eh-frame-hdr-for-static --with-arch=mips32 --disable-fixed-point --program-transform-name='s&^&mipsel-linux-android-&'
Thread model: posix
gcc version 4.9 20140827 (prerelease) (GCC) 
COMPILER_PATH=/Users/Chao/android-ndk-r10e/toolchains/mipsel-linux-android-4.9/prebuilt/darwin-x86_64/bin/../libexec/gcc/mipsel-linux-android/4.9/:/Users/Chao/android-ndk-r10e/toolchains/mipsel-linux-android-4.9/prebuilt/darwin-x86_64/bin/../libexec/gcc/:/Users/Chao/android-ndk-r10e/toolchains/mipsel-linux-android-4.9/prebuilt/darwin-x86_64/bin/../lib/gcc/mipsel-linux-android/4.9/../../../../mipsel-linux-android/bin/
LIBRARY_PATH=/Users/Chao/android-ndk-r10e/toolchains/mipsel-linux-android-4.9/prebuilt/darwin-x86_64/bin/../lib/gcc/mipsel-linux-android/4.9/:/Users/Chao/android-ndk-r10e/toolchains/mipsel-linux-android-4.9/prebuilt/darwin-x86_64/bin/../lib/gcc/:/Users/Chao/android-ndk-r10e/toolchains/mipsel-linux-android-4.9/prebuilt/darwin-x86_64/bin/../lib/gcc/mipsel-linux-android/4.9/../../../../mipsel-linux-android/lib/:/Users/Chao/android-ndk-r10e/platforms/android-9/arch-mips/usr/lib/
COLLECT_GCC_OPTIONS='-fexceptions' '-fpic' '-Wno-psabi' '-fno-strict-aliasing' '-finline-functions' '-funwind-tables' '-fmessage-length=0' '-fno-inline-functions-called-once' '-fgcse-after-reload' '-frerun-cse-after-loop' '-frename-registers' '-fsigned-char' '-fdata-sections' '-ffunction-sections' '-v' '-o' 'cmTC_88a40' '-L/libs/mips' '-march=mips32' '-mllsc' '-mips32' '-mno-synci' '-mabi=32' '-mfpxx' '-EL'
 /Users/Chao/android-ndk-r10e/toolchains/mipsel-linux-android-4.9/prebuilt/darwin-x86_64/bin/../libexec/gcc/mipsel-linux-android/4.9/collect2 -plugin /Users/Chao/android-ndk-r10e/toolchains/mipsel-linux-android-4.9/prebuilt/darwin-x86_64/bin/../libexec/gcc/mipsel-linux-android/4.9/liblto_plugin.so -plugin-opt=/Users/Chao/android-ndk-r10e/toolchains/mipsel-linux-android-4.9/prebuilt/darwin-x86_64/bin/../libexec/gcc/mipsel-linux-android/4.9/lto-wrapper -plugin-opt=-fresolution=/var/folders/84/7_y8dwv57nv49t5zn0dw9h5h0000gp/T//cc5qlMyH.res -plugin-opt=-pass-through=-lgcc -plugin-opt=-pass-through=-lc -plugin-opt=-pass-through=-ldl -plugin-opt=-pass-through=-lgcc --sysroot=/Users/Chao/android-ndk-r10e/platforms/android-9/arch-mips --eh-frame-hdr -EL -mips32 -dynamic-linker /system/bin/linker -melf32ltsmip -z noexecstack -z relro -z now -o cmTC_88a40 /Users/Chao/android-ndk-r10e/platforms/android-9/arch-mips/usr/lib/crtbegin_dynamic.o -L/libs/mips -L/Users/Chao/android-ndk-r10e/toolchains/mipsel-linux-android-4.9/prebuilt/darwin-x86_64/bin/../lib/gcc/mipsel-linux-android/4.9 -L/Users/Chao/android-ndk-r10e/toolchains/mipsel-linux-android-4.9/prebuilt/darwin-x86_64/bin/../lib/gcc -L/Users/Chao/android-ndk-r10e/toolchains/mipsel-linux-android-4.9/prebuilt/darwin-x86_64/bin/../lib/gcc/mipsel-linux-android/4.9/../../../../mipsel-linux-android/lib -L/Users/Chao/android-ndk-r10e/platforms/android-9/arch-mips/usr/lib --no-undefined -rpath-link /Users/Chao/android-ndk-r10e/platforms/android-9/arch-mips/usr/lib --gc-sections -z noexecstack -z relro -z now -z nocopyreloc CMakeFiles/cmTC_88a40.dir/CMakeCCompilerABI.c.o /Users/Chao/android-ndk-r10e/sources/cxx-stl/gnu-libstdc++/4.9/libs/mips/libsupc++.a -lgcc -lc -ldl -lgcc /Users/Chao/android-ndk-r10e/platforms/android-9/arch-mips/usr/lib/crtend_android.o


Parsed C implicit link information from above output:
  link line regex: [^( *|.*[/\])(mipsel-linux-android-ld|CMAKE_LINK_STARTFILE-NOTFOUND|([^/\]+-)?ld|collect2)[^/\]*( |$)]
  ignore line: [Change Dir: /Users/Chao/opencv/build/build_service_mips/CMakeFiles/CMakeTmp]
  ignore line: []
  ignore line: [Run Build Command:"/usr/local/bin/ninja" "cmTC_88a40"]
  ignore line: [[1/2] Building C object CMakeFiles/cmTC_88a40.dir/CMakeCCompilerABI.c.o]
  ignore line: [[2/2] Linking C executable cmTC_88a40]
  ignore line: [Using built-in specs.]
  ignore line: [COLLECT_GCC=/Users/Chao/android-ndk-r10e/toolchains/mipsel-linux-android-4.9/prebuilt/darwin-x86_64/bin/mipsel-linux-android-gcc]
  ignore line: [COLLECT_LTO_WRAPPER=/Users/Chao/android-ndk-r10e/toolchains/mipsel-linux-android-4.9/prebuilt/darwin-x86_64/bin/../libexec/gcc/mipsel-linux-android/4.9/lto-wrapper]
  ignore line: [Target: mipsel-linux-android]
  ignore line: [Configured with: /s/ndk-toolchain/src/build/../gcc/gcc-4.9/configure --prefix=/tmp/ndk-User/build/toolchain/prefix --target=mipsel-linux-android --host=x86_64-apple-darwin --build=x86_64-apple-darwin --with-gnu-as --with-gnu-ld --enable-languages=c,c++ --with-gmp=/tmp/ndk-User/build/toolchain/temp-install --with-mpfr=/tmp/ndk-User/build/toolchain/temp-install --with-mpc=/tmp/ndk-User/build/toolchain/temp-install --with-cloog=/tmp/ndk-User/build/toolchain/temp-install --with-isl=/tmp/ndk-User/build/toolchain/temp-install --with-ppl=/tmp/ndk-User/build/toolchain/temp-install --disable-ppl-version-check --disable-cloog-version-check --disable-isl-version-check --enable-cloog-backend=isl --with-host-libstdcxx='-static-libgcc -lstdc++ -lm' --disable-libssp --enable-threads --disable-nls --disable-libmudflap --disable-libgomp --disable-libstdc__-v3 --disable-sjlj-exceptions --disable-shared --disable-tls --disable-libitm --enable-initfini-array --disable-nls --prefix=/tmp/ndk-User/build/toolchain/prefix --with-sysroot=/tmp/ndk-User/build/toolchain/prefix/sysroot --with-binutils-version=2.25 --with-mpfr-version=3.1.1 --with-mpc-version=1.0.1 --with-gmp-version=5.0.5 --with-gcc-version=4.9 --with-gdb-version=7.7 --with-python=/Users/User/mydroid/ndk/prebuilt/darwin-x86_64/bin/python-config.sh --with-gxx-include-dir=/tmp/ndk-User/build/toolchain/prefix/include/c++/4.9 --with-bugurl=http://source.android.com/source/report-bugs.html --enable-languages=c,c++ --disable-bootstrap --enable-plugins --enable-libgomp --enable-gnu-indirect-function --disable-libsanitizer --enable-graphite=yes --with-cloog-version=0.18.0 --with-isl-version=0.11.1 --enable-eh-frame-hdr-for-static --with-arch=mips32 --disable-fixed-point --program-transform-name='s&^&mipsel-linux-android-&']
  ignore line: [Thread model: posix]
  ignore line: [gcc version 4.9 20140827 (prerelease) (GCC) ]
  ignore line: [COMPILER_PATH=/Users/Chao/android-ndk-r10e/toolchains/mipsel-linux-android-4.9/prebuilt/darwin-x86_64/bin/../libexec/gcc/mipsel-linux-android/4.9/:/Users/Chao/android-ndk-r10e/toolchains/mipsel-linux-android-4.9/prebuilt/darwin-x86_64/bin/../libexec/gcc/:/Users/Chao/android-ndk-r10e/toolchains/mipsel-linux-android-4.9/prebuilt/darwin-x86_64/bin/../lib/gcc/mipsel-linux-android/4.9/../../../../mipsel-linux-android/bin/]
  ignore line: [LIBRARY_PATH=/Users/Chao/android-ndk-r10e/toolchains/mipsel-linux-android-4.9/prebuilt/darwin-x86_64/bin/../lib/gcc/mipsel-linux-android/4.9/:/Users/Chao/android-ndk-r10e/toolchains/mipsel-linux-android-4.9/prebuilt/darwin-x86_64/bin/../lib/gcc/:/Users/Chao/android-ndk-r10e/toolchains/mipsel-linux-android-4.9/prebuilt/darwin-x86_64/bin/../lib/gcc/mipsel-linux-android/4.9/../../../../mipsel-linux-android/lib/:/Users/Chao/android-ndk-r10e/platforms/android-9/arch-mips/usr/lib/]
  ignore line: [COLLECT_GCC_OPTIONS='-fexceptions' '-fpic' '-Wno-psabi' '-fno-strict-aliasing' '-finline-functions' '-funwind-tables' '-fmessage-length=0' '-fno-inline-functions-called-once' '-fgcse-after-reload' '-frerun-cse-after-loop' '-frename-registers' '-fsigned-char' '-fdata-sections' '-ffunction-sections' '-v' '-o' 'cmTC_88a40' '-L/libs/mips' '-march=mips32' '-mllsc' '-mips32' '-mno-synci' '-mabi=32' '-mfpxx' '-EL']
  link line: [ /Users/Chao/android-ndk-r10e/toolchains/mipsel-linux-android-4.9/prebuilt/darwin-x86_64/bin/../libexec/gcc/mipsel-linux-android/4.9/collect2 -plugin /Users/Chao/android-ndk-r10e/toolchains/mipsel-linux-android-4.9/prebuilt/darwin-x86_64/bin/../libexec/gcc/mipsel-linux-android/4.9/liblto_plugin.so -plugin-opt=/Users/Chao/android-ndk-r10e/toolchains/mipsel-linux-android-4.9/prebuilt/darwin-x86_64/bin/../libexec/gcc/mipsel-linux-android/4.9/lto-wrapper -plugin-opt=-fresolution=/var/folders/84/7_y8dwv57nv49t5zn0dw9h5h0000gp/T//cc5qlMyH.res -plugin-opt=-pass-through=-lgcc -plugin-opt=-pass-through=-lc -plugin-opt=-pass-through=-ldl -plugin-opt=-pass-through=-lgcc --sysroot=/Users/Chao/android-ndk-r10e/platforms/android-9/arch-mips --eh-frame-hdr -EL -mips32 -dynamic-linker /system/bin/linker -melf32ltsmip -z noexecstack -z relro -z now -o cmTC_88a40 /Users/Chao/android-ndk-r10e/platforms/android-9/arch-mips/usr/lib/crtbegin_dynamic.o -L/libs/mips -L/Users/Chao/android-ndk-r10e/toolchains/mipsel-linux-android-4.9/prebuilt/darwin-x86_64/bin/../lib/gcc/mipsel-linux-android/4.9 -L/Users/Chao/android-ndk-r10e/toolchains/mipsel-linux-android-4.9/prebuilt/darwin-x86_64/bin/../lib/gcc -L/Users/Chao/android-ndk-r10e/toolchains/mipsel-linux-android-4.9/prebuilt/darwin-x86_64/bin/../lib/gcc/mipsel-linux-android/4.9/../../../../mipsel-linux-android/lib -L/Users/Chao/android-ndk-r10e/platforms/android-9/arch-mips/usr/lib --no-undefined -rpath-link /Users/Chao/android-ndk-r10e/platforms/android-9/arch-mips/usr/lib --gc-sections -z noexecstack -z relro -z now -z nocopyreloc CMakeFiles/cmTC_88a40.dir/CMakeCCompilerABI.c.o /Users/Chao/android-ndk-r10e/sources/cxx-stl/gnu-libstdc++/4.9/libs/mips/libsupc++.a -lgcc -lc -ldl -lgcc /Users/Chao/android-ndk-r10e/platforms/android-9/arch-mips/usr/lib/crtend_android.o]
    arg [/Users/Chao/android-ndk-r10e/toolchains/mipsel-linux-android-4.9/prebuilt/darwin-x86_64/bin/../libexec/gcc/mipsel-linux-android/4.9/collect2] ==> ignore
    arg [-plugin] ==> ignore
    arg [/Users/Chao/android-ndk-r10e/toolchains/mipsel-linux-android-4.9/prebuilt/darwin-x86_64/bin/../libexec/gcc/mipsel-linux-android/4.9/liblto_plugin.so] ==> ignore
    arg [-plugin-opt=/Users/Chao/android-ndk-r10e/toolchains/mipsel-linux-android-4.9/prebuilt/darwin-x86_64/bin/../libexec/gcc/mipsel-linux-android/4.9/lto-wrapper] ==> ignore
    arg [-plugin-opt=-fresolution=/var/folders/84/7_y8dwv57nv49t5zn0dw9h5h0000gp/T//cc5qlMyH.res] ==> ignore
    arg [-plugin-opt=-pass-through=-lgcc] ==> ignore
    arg [-plugin-opt=-pass-through=-lc] ==> ignore
    arg [-plugin-opt=-pass-through=-ldl] ==> ignore
    arg [-plugin-opt=-pass-through=-lgcc] ==> ignore
    arg [--sysroot=/Users/Chao/android-ndk-r10e/platforms/android-9/arch-mips] ==> ignore
    arg [--eh-frame-hdr] ==> ignore
    arg [-EL] ==> ignore
    arg [-mips32] ==> ignore
    arg [-dynamic-linker] ==> ignore
    arg [/system/bin/linker] ==> ignore
    arg [-melf32ltsmip] ==> ignore
    arg [-znoexecstack] ==> ignore
    arg [-zrelro] ==> ignore
    arg [-znow] ==> ignore
    arg [-o] ==> ignore
    arg [cmTC_88a40] ==> ignore
    arg [/Users/Chao/android-ndk-r10e/platforms/android-9/arch-mips/usr/lib/crtbegin_dynamic.o] ==> ignore
    arg [-L/libs/mips] ==> dir [/libs/mips]
    arg [-L/Users/Chao/android-ndk-r10e/toolchains/mipsel-linux-android-4.9/prebuilt/darwin-x86_64/bin/../lib/gcc/mipsel-linux-android/4.9] ==> dir [/Users/Chao/android-ndk-r10e/toolchains/mipsel-linux-android-4.9/prebuilt/darwin-x86_64/bin/../lib/gcc/mipsel-linux-android/4.9]
    arg [-L/Users/Chao/android-ndk-r10e/toolchains/mipsel-linux-android-4.9/prebuilt/darwin-x86_64/bin/../lib/gcc] ==> dir [/Users/Chao/android-ndk-r10e/toolchains/mipsel-linux-android-4.9/prebuilt/darwin-x86_64/bin/../lib/gcc]
    arg [-L/Users/Chao/android-ndk-r10e/toolchains/mipsel-linux-android-4.9/prebuilt/darwin-x86_64/bin/../lib/gcc/mipsel-linux-android/4.9/../../../../mipsel-linux-android/lib] ==> dir [/Users/Chao/android-ndk-r10e/toolchains/mipsel-linux-android-4.9/prebuilt/darwin-x86_64/bin/../lib/gcc/mipsel-linux-android/4.9/../../../../mipsel-linux-android/lib]
    arg [-L/Users/Chao/android-ndk-r10e/platforms/android-9/arch-mips/usr/lib] ==> dir [/Users/Chao/android-ndk-r10e/platforms/android-9/arch-mips/usr/lib]
    arg [--no-undefined] ==> ignore
    arg [-rpath-link] ==> ignore
    arg [/Users/Chao/android-ndk-r10e/platforms/android-9/arch-mips/usr/lib] ==> ignore
    arg [--gc-sections] ==> ignore
    arg [-znoexecstack] ==> ignore
    arg [-zrelro] ==> ignore
    arg [-znow] ==> ignore
    arg [-znocopyreloc] ==> ignore
    arg [CMakeFiles/cmTC_88a40.dir/CMakeCCompilerABI.c.o] ==> ignore
    arg [/Users/Chao/android-ndk-r10e/sources/cxx-stl/gnu-libstdc++/4.9/libs/mips/libsupc++.a] ==> lib [/Users/Chao/android-ndk-r10e/sources/cxx-stl/gnu-libstdc++/4.9/libs/mips/libsupc++.a]
    arg [-lgcc] ==> lib [gcc]
    arg [-lc] ==> lib [c]
    arg [-ldl] ==> lib [dl]
    arg [-lgcc] ==> lib [gcc]
    arg [/Users/Chao/android-ndk-r10e/platforms/android-9/arch-mips/usr/lib/crtend_android.o] ==> ignore
  collapse library dir [/libs/mips] ==> [/libs/mips]
  collapse library dir [/Users/Chao/android-ndk-r10e/toolchains/mipsel-linux-android-4.9/prebuilt/darwin-x86_64/bin/../lib/gcc/mipsel-linux-android/4.9] ==> [/Users/Chao/android-ndk-r10e/toolchains/mipsel-linux-android-4.9/prebuilt/darwin-x86_64/lib/gcc/mipsel-linux-android/4.9]
  collapse library dir [/Users/Chao/android-ndk-r10e/toolchains/mipsel-linux-android-4.9/prebuilt/darwin-x86_64/bin/../lib/gcc] ==> [/Users/Chao/android-ndk-r10e/toolchains/mipsel-linux-android-4.9/prebuilt/darwin-x86_64/lib/gcc]
  collapse library dir [/Users/Chao/android-ndk-r10e/toolchains/mipsel-linux-android-4.9/prebuilt/darwin-x86_64/bin/../lib/gcc/mipsel-linux-android/4.9/../../../../mipsel-linux-android/lib] ==> [/Users/Chao/android-ndk-r10e/toolchains/mipsel-linux-android-4.9/prebuilt/darwin-x86_64/mipsel-linux-android/lib]
  collapse library dir [/Users/Chao/android-ndk-r10e/platforms/android-9/arch-mips/usr/lib] ==> [/Users/Chao/android-ndk-r10e/platforms/android-9/arch-mips/usr/lib]
  implicit libs: [/Users/Chao/android-ndk-r10e/sources/cxx-stl/gnu-libstdc++/4.9/libs/mips/libsupc++.a;gcc;c;dl;gcc]
  implicit dirs: [/libs/mips;/Users/Chao/android-ndk-r10e/toolchains/mipsel-linux-android-4.9/prebuilt/darwin-x86_64/lib/gcc/mipsel-linux-android/4.9;/Users/Chao/android-ndk-r10e/toolchains/mipsel-linux-android-4.9/prebuilt/darwin-x86_64/lib/gcc;/Users/Chao/android-ndk-r10e/toolchains/mipsel-linux-android-4.9/prebuilt/darwin-x86_64/mipsel-linux-android/lib;/Users/Chao/android-ndk-r10e/platforms/android-9/arch-mips/usr/lib]
  implicit fwks: []




Detecting C [-std=c11] compiler features compiled with the following output:
Change Dir: /Users/Chao/opencv/build/build_service_mips/CMakeFiles/CMakeTmp

Run Build Command:"/usr/local/bin/ninja" "cmTC_cde2d"
[1/2] Building C object CMakeFiles/cmTC_cde2d.dir/feature_tests.c.o
[2/2] Linking C executable cmTC_cde2d


    Feature record: C_FEATURE:1c_function_prototypes
    Feature record: C_FEATURE:1c_restrict
    Feature record: C_FEATURE:1c_static_assert
    Feature record: C_FEATURE:1c_variadic_macros


Detecting C [-std=c99] compiler features compiled with the following output:
Change Dir: /Users/Chao/opencv/build/build_service_mips/CMakeFiles/CMakeTmp

Run Build Command:"/usr/local/bin/ninja" "cmTC_5d4e9"
[1/2] Building C object CMakeFiles/cmTC_5d4e9.dir/feature_tests.c.o
[2/2] Linking C executable cmTC_5d4e9


    Feature record: C_FEATURE:1c_function_prototypes
    Feature record: C_FEATURE:1c_restrict
    Feature record: C_FEATURE:0c_static_assert
    Feature record: C_FEATURE:1c_variadic_macros


Detecting C [-std=c90] compiler features compiled with the following output:
Change Dir: /Users/Chao/opencv/build/build_service_mips/CMakeFiles/CMakeTmp

Run Build Command:"/usr/local/bin/ninja" "cmTC_9cd3f"
[1/2] Building C object CMakeFiles/cmTC_9cd3f.dir/feature_tests.c.o
[2/2] Linking C executable cmTC_9cd3f


    Feature record: C_FEATURE:1c_function_prototypes
    Feature record: C_FEATURE:0c_restrict
    Feature record: C_FEATURE:0c_static_assert
    Feature record: C_FEATURE:0c_variadic_macros
Determining if the include file pthread.h exists passed with the following output:
Change Dir: /Users/Chao/opencv/build/build_service_mips/CMakeFiles/CMakeTmp

Run Build Command:"/usr/local/bin/ninja" "cmTC_e3e1e"
[1/2] Building C object CMakeFiles/cmTC_e3e1e.dir/CheckIncludeFile.c.o
[2/2] Linking C executable cmTC_e3e1e


Determining if the include file malloc.h exists passed with the following output:
Change Dir: /Users/Chao/opencv/build/build_service_mips/CMakeFiles/CMakeTmp

Run Build Command:"/usr/local/bin/ninja" "cmTC_0857d"
[1/2] Building C object CMakeFiles/cmTC_0857d.dir/CheckIncludeFile.c.o
[2/2] Linking C executable cmTC_0857d


Determining if the memalign exist passed with the following output:
Change Dir: /Users/Chao/opencv/build/build_service_mips/CMakeFiles/CMakeTmp

Run Build Command:"/usr/local/bin/ninja" "cmTC_976db"
[1/2] Building C object CMakeFiles/cmTC_976db.dir/CheckSymbolExists.c.o
[2/2] Linking C executable cmTC_976db

File /Users/Chao/opencv/build/build_service_mips/CMakeFiles/CMakeTmp/CheckSymbolExists.c:
/* */
#include <malloc.h>

int main(int argc, char** argv)
{
  (void)argv;
#ifndef memalign
  return ((int*)(&memalign))[argc];
#else
  (void)argc;
  return 0;
#endif
}

Determining if the include file sys/types.h exists passed with the following output:
Change Dir: /Users/Chao/opencv/build/build_service_mips/CMakeFiles/CMakeTmp

Run Build Command:"/usr/local/bin/ninja" "cmTC_2a8ef"
[1/2] Building C object CMakeFiles/cmTC_2a8ef.dir/CheckIncludeFile.c.o
[2/2] Linking C executable cmTC_2a8ef


Determining if the include file stdint.h exists passed with the following output:
Change Dir: /Users/Chao/opencv/build/build_service_mips/CMakeFiles/CMakeTmp

Run Build Command:"/usr/local/bin/ninja" "cmTC_9c0bb"
[1/2] Building C object CMakeFiles/cmTC_9c0bb.dir/CheckIncludeFile.c.o
[2/2] Linking C executable cmTC_9c0bb


Determining if the include file stddef.h exists passed with the following output:
Change Dir: /Users/Chao/opencv/build/build_service_mips/CMakeFiles/CMakeTmp

Run Build Command:"/usr/local/bin/ninja" "cmTC_1fc4e"
[1/2] Building C object CMakeFiles/cmTC_1fc4e.dir/CheckIncludeFile.c.o
[2/2] Linking C executable cmTC_1fc4e


Determining size of unsigned short passed with the following output:
Change Dir: /Users/Chao/opencv/build/build_service_mips/CMakeFiles/CMakeTmp

Run Build Command:"/usr/local/bin/ninja" "cmTC_fbf30"
[1/2] Building C object CMakeFiles/cmTC_fbf30.dir/CMAKE_SIZEOF_UNSIGNED_SHORT.c.o
[2/2] Linking C executable cmTC_fbf30


Determining if the system is big endian passed with the following output:
Change Dir: /Users/Chao/opencv/build/build_service_mips/CMakeFiles/CMakeTmp

Run Build Command:"/usr/local/bin/ninja" "cmTC_e52ce"
[1/2] Building C object CMakeFiles/cmTC_e52ce.dir/TestEndianess.c.o
[2/2] Linking C executable cmTC_e52ce

TestEndianess.c:
/* A 16 bit integer is required. */
typedef unsigned short cmakeint16;

/* On a little endian machine, these 16bit ints will give "THIS IS LITTLE ENDIAN."
   On a big endian machine the characters will be exchanged pairwise. */
const cmakeint16 info_little[] =  {0x4854, 0x5349, 0x4920, 0x2053, 0x494c, 0x5454, 0x454c, 0x4520, 0x444e, 0x4149, 0x2e4e, 0x0000};

/* on a big endian machine, these 16bit ints will give "THIS IS BIG ENDIAN."
   On a little endian machine the characters will be exchanged pairwise. */
const cmakeint16 info_big[] =     {0x5448, 0x4953, 0x2049, 0x5320, 0x4249, 0x4720, 0x454e, 0x4449, 0x414e, 0x2e2e, 0x0000};

#ifdef __CLASSIC_C__
int main(argc, argv) int argc; char *argv[];
#else
int main(int argc, char *argv[])
#endif
{
  int require = 0;
  require += info_little[argc];
  require += info_big[argc];
  (void)argv;
  return require;
}


Determining if the include file assert.h exists passed with the following output:
Change Dir: /Users/Chao/opencv/build/build_service_mips/CMakeFiles/CMakeTmp

Run Build Command:"/usr/local/bin/ninja" "cmTC_435b0"
[1/2] Building C object CMakeFiles/cmTC_435b0.dir/CheckIncludeFile.c.o
[2/2] Linking C executable cmTC_435b0


Determining if the include file fcntl.h exists passed with the following output:
Change Dir: /Users/Chao/opencv/build/build_service_mips/CMakeFiles/CMakeTmp

Run Build Command:"/usr/local/bin/ninja" "cmTC_6c301"
[1/2] Building C object CMakeFiles/cmTC_6c301.dir/CheckIncludeFile.c.o
[2/2] Linking C executable cmTC_6c301


Determining if the include file string.h exists passed with the following output:
Change Dir: /Users/Chao/opencv/build/build_service_mips/CMakeFiles/CMakeTmp

Run Build Command:"/usr/local/bin/ninja" "cmTC_925e8"
[1/2] Building C object CMakeFiles/cmTC_925e8.dir/CheckIncludeFile.c.o
[2/2] Linking C executable cmTC_925e8


Determining if the include file unistd.h exists passed with the following output:
Change Dir: /Users/Chao/opencv/build/build_service_mips/CMakeFiles/CMakeTmp

Run Build Command:"/usr/local/bin/ninja" "cmTC_54221"
[1/2] Building C object CMakeFiles/cmTC_54221.dir/CheckIncludeFile.c.o
[2/2] Linking C executable cmTC_54221


Determining if the function mmap exists passed with the following output:
Change Dir: /Users/Chao/opencv/build/build_service_mips/CMakeFiles/CMakeTmp

Run Build Command:"/usr/local/bin/ninja" "cmTC_78204"
[1/2] Building C object CMakeFiles/cmTC_78204.dir/CheckFunctionExists.c.o
[2/2] Linking C executable cmTC_78204


Determining if the include file semaphore.h exists passed with the following output:
Change Dir: /Users/Chao/opencv/build/build_service_mips/CMakeFiles/CMakeTmp

Run Build Command:"/usr/local/bin/ninja" "cmTC_ced5a"
[1/2] Building C object CMakeFiles/cmTC_ced5a.dir/CheckIncludeFile.c.o
[2/2] Linking C executable cmTC_ced5a


